[0.089s] Invoking command in '/home/mobilehri/mobilehri_ws/build/ydlidar_ros2_driver': CMAKE_PREFIX_PATH=/home/mobilehri/mobilehri_ws/install/picamera:/home/mobilehri/mobilehri_ws/install/my_package:/home/mobilehri/mobilehri_ws/install/mobile_robot_control:/home/mobilehri/mobilehri_ws/install/joy_teleop_keymapping:/opt/ros/humble /usr/bin/cmake /home/mobilehri/mobilehri_ws/src/mobilehri2023/ydlidar_ros2_driver -DCMAKE_INSTALL_PREFIX=/home/mobilehri/mobilehri_ws/install/ydlidar_ros2_driver
[0.234s] -- Found ament_cmake: 1.3.3 (/opt/ros/humble/share/ament_cmake/cmake)
[2.225s] -- Found rclcpp: 16.0.2 (/opt/ros/humble/share/rclcpp/cmake)
[2.541s] -- Found rosidl_generator_c: 3.1.4 (/opt/ros/humble/share/rosidl_generator_c/cmake)
[2.556s] -- Found rosidl_adapter: 3.1.4 (/opt/ros/humble/share/rosidl_adapter/cmake)
[2.591s] -- Found rosidl_generator_cpp: 3.1.4 (/opt/ros/humble/share/rosidl_generator_cpp/cmake)
[2.661s] -- Using all available rosidl_typesupport_c: rosidl_typesupport_fastrtps_c;rosidl_typesupport_introspection_c
[2.760s] -- Using all available rosidl_typesupport_cpp: rosidl_typesupport_fastrtps_cpp;rosidl_typesupport_introspection_cpp
[3.098s] -- Found rmw_implementation_cmake: 6.1.1 (/opt/ros/humble/share/rmw_implementation_cmake/cmake)
[3.111s] -- Found rmw_fastrtps_cpp: 6.2.2 (/opt/ros/humble/share/rmw_fastrtps_cpp/cmake)
[4.532s] -- Using RMW implementation 'rmw_fastrtps_cpp' as default
[5.382s] -- Found sensor_msgs: 4.2.2 (/opt/ros/humble/share/sensor_msgs/cmake)
[6.015s] -- Found visualization_msgs: 4.2.2 (/opt/ros/humble/share/visualization_msgs/cmake)
[6.607s] -- Found std_srvs: 4.2.2 (/opt/ros/humble/share/std_srvs/cmake)
[6.927s] [31mCMake Error at CMakeLists.txt:25 (find_package):
[6.928s]   By not providing "Findydlidar_sdk.cmake" in CMAKE_MODULE_PATH this project
[6.929s]   has asked CMake to find a package configuration file provided by
[6.930s]   "ydlidar_sdk", but CMake did not find one.
[6.931s] 
[6.932s]   Could not find a package configuration file provided by "ydlidar_sdk" with
[6.932s]   any of the following names:
[6.934s] 
[6.935s]     ydlidar_sdkConfig.cmake
[6.936s]     ydlidar_sdk-config.cmake
[6.937s] 
[6.938s]   Add the installation prefix of "ydlidar_sdk" to CMAKE_PREFIX_PATH or set
[6.939s]   "ydlidar_sdk_DIR" to a directory containing one of the above files.  If
[6.940s]   "ydlidar_sdk" provides a separate development package or SDK, be sure it
[6.941s]   has been installed.
[6.943s] 
[6.944s] [0m
[6.946s] -- Configuring incomplete, errors occurred!
[6.947s] See also "/home/mobilehri/mobilehri_ws/build/ydlidar_ros2_driver/CMakeFiles/CMakeOutput.log".
[6.989s] Invoked command in '/home/mobilehri/mobilehri_ws/build/ydlidar_ros2_driver' returned '1': CMAKE_PREFIX_PATH=/home/mobilehri/mobilehri_ws/install/picamera:/home/mobilehri/mobilehri_ws/install/my_package:/home/mobilehri/mobilehri_ws/install/mobile_robot_control:/home/mobilehri/mobilehri_ws/install/joy_teleop_keymapping:/opt/ros/humble /usr/bin/cmake /home/mobilehri/mobilehri_ws/src/mobilehri2023/ydlidar_ros2_driver -DCMAKE_INSTALL_PREFIX=/home/mobilehri/mobilehri_ws/install/ydlidar_ros2_driver
