[12.400s] Invoking command in '/home/mobilehri/mobilehri_ws/src/mobilehri2023/picamera': PYTHONPATH=/home/mobilehri/mobilehri_ws/build/picamera/prefix_override:/home/mobilehri/mobilehri_ws/install/picamera/lib/python3.10/site-packages:${PYTHONPATH} /usr/bin/python3 setup.py egg_info --egg-base ../../../build/picamera build --build-base /home/mobilehri/mobilehri_ws/build/picamera/build install --record /home/mobilehri/mobilehri_ws/build/picamera/install.log --single-version-externally-managed
[14.591s] running egg_info
[14.596s] writing ../../../build/picamera/picamera.egg-info/PKG-INFO
[14.605s] writing dependency_links to ../../../build/picamera/picamera.egg-info/dependency_links.txt
[14.606s] writing entry points to ../../../build/picamera/picamera.egg-info/entry_points.txt
[14.607s] writing requirements to ../../../build/picamera/picamera.egg-info/requires.txt
[14.608s] writing top-level names to ../../../build/picamera/picamera.egg-info/top_level.txt
[14.631s] reading manifest file '../../../build/picamera/picamera.egg-info/SOURCES.txt'
[14.647s] /usr/lib/python3/dist-packages/setuptools/command/install.py:34: SetuptoolsDeprecationWarning: setup.py install is deprecated. Use build and pip and other standards-based tools.
[14.648s]   warnings.warn(
[14.649s] writing manifest file '../../../build/picamera/picamera.egg-info/SOURCES.txt'
[14.650s] running build
[14.650s] running build_py
[14.651s] running install
[14.653s] running install_lib
[14.659s] running install_data
[14.664s] running install_egg_info
[14.676s] removing '/home/mobilehri/mobilehri_ws/install/picamera/lib/python3.10/site-packages/picamera-0.0.0-py3.10.egg-info' (and everything under it)
[14.678s] Copying ../../../build/picamera/picamera.egg-info to /home/mobilehri/mobilehri_ws/install/picamera/lib/python3.10/site-packages/picamera-0.0.0-py3.10.egg-info
[14.688s] running install_scripts
[14.916s] Installing picamera_node script to /home/mobilehri/mobilehri_ws/install/picamera/lib/picamera
[14.932s] writing list of installed files to '/home/mobilehri/mobilehri_ws/build/picamera/install.log'
[15.441s] Invoked command in '/home/mobilehri/mobilehri_ws/src/mobilehri2023/picamera' returned '0': PYTHONPATH=/home/mobilehri/mobilehri_ws/build/picamera/prefix_override:/home/mobilehri/mobilehri_ws/install/picamera/lib/python3.10/site-packages:${PYTHONPATH} /usr/bin/python3 setup.py egg_info --egg-base ../../../build/picamera build --build-base /home/mobilehri/mobilehri_ws/build/picamera/build install --record /home/mobilehri/mobilehri_ws/build/picamera/install.log --single-version-externally-managed
