[12.821s] Invoking command in '/home/mobilehri/mobilehri_ws/src/mobilehri2023/picamera': PYTHONPATH=/home/mobilehri/mobilehri_ws/build/picamera/prefix_override:/home/mobilehri/mobilehri_ws/install/picamera/lib/python3.10/site-packages:${PYTHONPATH} /usr/bin/python3 setup.py egg_info --egg-base ../../../build/picamera build --build-base /home/mobilehri/mobilehri_ws/build/picamera/build install --record /home/mobilehri/mobilehri_ws/build/picamera/install.log --single-version-externally-managed
[15.936s] /usr/lib/python3/dist-packages/setuptools/command/install.py:34: SetuptoolsDeprecationWarning: setup.py install is deprecated. Use build and pip and other standards-based tools.
[15.938s]   warnings.warn(
[15.939s] running egg_info
[15.939s] writing ../../../build/picamera/picamera.egg-info/PKG-INFO
[15.960s] writing dependency_links to ../../../build/picamera/picamera.egg-info/dependency_links.txt
[15.961s] writing entry points to ../../../build/picamera/picamera.egg-info/entry_points.txt
[15.961s] writing requirements to ../../../build/picamera/picamera.egg-info/requires.txt
[15.962s] writing top-level names to ../../../build/picamera/picamera.egg-info/top_level.txt
[15.962s] reading manifest file '../../../build/picamera/picamera.egg-info/SOURCES.txt'
[15.963s] writing manifest file '../../../build/picamera/picamera.egg-info/SOURCES.txt'
[15.964s] running build
[15.964s] running build_py
[15.965s] running install
[15.965s] running install_lib
[15.966s] running install_data
[15.966s] running install_egg_info
[15.967s] removing '/home/mobilehri/mobilehri_ws/install/picamera/lib/python3.10/site-packages/picamera-0.0.0-py3.10.egg-info' (and everything under it)
[16.028s] Copying ../../../build/picamera/picamera.egg-info to /home/mobilehri/mobilehri_ws/install/picamera/lib/python3.10/site-packages/picamera-0.0.0-py3.10.egg-info
[16.029s] running install_scripts
[16.206s] Installing picamera_node script to /home/mobilehri/mobilehri_ws/install/picamera/lib/picamera
[16.208s] writing list of installed files to '/home/mobilehri/mobilehri_ws/build/picamera/install.log'
[16.442s] Invoked command in '/home/mobilehri/mobilehri_ws/src/mobilehri2023/picamera' returned '0': PYTHONPATH=/home/mobilehri/mobilehri_ws/build/picamera/prefix_override:/home/mobilehri/mobilehri_ws/install/picamera/lib/python3.10/site-packages:${PYTHONPATH} /usr/bin/python3 setup.py egg_info --egg-base ../../../build/picamera build --build-base /home/mobilehri/mobilehri_ws/build/picamera/build install --record /home/mobilehri/mobilehri_ws/build/picamera/install.log --single-version-externally-managed
