[11.944s] Invoking command in '/home/mobilehri/mobilehri_ws/src/mobilehri2023/picamera': PYTHONPATH=/home/mobilehri/mobilehri_ws/build/picamera/prefix_override:/home/mobilehri/mobilehri_ws/install/picamera/lib/python3.10/site-packages:${PYTHONPATH} /usr/bin/python3 setup.py egg_info --egg-base ../../../build/picamera build --build-base /home/mobilehri/mobilehri_ws/build/picamera/build install --record /home/mobilehri/mobilehri_ws/build/picamera/install.log --single-version-externally-managed
[15.733s] running egg_info
[15.740s] writing ../../../build/picamera/picamera.egg-info/PKG-INFO
[15.743s] writing dependency_links to ../../../build/picamera/picamera.egg-info/dependency_links.txt
[15.751s] writing entry points to ../../../build/picamera/picamera.egg-info/entry_points.txt
[15.753s] writing requirements to ../../../build/picamera/picamera.egg-info/requires.txt
[15.753s] writing top-level names to ../../../build/picamera/picamera.egg-info/top_level.txt
[15.754s] reading manifest file '../../../build/picamera/picamera.egg-info/SOURCES.txt'
[15.757s] writing manifest file '../../../build/picamera/picamera.egg-info/SOURCES.txt'
[15.758s] running build
[15.759s] running build_py
[15.761s] running install
[15.762s] /usr/lib/python3/dist-packages/setuptools/command/install.py:34: SetuptoolsDeprecationWarning: setup.py install is deprecated. Use build and pip and other standards-based tools.
[15.763s]   warnings.warn(
[15.766s] running install_lib
[15.771s] running install_data
[15.774s] running install_egg_info
[15.783s] removing '/home/mobilehri/mobilehri_ws/install/picamera/lib/python3.10/site-packages/picamera-0.0.0-py3.10.egg-info' (and everything under it)
[15.786s] Copying ../../../build/picamera/picamera.egg-info to /home/mobilehri/mobilehri_ws/install/picamera/lib/python3.10/site-packages/picamera-0.0.0-py3.10.egg-info
[15.795s] running install_scripts
[15.914s] Installing picamera_node script to /home/mobilehri/mobilehri_ws/install/picamera/lib/picamera
[15.916s] writing list of installed files to '/home/mobilehri/mobilehri_ws/build/picamera/install.log'
[16.093s] Invoked command in '/home/mobilehri/mobilehri_ws/src/mobilehri2023/picamera' returned '0': PYTHONPATH=/home/mobilehri/mobilehri_ws/build/picamera/prefix_override:/home/mobilehri/mobilehri_ws/install/picamera/lib/python3.10/site-packages:${PYTHONPATH} /usr/bin/python3 setup.py egg_info --egg-base ../../../build/picamera build --build-base /home/mobilehri/mobilehri_ws/build/picamera/build install --record /home/mobilehri/mobilehri_ws/build/picamera/install.log --single-version-externally-managed
