[18.246s] Invoking command in '/home/mobilehri/mobilehri_ws/src/mobilehri2023/picamera': PYTHONPATH=/home/mobilehri/mobilehri_ws/build/picamera/prefix_override:/home/mobilehri/mobilehri_ws/install/picamera/lib/python3.10/site-packages:${PYTHONPATH} /usr/bin/python3 setup.py egg_info --egg-base ../../../build/picamera build --build-base /home/mobilehri/mobilehri_ws/build/picamera/build install --record /home/mobilehri/mobilehri_ws/build/picamera/install.log --single-version-externally-managed
[21.149s] running egg_info
[21.177s] writing ../../../build/picamera/picamera.egg-info/PKG-INFO
[21.201s] writing dependency_links to ../../../build/picamera/picamera.egg-info/dependency_links.txt
[21.202s] writing entry points to ../../../build/picamera/picamera.egg-info/entry_points.txt
[21.203s] writing requirements to ../../../build/picamera/picamera.egg-info/requires.txt
[21.204s] writing top-level names to ../../../build/picamera/picamera.egg-info/top_level.txt
[21.218s] /usr/lib/python3/dist-packages/setuptools/command/install.py:34: SetuptoolsDeprecationWarning: setup.py install is deprecated. Use build and pip and other standards-based tools.
[21.229s]   warnings.warn(
[21.229s] reading manifest file '../../../build/picamera/picamera.egg-info/SOURCES.txt'
[21.249s] writing manifest file '../../../build/picamera/picamera.egg-info/SOURCES.txt'
[21.264s] running build
[21.283s] running build_py
[21.284s] running install
[21.286s] running install_lib
[21.313s] running install_data
[21.322s] running install_egg_info
[21.323s] removing '/home/mobilehri/mobilehri_ws/install/picamera/lib/python3.10/site-packages/picamera-0.0.0-py3.10.egg-info' (and everything under it)
[21.324s] Copying ../../../build/picamera/picamera.egg-info to /home/mobilehri/mobilehri_ws/install/picamera/lib/python3.10/site-packages/picamera-0.0.0-py3.10.egg-info
[21.325s] running install_scripts
[21.530s] Installing picamera_node script to /home/mobilehri/mobilehri_ws/install/picamera/lib/picamera
[21.545s] writing list of installed files to '/home/mobilehri/mobilehri_ws/build/picamera/install.log'
[21.753s] Invoked command in '/home/mobilehri/mobilehri_ws/src/mobilehri2023/picamera' returned '0': PYTHONPATH=/home/mobilehri/mobilehri_ws/build/picamera/prefix_override:/home/mobilehri/mobilehri_ws/install/picamera/lib/python3.10/site-packages:${PYTHONPATH} /usr/bin/python3 setup.py egg_info --egg-base ../../../build/picamera build --build-base /home/mobilehri/mobilehri_ws/build/picamera/build install --record /home/mobilehri/mobilehri_ws/build/picamera/install.log --single-version-externally-managed
