[2.307s] DEBUG:colcon:Command line arguments: ['/usr/bin/colcon', 'build']
[2.307s] DEBUG:colcon:Parsed command line arguments: Namespace(log_base=None, log_level=None, verb_name='build', build_base='build', install_base='install', merge_install=False, symlink_install=False, test_result_base=None, continue_on_error=False, executor='parallel', parallel_workers=4, event_handlers=None, ignore_user_meta=False, metas=['./colcon.meta'], base_paths=['.'], packages_ignore=None, packages_ignore_regex=None, paths=None, packages_up_to=None, packages_up_to_regex=None, packages_above=None, packages_above_and_dependencies=None, packages_above_depth=None, packages_select_by_dep=None, packages_skip_by_dep=None, packages_skip_up_to=None, packages_select_build_failed=False, packages_skip_build_finished=False, packages_select_test_failures=False, packages_skip_test_passed=False, packages_select=None, packages_skip=None, packages_select_regex=None, packages_skip_regex=None, packages_start=None, packages_end=None, allow_overriding=[], cmake_args=None, cmake_target=None, cmake_target_skip_unavailable=False, cmake_clean_cache=False, cmake_clean_first=False, cmake_force_configure=False, ament_cmake_args=None, catkin_cmake_args=None, catkin_skip_building_tests=False, verb_parser=<colcon_defaults.argument_parser.defaults.DefaultArgumentsDecorator object at 0xffff9775d4b0>, verb_extension=<colcon_core.verb.build.BuildVerb object at 0xffff9816ed70>, main=<bound method BuildVerb.main of <colcon_core.verb.build.BuildVerb object at 0xffff9816ed70>>)
[2.442s] Level 1:colcon.colcon_core.package_discovery:discover_packages(colcon_meta) check parameters
[2.442s] Level 1:colcon.colcon_core.package_discovery:discover_packages(recursive) check parameters
[2.442s] Level 1:colcon.colcon_core.package_discovery:discover_packages(ignore) check parameters
[2.443s] Level 1:colcon.colcon_core.package_discovery:discover_packages(path) check parameters
[2.443s] Level 1:colcon.colcon_core.package_discovery:discover_packages(colcon_meta) discover
[2.443s] Level 1:colcon.colcon_core.package_discovery:discover_packages(recursive) discover
[2.443s] INFO:colcon.colcon_core.package_discovery:Crawling recursively for packages in '/home/mobilehri/mobilehri_ws'
[2.444s] Level 1:colcon.colcon_core.package_identification:_identify(.) by extensions ['ignore', 'ignore_ament_install']
[2.444s] Level 1:colcon.colcon_core.package_identification:_identify(.) by extension 'ignore'
[2.444s] Level 1:colcon.colcon_core.package_identification:_identify(.) by extension 'ignore_ament_install'
[2.445s] Level 1:colcon.colcon_core.package_identification:_identify(.) by extensions ['colcon_pkg']
[2.445s] Level 1:colcon.colcon_core.package_identification:_identify(.) by extension 'colcon_pkg'
[2.445s] Level 1:colcon.colcon_core.package_identification:_identify(.) by extensions ['colcon_meta']
[2.445s] Level 1:colcon.colcon_core.package_identification:_identify(.) by extension 'colcon_meta'
[2.446s] Level 1:colcon.colcon_core.package_identification:_identify(.) by extensions ['ros']
[2.446s] Level 1:colcon.colcon_core.package_identification:_identify(.) by extension 'ros'
[2.510s] Level 1:colcon.colcon_core.package_identification:_identify(.) by extensions ['cmake', 'python']
[2.511s] Level 1:colcon.colcon_core.package_identification:_identify(.) by extension 'cmake'
[2.511s] Level 1:colcon.colcon_core.package_identification:_identify(.) by extension 'python'
[2.511s] Level 1:colcon.colcon_core.package_identification:_identify(.) by extensions ['python_setup_py']
[2.512s] Level 1:colcon.colcon_core.package_identification:_identify(.) by extension 'python_setup_py'
[2.513s] Level 1:colcon.colcon_core.package_identification:_identify(build) by extensions ['ignore', 'ignore_ament_install']
[2.513s] Level 1:colcon.colcon_core.package_identification:_identify(build) by extension 'ignore'
[2.514s] Level 1:colcon.colcon_core.package_identification:_identify(build) ignored
[2.515s] Level 1:colcon.colcon_core.package_identification:_identify(install) by extensions ['ignore', 'ignore_ament_install']
[2.516s] Level 1:colcon.colcon_core.package_identification:_identify(install) by extension 'ignore'
[2.516s] Level 1:colcon.colcon_core.package_identification:_identify(install) ignored
[2.517s] Level 1:colcon.colcon_core.package_identification:_identify(log) by extensions ['ignore', 'ignore_ament_install']
[2.518s] Level 1:colcon.colcon_core.package_identification:_identify(log) by extension 'ignore'
[2.518s] Level 1:colcon.colcon_core.package_identification:_identify(log) ignored
[2.518s] Level 1:colcon.colcon_core.package_identification:_identify(src) by extensions ['ignore', 'ignore_ament_install']
[2.519s] Level 1:colcon.colcon_core.package_identification:_identify(src) by extension 'ignore'
[2.519s] Level 1:colcon.colcon_core.package_identification:_identify(src) by extension 'ignore_ament_install'
[2.520s] Level 1:colcon.colcon_core.package_identification:_identify(src) by extensions ['colcon_pkg']
[2.520s] Level 1:colcon.colcon_core.package_identification:_identify(src) by extension 'colcon_pkg'
[2.520s] Level 1:colcon.colcon_core.package_identification:_identify(src) by extensions ['colcon_meta']
[2.520s] Level 1:colcon.colcon_core.package_identification:_identify(src) by extension 'colcon_meta'
[2.521s] Level 1:colcon.colcon_core.package_identification:_identify(src) by extensions ['ros']
[2.521s] Level 1:colcon.colcon_core.package_identification:_identify(src) by extension 'ros'
[2.521s] Level 1:colcon.colcon_core.package_identification:_identify(src) by extensions ['cmake', 'python']
[2.522s] Level 1:colcon.colcon_core.package_identification:_identify(src) by extension 'cmake'
[2.522s] Level 1:colcon.colcon_core.package_identification:_identify(src) by extension 'python'
[2.522s] Level 1:colcon.colcon_core.package_identification:_identify(src) by extensions ['python_setup_py']
[2.523s] Level 1:colcon.colcon_core.package_identification:_identify(src) by extension 'python_setup_py'
[2.523s] Level 1:colcon.colcon_core.package_identification:_identify(src/mobilehri2023) by extensions ['ignore', 'ignore_ament_install']
[2.524s] Level 1:colcon.colcon_core.package_identification:_identify(src/mobilehri2023) by extension 'ignore'
[2.524s] Level 1:colcon.colcon_core.package_identification:_identify(src/mobilehri2023) by extension 'ignore_ament_install'
[2.525s] Level 1:colcon.colcon_core.package_identification:_identify(src/mobilehri2023) by extensions ['colcon_pkg']
[2.525s] Level 1:colcon.colcon_core.package_identification:_identify(src/mobilehri2023) by extension 'colcon_pkg'
[2.526s] Level 1:colcon.colcon_core.package_identification:_identify(src/mobilehri2023) by extensions ['colcon_meta']
[2.526s] Level 1:colcon.colcon_core.package_identification:_identify(src/mobilehri2023) by extension 'colcon_meta'
[2.526s] Level 1:colcon.colcon_core.package_identification:_identify(src/mobilehri2023) by extensions ['ros']
[2.527s] Level 1:colcon.colcon_core.package_identification:_identify(src/mobilehri2023) by extension 'ros'
[2.528s] Level 1:colcon.colcon_core.package_identification:_identify(src/mobilehri2023) by extensions ['cmake', 'python']
[2.528s] Level 1:colcon.colcon_core.package_identification:_identify(src/mobilehri2023) by extension 'cmake'
[2.528s] Level 1:colcon.colcon_core.package_identification:_identify(src/mobilehri2023) by extension 'python'
[2.529s] Level 1:colcon.colcon_core.package_identification:_identify(src/mobilehri2023) by extensions ['python_setup_py']
[2.529s] Level 1:colcon.colcon_core.package_identification:_identify(src/mobilehri2023) by extension 'python_setup_py'
[2.530s] Level 1:colcon.colcon_core.package_identification:_identify(src/mobilehri2023/joy_teleop_keymapping) by extensions ['ignore', 'ignore_ament_install']
[2.531s] Level 1:colcon.colcon_core.package_identification:_identify(src/mobilehri2023/joy_teleop_keymapping) by extension 'ignore'
[2.531s] Level 1:colcon.colcon_core.package_identification:_identify(src/mobilehri2023/joy_teleop_keymapping) by extension 'ignore_ament_install'
[2.532s] Level 1:colcon.colcon_core.package_identification:_identify(src/mobilehri2023/joy_teleop_keymapping) by extensions ['colcon_pkg']
[2.532s] Level 1:colcon.colcon_core.package_identification:_identify(src/mobilehri2023/joy_teleop_keymapping) by extension 'colcon_pkg'
[2.533s] Level 1:colcon.colcon_core.package_identification:_identify(src/mobilehri2023/joy_teleop_keymapping) by extensions ['colcon_meta']
[2.533s] Level 1:colcon.colcon_core.package_identification:_identify(src/mobilehri2023/joy_teleop_keymapping) by extension 'colcon_meta'
[2.533s] Level 1:colcon.colcon_core.package_identification:_identify(src/mobilehri2023/joy_teleop_keymapping) by extensions ['ros']
[2.534s] Level 1:colcon.colcon_core.package_identification:_identify(src/mobilehri2023/joy_teleop_keymapping) by extension 'ros'
[2.553s] DEBUG:colcon.colcon_core.package_identification:Package 'src/mobilehri2023/joy_teleop_keymapping' with type 'ros.ament_python' and name 'joy_teleop_keymapping'
[2.554s] Level 1:colcon.colcon_core.package_identification:_identify(src/mobilehri2023/mobile_robot_control) by extensions ['ignore', 'ignore_ament_install']
[2.555s] Level 1:colcon.colcon_core.package_identification:_identify(src/mobilehri2023/mobile_robot_control) by extension 'ignore'
[2.556s] Level 1:colcon.colcon_core.package_identification:_identify(src/mobilehri2023/mobile_robot_control) by extension 'ignore_ament_install'
[2.556s] Level 1:colcon.colcon_core.package_identification:_identify(src/mobilehri2023/mobile_robot_control) by extensions ['colcon_pkg']
[2.557s] Level 1:colcon.colcon_core.package_identification:_identify(src/mobilehri2023/mobile_robot_control) by extension 'colcon_pkg'
[2.557s] Level 1:colcon.colcon_core.package_identification:_identify(src/mobilehri2023/mobile_robot_control) by extensions ['colcon_meta']
[2.558s] Level 1:colcon.colcon_core.package_identification:_identify(src/mobilehri2023/mobile_robot_control) by extension 'colcon_meta'
[2.558s] Level 1:colcon.colcon_core.package_identification:_identify(src/mobilehri2023/mobile_robot_control) by extensions ['ros']
[2.558s] Level 1:colcon.colcon_core.package_identification:_identify(src/mobilehri2023/mobile_robot_control) by extension 'ros'
[2.562s] DEBUG:colcon.colcon_core.package_identification:Package 'src/mobilehri2023/mobile_robot_control' with type 'ros.ament_python' and name 'mobile_robot_control'
[2.563s] Level 1:colcon.colcon_core.package_identification:_identify(src/mobilehri2023/picamera) by extensions ['ignore', 'ignore_ament_install']
[2.564s] Level 1:colcon.colcon_core.package_identification:_identify(src/mobilehri2023/picamera) by extension 'ignore'
[2.564s] Level 1:colcon.colcon_core.package_identification:_identify(src/mobilehri2023/picamera) by extension 'ignore_ament_install'
[2.565s] Level 1:colcon.colcon_core.package_identification:_identify(src/mobilehri2023/picamera) by extensions ['colcon_pkg']
[2.565s] Level 1:colcon.colcon_core.package_identification:_identify(src/mobilehri2023/picamera) by extension 'colcon_pkg'
[2.565s] Level 1:colcon.colcon_core.package_identification:_identify(src/mobilehri2023/picamera) by extensions ['colcon_meta']
[2.566s] Level 1:colcon.colcon_core.package_identification:_identify(src/mobilehri2023/picamera) by extension 'colcon_meta'
[2.566s] Level 1:colcon.colcon_core.package_identification:_identify(src/mobilehri2023/picamera) by extensions ['ros']
[2.567s] Level 1:colcon.colcon_core.package_identification:_identify(src/mobilehri2023/picamera) by extension 'ros'
[2.570s] DEBUG:colcon.colcon_core.package_identification:Package 'src/mobilehri2023/picamera' with type 'ros.ament_python' and name 'picamera'
[2.571s] Level 1:colcon.colcon_core.package_identification:_identify(src/mobilehri2023/ydlidar_ros2_driver) by extensions ['ignore', 'ignore_ament_install']
[2.572s] Level 1:colcon.colcon_core.package_identification:_identify(src/mobilehri2023/ydlidar_ros2_driver) by extension 'ignore'
[2.572s] Level 1:colcon.colcon_core.package_identification:_identify(src/mobilehri2023/ydlidar_ros2_driver) by extension 'ignore_ament_install'
[2.573s] Level 1:colcon.colcon_core.package_identification:_identify(src/mobilehri2023/ydlidar_ros2_driver) by extensions ['colcon_pkg']
[2.573s] Level 1:colcon.colcon_core.package_identification:_identify(src/mobilehri2023/ydlidar_ros2_driver) by extension 'colcon_pkg'
[2.574s] Level 1:colcon.colcon_core.package_identification:_identify(src/mobilehri2023/ydlidar_ros2_driver) by extensions ['colcon_meta']
[2.574s] Level 1:colcon.colcon_core.package_identification:_identify(src/mobilehri2023/ydlidar_ros2_driver) by extension 'colcon_meta'
[2.575s] Level 1:colcon.colcon_core.package_identification:_identify(src/mobilehri2023/ydlidar_ros2_driver) by extensions ['ros']
[2.575s] Level 1:colcon.colcon_core.package_identification:_identify(src/mobilehri2023/ydlidar_ros2_driver) by extension 'ros'
[2.584s] DEBUG:colcon.colcon_core.package_identification:Package 'src/mobilehri2023/ydlidar_ros2_driver' with type 'ros.ament_cmake' and name 'ydlidar_ros2_driver'
[2.585s] Level 1:colcon.colcon_core.package_identification:_identify(src/my_package) by extensions ['ignore', 'ignore_ament_install']
[2.586s] Level 1:colcon.colcon_core.package_identification:_identify(src/my_package) by extension 'ignore'
[2.586s] Level 1:colcon.colcon_core.package_identification:_identify(src/my_package) by extension 'ignore_ament_install'
[2.587s] Level 1:colcon.colcon_core.package_identification:_identify(src/my_package) by extensions ['colcon_pkg']
[2.587s] Level 1:colcon.colcon_core.package_identification:_identify(src/my_package) by extension 'colcon_pkg'
[2.587s] Level 1:colcon.colcon_core.package_identification:_identify(src/my_package) by extensions ['colcon_meta']
[2.587s] Level 1:colcon.colcon_core.package_identification:_identify(src/my_package) by extension 'colcon_meta'
[2.588s] Level 1:colcon.colcon_core.package_identification:_identify(src/my_package) by extensions ['ros']
[2.588s] Level 1:colcon.colcon_core.package_identification:_identify(src/my_package) by extension 'ros'
[2.592s] DEBUG:colcon.colcon_core.package_identification:Package 'src/my_package' with type 'ros.ament_python' and name 'my_package'
[2.592s] Level 1:colcon.colcon_core.package_discovery:discover_packages(recursive) using defaults
[2.593s] Level 1:colcon.colcon_core.package_discovery:discover_packages(ignore) discover
[2.593s] Level 1:colcon.colcon_core.package_discovery:discover_packages(ignore) using defaults
[2.593s] Level 1:colcon.colcon_core.package_discovery:discover_packages(path) discover
[2.593s] Level 1:colcon.colcon_core.package_discovery:discover_packages(path) using defaults
[2.722s] Level 1:colcon.colcon_core.package_discovery:discover_packages(prefix_path) check parameters
[2.722s] Level 1:colcon.colcon_core.package_discovery:discover_packages(prefix_path) discover
[2.748s] DEBUG:colcon.colcon_installed_package_information.package_discovery:Found 315 installed packages in /opt/ros/humble
[2.757s] Level 1:colcon.colcon_core.package_discovery:discover_packages(prefix_path) using defaults
[3.213s] Level 5:colcon.colcon_core.verb:set package 'joy_teleop_keymapping' build argument 'cmake_args' from command line to 'None'
[3.214s] Level 5:colcon.colcon_core.verb:set package 'joy_teleop_keymapping' build argument 'cmake_target' from command line to 'None'
[3.214s] Level 5:colcon.colcon_core.verb:set package 'joy_teleop_keymapping' build argument 'cmake_target_skip_unavailable' from command line to 'False'
[3.214s] Level 5:colcon.colcon_core.verb:set package 'joy_teleop_keymapping' build argument 'cmake_clean_cache' from command line to 'False'
[3.215s] Level 5:colcon.colcon_core.verb:set package 'joy_teleop_keymapping' build argument 'cmake_clean_first' from command line to 'False'
[3.215s] Level 5:colcon.colcon_core.verb:set package 'joy_teleop_keymapping' build argument 'cmake_force_configure' from command line to 'False'
[3.215s] Level 5:colcon.colcon_core.verb:set package 'joy_teleop_keymapping' build argument 'ament_cmake_args' from command line to 'None'
[3.215s] Level 5:colcon.colcon_core.verb:set package 'joy_teleop_keymapping' build argument 'catkin_cmake_args' from command line to 'None'
[3.216s] Level 5:colcon.colcon_core.verb:set package 'joy_teleop_keymapping' build argument 'catkin_skip_building_tests' from command line to 'False'
[3.216s] DEBUG:colcon.colcon_core.verb:Building package 'joy_teleop_keymapping' with the following arguments: {'ament_cmake_args': None, 'build_base': '/home/mobilehri/mobilehri_ws/build/joy_teleop_keymapping', 'catkin_cmake_args': None, 'catkin_skip_building_tests': False, 'cmake_args': None, 'cmake_clean_cache': False, 'cmake_clean_first': False, 'cmake_force_configure': False, 'cmake_target': None, 'cmake_target_skip_unavailable': False, 'install_base': '/home/mobilehri/mobilehri_ws/install/joy_teleop_keymapping', 'merge_install': False, 'path': '/home/mobilehri/mobilehri_ws/src/mobilehri2023/joy_teleop_keymapping', 'symlink_install': False, 'test_result_base': None}
[3.223s] Level 5:colcon.colcon_core.verb:set package 'mobile_robot_control' build argument 'cmake_args' from command line to 'None'
[3.223s] Level 5:colcon.colcon_core.verb:set package 'mobile_robot_control' build argument 'cmake_target' from command line to 'None'
[3.223s] Level 5:colcon.colcon_core.verb:set package 'mobile_robot_control' build argument 'cmake_target_skip_unavailable' from command line to 'False'
[3.224s] Level 5:colcon.colcon_core.verb:set package 'mobile_robot_control' build argument 'cmake_clean_cache' from command line to 'False'
[3.224s] Level 5:colcon.colcon_core.verb:set package 'mobile_robot_control' build argument 'cmake_clean_first' from command line to 'False'
[3.224s] Level 5:colcon.colcon_core.verb:set package 'mobile_robot_control' build argument 'cmake_force_configure' from command line to 'False'
[3.224s] Level 5:colcon.colcon_core.verb:set package 'mobile_robot_control' build argument 'ament_cmake_args' from command line to 'None'
[3.224s] Level 5:colcon.colcon_core.verb:set package 'mobile_robot_control' build argument 'catkin_cmake_args' from command line to 'None'
[3.225s] Level 5:colcon.colcon_core.verb:set package 'mobile_robot_control' build argument 'catkin_skip_building_tests' from command line to 'False'
[3.225s] DEBUG:colcon.colcon_core.verb:Building package 'mobile_robot_control' with the following arguments: {'ament_cmake_args': None, 'build_base': '/home/mobilehri/mobilehri_ws/build/mobile_robot_control', 'catkin_cmake_args': None, 'catkin_skip_building_tests': False, 'cmake_args': None, 'cmake_clean_cache': False, 'cmake_clean_first': False, 'cmake_force_configure': False, 'cmake_target': None, 'cmake_target_skip_unavailable': False, 'install_base': '/home/mobilehri/mobilehri_ws/install/mobile_robot_control', 'merge_install': False, 'path': '/home/mobilehri/mobilehri_ws/src/mobilehri2023/mobile_robot_control', 'symlink_install': False, 'test_result_base': None}
[3.231s] Level 5:colcon.colcon_core.verb:set package 'my_package' build argument 'cmake_args' from command line to 'None'
[3.231s] Level 5:colcon.colcon_core.verb:set package 'my_package' build argument 'cmake_target' from command line to 'None'
[3.231s] Level 5:colcon.colcon_core.verb:set package 'my_package' build argument 'cmake_target_skip_unavailable' from command line to 'False'
[3.232s] Level 5:colcon.colcon_core.verb:set package 'my_package' build argument 'cmake_clean_cache' from command line to 'False'
[3.232s] Level 5:colcon.colcon_core.verb:set package 'my_package' build argument 'cmake_clean_first' from command line to 'False'
[3.232s] Level 5:colcon.colcon_core.verb:set package 'my_package' build argument 'cmake_force_configure' from command line to 'False'
[3.232s] Level 5:colcon.colcon_core.verb:set package 'my_package' build argument 'ament_cmake_args' from command line to 'None'
[3.232s] Level 5:colcon.colcon_core.verb:set package 'my_package' build argument 'catkin_cmake_args' from command line to 'None'
[3.232s] Level 5:colcon.colcon_core.verb:set package 'my_package' build argument 'catkin_skip_building_tests' from command line to 'False'
[3.233s] DEBUG:colcon.colcon_core.verb:Building package 'my_package' with the following arguments: {'ament_cmake_args': None, 'build_base': '/home/mobilehri/mobilehri_ws/build/my_package', 'catkin_cmake_args': None, 'catkin_skip_building_tests': False, 'cmake_args': None, 'cmake_clean_cache': False, 'cmake_clean_first': False, 'cmake_force_configure': False, 'cmake_target': None, 'cmake_target_skip_unavailable': False, 'install_base': '/home/mobilehri/mobilehri_ws/install/my_package', 'merge_install': False, 'path': '/home/mobilehri/mobilehri_ws/src/my_package', 'symlink_install': False, 'test_result_base': None}
[3.239s] Level 5:colcon.colcon_core.verb:set package 'picamera' build argument 'cmake_args' from command line to 'None'
[3.240s] Level 5:colcon.colcon_core.verb:set package 'picamera' build argument 'cmake_target' from command line to 'None'
[3.240s] Level 5:colcon.colcon_core.verb:set package 'picamera' build argument 'cmake_target_skip_unavailable' from command line to 'False'
[3.240s] Level 5:colcon.colcon_core.verb:set package 'picamera' build argument 'cmake_clean_cache' from command line to 'False'
[3.240s] Level 5:colcon.colcon_core.verb:set package 'picamera' build argument 'cmake_clean_first' from command line to 'False'
[3.240s] Level 5:colcon.colcon_core.verb:set package 'picamera' build argument 'cmake_force_configure' from command line to 'False'
[3.241s] Level 5:colcon.colcon_core.verb:set package 'picamera' build argument 'ament_cmake_args' from command line to 'None'
[3.241s] Level 5:colcon.colcon_core.verb:set package 'picamera' build argument 'catkin_cmake_args' from command line to 'None'
[3.241s] Level 5:colcon.colcon_core.verb:set package 'picamera' build argument 'catkin_skip_building_tests' from command line to 'False'
[3.241s] DEBUG:colcon.colcon_core.verb:Building package 'picamera' with the following arguments: {'ament_cmake_args': None, 'build_base': '/home/mobilehri/mobilehri_ws/build/picamera', 'catkin_cmake_args': None, 'catkin_skip_building_tests': False, 'cmake_args': None, 'cmake_clean_cache': False, 'cmake_clean_first': False, 'cmake_force_configure': False, 'cmake_target': None, 'cmake_target_skip_unavailable': False, 'install_base': '/home/mobilehri/mobilehri_ws/install/picamera', 'merge_install': False, 'path': '/home/mobilehri/mobilehri_ws/src/mobilehri2023/picamera', 'symlink_install': False, 'test_result_base': None}
[3.247s] Level 5:colcon.colcon_core.verb:set package 'ydlidar_ros2_driver' build argument 'cmake_args' from command line to 'None'
[3.247s] Level 5:colcon.colcon_core.verb:set package 'ydlidar_ros2_driver' build argument 'cmake_target' from command line to 'None'
[3.248s] Level 5:colcon.colcon_core.verb:set package 'ydlidar_ros2_driver' build argument 'cmake_target_skip_unavailable' from command line to 'False'
[3.248s] Level 5:colcon.colcon_core.verb:set package 'ydlidar_ros2_driver' build argument 'cmake_clean_cache' from command line to 'False'
[3.248s] Level 5:colcon.colcon_core.verb:set package 'ydlidar_ros2_driver' build argument 'cmake_clean_first' from command line to 'False'
[3.248s] Level 5:colcon.colcon_core.verb:set package 'ydlidar_ros2_driver' build argument 'cmake_force_configure' from command line to 'False'
[3.248s] Level 5:colcon.colcon_core.verb:set package 'ydlidar_ros2_driver' build argument 'ament_cmake_args' from command line to 'None'
[3.248s] Level 5:colcon.colcon_core.verb:set package 'ydlidar_ros2_driver' build argument 'catkin_cmake_args' from command line to 'None'
[3.249s] Level 5:colcon.colcon_core.verb:set package 'ydlidar_ros2_driver' build argument 'catkin_skip_building_tests' from command line to 'False'
[3.249s] DEBUG:colcon.colcon_core.verb:Building package 'ydlidar_ros2_driver' with the following arguments: {'ament_cmake_args': None, 'build_base': '/home/mobilehri/mobilehri_ws/build/ydlidar_ros2_driver', 'catkin_cmake_args': None, 'catkin_skip_building_tests': False, 'cmake_args': None, 'cmake_clean_cache': False, 'cmake_clean_first': False, 'cmake_force_configure': False, 'cmake_target': None, 'cmake_target_skip_unavailable': False, 'install_base': '/home/mobilehri/mobilehri_ws/install/ydlidar_ros2_driver', 'merge_install': False, 'path': '/home/mobilehri/mobilehri_ws/src/mobilehri2023/ydlidar_ros2_driver', 'symlink_install': False, 'test_result_base': None}
[3.253s] INFO:colcon.colcon_core.executor:Executing jobs using 'parallel' executor
[3.274s] DEBUG:colcon.colcon_parallel_executor.executor.parallel:run_until_complete
[3.276s] INFO:colcon.colcon_ros.task.ament_python.build:Building ROS package in '/home/mobilehri/mobilehri_ws/src/mobilehri2023/joy_teleop_keymapping' with build type 'ament_python'
[3.276s] Level 1:colcon.colcon_core.shell:create_environment_hook('joy_teleop_keymapping', 'ament_prefix_path')
[3.304s] INFO:colcon.colcon_core.plugin_system:Skipping extension 'colcon_core.shell.bat': Not used on non-Windows systems
[3.305s] INFO:colcon.colcon_core.shell:Creating environment hook '/home/mobilehri/mobilehri_ws/install/joy_teleop_keymapping/share/joy_teleop_keymapping/hook/ament_prefix_path.ps1'
[3.310s] INFO:colcon.colcon_core.shell:Creating environment descriptor '/home/mobilehri/mobilehri_ws/install/joy_teleop_keymapping/share/joy_teleop_keymapping/hook/ament_prefix_path.dsv'
[3.313s] INFO:colcon.colcon_core.shell:Creating environment hook '/home/mobilehri/mobilehri_ws/install/joy_teleop_keymapping/share/joy_teleop_keymapping/hook/ament_prefix_path.sh'
[3.324s] INFO:colcon.colcon_core.shell:Skip shell extension 'powershell' for command environment: Not usable outside of PowerShell
[3.324s] DEBUG:colcon.colcon_core.shell:Skip shell extension 'dsv' for command environment
[3.351s] INFO:colcon.colcon_ros.task.ament_python.build:Building ROS package in '/home/mobilehri/mobilehri_ws/src/mobilehri2023/mobile_robot_control' with build type 'ament_python'
[3.352s] Level 1:colcon.colcon_core.shell:create_environment_hook('mobile_robot_control', 'ament_prefix_path')
[3.362s] INFO:colcon.colcon_core.shell:Creating environment hook '/home/mobilehri/mobilehri_ws/install/mobile_robot_control/share/mobile_robot_control/hook/ament_prefix_path.ps1'
[3.364s] INFO:colcon.colcon_core.shell:Creating environment descriptor '/home/mobilehri/mobilehri_ws/install/mobile_robot_control/share/mobile_robot_control/hook/ament_prefix_path.dsv'
[3.367s] INFO:colcon.colcon_core.shell:Creating environment hook '/home/mobilehri/mobilehri_ws/install/mobile_robot_control/share/mobile_robot_control/hook/ament_prefix_path.sh'
[3.376s] INFO:colcon.colcon_core.shell:Skip shell extension 'powershell' for command environment: Not usable outside of PowerShell
[3.377s] DEBUG:colcon.colcon_core.shell:Skip shell extension 'dsv' for command environment
[3.401s] INFO:colcon.colcon_ros.task.ament_python.build:Building ROS package in '/home/mobilehri/mobilehri_ws/src/my_package' with build type 'ament_python'
[3.402s] Level 1:colcon.colcon_core.shell:create_environment_hook('my_package', 'ament_prefix_path')
[3.410s] INFO:colcon.colcon_core.shell:Creating environment hook '/home/mobilehri/mobilehri_ws/install/my_package/share/my_package/hook/ament_prefix_path.ps1'
[3.412s] INFO:colcon.colcon_core.shell:Creating environment descriptor '/home/mobilehri/mobilehri_ws/install/my_package/share/my_package/hook/ament_prefix_path.dsv'
[3.415s] INFO:colcon.colcon_core.shell:Creating environment hook '/home/mobilehri/mobilehri_ws/install/my_package/share/my_package/hook/ament_prefix_path.sh'
[3.424s] INFO:colcon.colcon_core.shell:Skip shell extension 'powershell' for command environment: Not usable outside of PowerShell
[3.424s] DEBUG:colcon.colcon_core.shell:Skip shell extension 'dsv' for command environment
[3.448s] INFO:colcon.colcon_ros.task.ament_python.build:Building ROS package in '/home/mobilehri/mobilehri_ws/src/mobilehri2023/picamera' with build type 'ament_python'
[3.450s] Level 1:colcon.colcon_core.shell:create_environment_hook('picamera', 'ament_prefix_path')
[3.457s] INFO:colcon.colcon_core.shell:Creating environment hook '/home/mobilehri/mobilehri_ws/install/picamera/share/picamera/hook/ament_prefix_path.ps1'
[3.460s] INFO:colcon.colcon_core.shell:Creating environment descriptor '/home/mobilehri/mobilehri_ws/install/picamera/share/picamera/hook/ament_prefix_path.dsv'
[3.462s] INFO:colcon.colcon_core.shell:Creating environment hook '/home/mobilehri/mobilehri_ws/install/picamera/share/picamera/hook/ament_prefix_path.sh'
[3.471s] INFO:colcon.colcon_core.shell:Skip shell extension 'powershell' for command environment: Not usable outside of PowerShell
[3.472s] DEBUG:colcon.colcon_core.shell:Skip shell extension 'dsv' for command environment
[5.312s] INFO:colcon.colcon_core.task.python.build:Building Python package in '/home/mobilehri/mobilehri_ws/src/mobilehri2023/joy_teleop_keymapping'
[5.320s] INFO:colcon.colcon_core.shell:Skip shell extension 'powershell' for command environment: Not usable outside of PowerShell
[5.320s] DEBUG:colcon.colcon_core.shell:Skip shell extension 'dsv' for command environment
[7.194s] INFO:colcon.colcon_core.task.python.build:Building Python package in '/home/mobilehri/mobilehri_ws/src/mobilehri2023/mobile_robot_control'
[7.203s] INFO:colcon.colcon_core.shell:Skip shell extension 'powershell' for command environment: Not usable outside of PowerShell
[7.203s] DEBUG:colcon.colcon_core.shell:Skip shell extension 'dsv' for command environment
[8.931s] INFO:colcon.colcon_core.task.python.build:Building Python package in '/home/mobilehri/mobilehri_ws/src/my_package'
[8.937s] INFO:colcon.colcon_core.shell:Skip shell extension 'powershell' for command environment: Not usable outside of PowerShell
[8.937s] DEBUG:colcon.colcon_core.shell:Skip shell extension 'dsv' for command environment
[10.466s] INFO:colcon.colcon_core.task.python.build:Building Python package in '/home/mobilehri/mobilehri_ws/src/mobilehri2023/picamera'
[10.474s] INFO:colcon.colcon_core.shell:Skip shell extension 'powershell' for command environment: Not usable outside of PowerShell
[10.474s] DEBUG:colcon.colcon_core.shell:Skip shell extension 'dsv' for command environment
[15.216s] DEBUG:colcon.colcon_core.event_handler.log_command:Invoking command in '/home/mobilehri/mobilehri_ws/src/mobilehri2023/joy_teleop_keymapping': PYTHONPATH=/home/mobilehri/mobilehri_ws/build/joy_teleop_keymapping/prefix_override:/home/mobilehri/mobilehri_ws/install/joy_teleop_keymapping/lib/python3.10/site-packages:${PYTHONPATH} /usr/bin/python3 setup.py egg_info --egg-base ../../../build/joy_teleop_keymapping build --build-base /home/mobilehri/mobilehri_ws/build/joy_teleop_keymapping/build install --record /home/mobilehri/mobilehri_ws/build/joy_teleop_keymapping/install.log --single-version-externally-managed
[15.537s] DEBUG:colcon.colcon_core.event_handler.log_command:Invoking command in '/home/mobilehri/mobilehri_ws/src/mobilehri2023/mobile_robot_control': PYTHONPATH=/home/mobilehri/mobilehri_ws/build/mobile_robot_control/prefix_override:/home/mobilehri/mobilehri_ws/install/mobile_robot_control/lib/python3.10/site-packages:${PYTHONPATH} /usr/bin/python3 setup.py egg_info --egg-base ../../../build/mobile_robot_control build --build-base /home/mobilehri/mobilehri_ws/build/mobile_robot_control/build install --record /home/mobilehri/mobilehri_ws/build/mobile_robot_control/install.log --single-version-externally-managed
[16.282s] DEBUG:colcon.colcon_core.event_handler.log_command:Invoking command in '/home/mobilehri/mobilehri_ws/src/my_package': PYTHONPATH=/home/mobilehri/mobilehri_ws/build/my_package/prefix_override:/home/mobilehri/mobilehri_ws/install/my_package/lib/python3.10/site-packages:${PYTHONPATH} /usr/bin/python3 setup.py egg_info --egg-base ../../build/my_package build --build-base /home/mobilehri/mobilehri_ws/build/my_package/build install --record /home/mobilehri/mobilehri_ws/build/my_package/install.log --single-version-externally-managed
[16.378s] DEBUG:colcon.colcon_core.event_handler.log_command:Invoking command in '/home/mobilehri/mobilehri_ws/src/mobilehri2023/picamera': PYTHONPATH=/home/mobilehri/mobilehri_ws/build/picamera/prefix_override:/home/mobilehri/mobilehri_ws/install/picamera/lib/python3.10/site-packages:${PYTHONPATH} /usr/bin/python3 setup.py egg_info --egg-base ../../../build/picamera build --build-base /home/mobilehri/mobilehri_ws/build/picamera/build install --record /home/mobilehri/mobilehri_ws/build/picamera/install.log --single-version-externally-managed
[18.440s] DEBUG:colcon.colcon_core.event_handler.log_command:Invoked command in '/home/mobilehri/mobilehri_ws/src/mobilehri2023/joy_teleop_keymapping' returned '0': PYTHONPATH=/home/mobilehri/mobilehri_ws/build/joy_teleop_keymapping/prefix_override:/home/mobilehri/mobilehri_ws/install/joy_teleop_keymapping/lib/python3.10/site-packages:${PYTHONPATH} /usr/bin/python3 setup.py egg_info --egg-base ../../../build/joy_teleop_keymapping build --build-base /home/mobilehri/mobilehri_ws/build/joy_teleop_keymapping/build install --record /home/mobilehri/mobilehri_ws/build/joy_teleop_keymapping/install.log --single-version-externally-managed
[18.462s] Level 1:colcon.colcon_core.environment:checking '/home/mobilehri/mobilehri_ws/install/joy_teleop_keymapping' for CMake module files
[18.465s] Level 1:colcon.colcon_core.environment:checking '/home/mobilehri/mobilehri_ws/install/joy_teleop_keymapping' for CMake config files
[18.473s] Level 1:colcon.colcon_core.environment:checking '/home/mobilehri/mobilehri_ws/install/joy_teleop_keymapping/lib'
[18.474s] Level 1:colcon.colcon_core.environment:checking '/home/mobilehri/mobilehri_ws/install/joy_teleop_keymapping/bin'
[18.475s] Level 1:colcon.colcon_core.environment:checking '/home/mobilehri/mobilehri_ws/install/joy_teleop_keymapping/lib/pkgconfig/joy_teleop_keymapping.pc'
[18.476s] Level 1:colcon.colcon_core.environment:checking '/home/mobilehri/mobilehri_ws/install/joy_teleop_keymapping/lib/python3.10/site-packages'
[18.477s] Level 1:colcon.colcon_core.shell:create_environment_hook('joy_teleop_keymapping', 'pythonpath')
[18.485s] INFO:colcon.colcon_core.shell:Creating environment hook '/home/mobilehri/mobilehri_ws/install/joy_teleop_keymapping/share/joy_teleop_keymapping/hook/pythonpath.ps1'
[18.488s] INFO:colcon.colcon_core.shell:Creating environment descriptor '/home/mobilehri/mobilehri_ws/install/joy_teleop_keymapping/share/joy_teleop_keymapping/hook/pythonpath.dsv'
[18.490s] INFO:colcon.colcon_core.shell:Creating environment hook '/home/mobilehri/mobilehri_ws/install/joy_teleop_keymapping/share/joy_teleop_keymapping/hook/pythonpath.sh'
[18.493s] Level 1:colcon.colcon_core.environment:checking '/home/mobilehri/mobilehri_ws/install/joy_teleop_keymapping/bin'
[18.494s] Level 1:colcon.colcon_core.environment:create_environment_scripts_only(joy_teleop_keymapping)
[18.503s] INFO:colcon.colcon_core.shell:Creating package script '/home/mobilehri/mobilehri_ws/install/joy_teleop_keymapping/share/joy_teleop_keymapping/package.ps1'
[18.508s] INFO:colcon.colcon_core.shell:Creating package descriptor '/home/mobilehri/mobilehri_ws/install/joy_teleop_keymapping/share/joy_teleop_keymapping/package.dsv'
[18.512s] INFO:colcon.colcon_core.shell:Creating package script '/home/mobilehri/mobilehri_ws/install/joy_teleop_keymapping/share/joy_teleop_keymapping/package.sh'
[18.517s] INFO:colcon.colcon_core.shell:Creating package script '/home/mobilehri/mobilehri_ws/install/joy_teleop_keymapping/share/joy_teleop_keymapping/package.bash'
[18.522s] INFO:colcon.colcon_core.shell:Creating package script '/home/mobilehri/mobilehri_ws/install/joy_teleop_keymapping/share/joy_teleop_keymapping/package.zsh'
[18.527s] Level 1:colcon.colcon_core.environment:create_file_with_runtime_dependencies(/home/mobilehri/mobilehri_ws/install/joy_teleop_keymapping/share/colcon-core/packages/joy_teleop_keymapping)
[18.534s] INFO:colcon.colcon_ros.task.ament_cmake.build:Building ROS package in '/home/mobilehri/mobilehri_ws/src/mobilehri2023/ydlidar_ros2_driver' with build type 'ament_cmake'
[18.536s] INFO:colcon.colcon_cmake.task.cmake.build:Building CMake package in '/home/mobilehri/mobilehri_ws/src/mobilehri2023/ydlidar_ros2_driver'
[18.544s] INFO:colcon.colcon_core.shell:Skip shell extension 'powershell' for command environment: Not usable outside of PowerShell
[18.544s] DEBUG:colcon.colcon_core.shell:Skip shell extension 'dsv' for command environment
[18.607s] DEBUG:colcon.colcon_core.event_handler.log_command:Invoking command in '/home/mobilehri/mobilehri_ws/build/ydlidar_ros2_driver': CMAKE_PREFIX_PATH=/opt/ros/humble /usr/bin/cmake /home/mobilehri/mobilehri_ws/src/mobilehri2023/ydlidar_ros2_driver -DCMAKE_INSTALL_PREFIX=/home/mobilehri/mobilehri_ws/install/ydlidar_ros2_driver
[20.466s] DEBUG:colcon.colcon_core.event_handler.log_command:Invoked command in '/home/mobilehri/mobilehri_ws/src/mobilehri2023/mobile_robot_control' returned '0': PYTHONPATH=/home/mobilehri/mobilehri_ws/build/mobile_robot_control/prefix_override:/home/mobilehri/mobilehri_ws/install/mobile_robot_control/lib/python3.10/site-packages:${PYTHONPATH} /usr/bin/python3 setup.py egg_info --egg-base ../../../build/mobile_robot_control build --build-base /home/mobilehri/mobilehri_ws/build/mobile_robot_control/build install --record /home/mobilehri/mobilehri_ws/build/mobile_robot_control/install.log --single-version-externally-managed
[20.481s] Level 1:colcon.colcon_core.environment:checking '/home/mobilehri/mobilehri_ws/install/mobile_robot_control' for CMake module files
[20.486s] Level 1:colcon.colcon_core.environment:checking '/home/mobilehri/mobilehri_ws/install/mobile_robot_control' for CMake config files
[20.494s] Level 1:colcon.colcon_core.environment:checking '/home/mobilehri/mobilehri_ws/install/mobile_robot_control/lib'
[20.495s] Level 1:colcon.colcon_core.environment:checking '/home/mobilehri/mobilehri_ws/install/mobile_robot_control/bin'
[20.495s] Level 1:colcon.colcon_core.environment:checking '/home/mobilehri/mobilehri_ws/install/mobile_robot_control/lib/pkgconfig/mobile_robot_control.pc'
[20.497s] Level 1:colcon.colcon_core.environment:checking '/home/mobilehri/mobilehri_ws/install/mobile_robot_control/lib/python3.10/site-packages'
[20.498s] Level 1:colcon.colcon_core.shell:create_environment_hook('mobile_robot_control', 'pythonpath')
[20.508s] INFO:colcon.colcon_core.shell:Creating environment hook '/home/mobilehri/mobilehri_ws/install/mobile_robot_control/share/mobile_robot_control/hook/pythonpath.ps1'
[20.511s] INFO:colcon.colcon_core.shell:Creating environment descriptor '/home/mobilehri/mobilehri_ws/install/mobile_robot_control/share/mobile_robot_control/hook/pythonpath.dsv'
[20.514s] INFO:colcon.colcon_core.shell:Creating environment hook '/home/mobilehri/mobilehri_ws/install/mobile_robot_control/share/mobile_robot_control/hook/pythonpath.sh'
[20.519s] Level 1:colcon.colcon_core.environment:checking '/home/mobilehri/mobilehri_ws/install/mobile_robot_control/bin'
[20.520s] Level 1:colcon.colcon_core.environment:create_environment_scripts_only(mobile_robot_control)
[20.529s] INFO:colcon.colcon_core.shell:Creating package script '/home/mobilehri/mobilehri_ws/install/mobile_robot_control/share/mobile_robot_control/package.ps1'
[20.532s] INFO:colcon.colcon_core.shell:Creating package descriptor '/home/mobilehri/mobilehri_ws/install/mobile_robot_control/share/mobile_robot_control/package.dsv'
[20.538s] INFO:colcon.colcon_core.shell:Creating package script '/home/mobilehri/mobilehri_ws/install/mobile_robot_control/share/mobile_robot_control/package.sh'
[20.541s] INFO:colcon.colcon_core.shell:Creating package script '/home/mobilehri/mobilehri_ws/install/mobile_robot_control/share/mobile_robot_control/package.bash'
[20.544s] INFO:colcon.colcon_core.shell:Creating package script '/home/mobilehri/mobilehri_ws/install/mobile_robot_control/share/mobile_robot_control/package.zsh'
[20.547s] Level 1:colcon.colcon_core.environment:create_file_with_runtime_dependencies(/home/mobilehri/mobilehri_ws/install/mobile_robot_control/share/colcon-core/packages/mobile_robot_control)
[20.802s] DEBUG:colcon.colcon_core.event_handler.log_command:Invoked command in '/home/mobilehri/mobilehri_ws/src/mobilehri2023/picamera' returned '0': PYTHONPATH=/home/mobilehri/mobilehri_ws/build/picamera/prefix_override:/home/mobilehri/mobilehri_ws/install/picamera/lib/python3.10/site-packages:${PYTHONPATH} /usr/bin/python3 setup.py egg_info --egg-base ../../../build/picamera build --build-base /home/mobilehri/mobilehri_ws/build/picamera/build install --record /home/mobilehri/mobilehri_ws/build/picamera/install.log --single-version-externally-managed
[20.805s] Level 1:colcon.colcon_core.environment:checking '/home/mobilehri/mobilehri_ws/install/picamera' for CMake module files
[20.820s] Level 1:colcon.colcon_core.environment:checking '/home/mobilehri/mobilehri_ws/install/picamera' for CMake config files
[20.848s] Level 1:colcon.colcon_core.environment:checking '/home/mobilehri/mobilehri_ws/install/picamera/lib'
[20.849s] Level 1:colcon.colcon_core.environment:checking '/home/mobilehri/mobilehri_ws/install/picamera/bin'
[20.850s] Level 1:colcon.colcon_core.environment:checking '/home/mobilehri/mobilehri_ws/install/picamera/lib/pkgconfig/picamera.pc'
[20.854s] Level 1:colcon.colcon_core.environment:checking '/home/mobilehri/mobilehri_ws/install/picamera/lib/python3.10/site-packages'
[20.855s] Level 1:colcon.colcon_core.shell:create_environment_hook('picamera', 'pythonpath')
[20.880s] INFO:colcon.colcon_core.shell:Creating environment hook '/home/mobilehri/mobilehri_ws/install/picamera/share/picamera/hook/pythonpath.ps1'
[20.886s] INFO:colcon.colcon_core.shell:Creating environment descriptor '/home/mobilehri/mobilehri_ws/install/picamera/share/picamera/hook/pythonpath.dsv'
[20.889s] INFO:colcon.colcon_core.shell:Creating environment hook '/home/mobilehri/mobilehri_ws/install/picamera/share/picamera/hook/pythonpath.sh'
[20.894s] Level 1:colcon.colcon_core.environment:checking '/home/mobilehri/mobilehri_ws/install/picamera/bin'
[20.894s] Level 1:colcon.colcon_core.environment:create_environment_scripts_only(picamera)
[20.904s] INFO:colcon.colcon_core.shell:Creating package script '/home/mobilehri/mobilehri_ws/install/picamera/share/picamera/package.ps1'
[20.908s] INFO:colcon.colcon_core.shell:Creating package descriptor '/home/mobilehri/mobilehri_ws/install/picamera/share/picamera/package.dsv'
[20.915s] INFO:colcon.colcon_core.shell:Creating package script '/home/mobilehri/mobilehri_ws/install/picamera/share/picamera/package.sh'
[20.924s] INFO:colcon.colcon_core.shell:Creating package script '/home/mobilehri/mobilehri_ws/install/picamera/share/picamera/package.bash'
[20.936s] INFO:colcon.colcon_core.shell:Creating package script '/home/mobilehri/mobilehri_ws/install/picamera/share/picamera/package.zsh'
[20.945s] Level 1:colcon.colcon_core.environment:create_file_with_runtime_dependencies(/home/mobilehri/mobilehri_ws/install/picamera/share/colcon-core/packages/picamera)
[21.131s] DEBUG:colcon.colcon_core.event_handler.log_command:Invoked command in '/home/mobilehri/mobilehri_ws/src/my_package' returned '0': PYTHONPATH=/home/mobilehri/mobilehri_ws/build/my_package/prefix_override:/home/mobilehri/mobilehri_ws/install/my_package/lib/python3.10/site-packages:${PYTHONPATH} /usr/bin/python3 setup.py egg_info --egg-base ../../build/my_package build --build-base /home/mobilehri/mobilehri_ws/build/my_package/build install --record /home/mobilehri/mobilehri_ws/build/my_package/install.log --single-version-externally-managed
[21.138s] Level 1:colcon.colcon_core.environment:checking '/home/mobilehri/mobilehri_ws/install/my_package' for CMake module files
[21.141s] Level 1:colcon.colcon_core.environment:checking '/home/mobilehri/mobilehri_ws/install/my_package' for CMake config files
[21.146s] Level 1:colcon.colcon_core.environment:checking '/home/mobilehri/mobilehri_ws/install/my_package/lib'
[21.147s] Level 1:colcon.colcon_core.environment:checking '/home/mobilehri/mobilehri_ws/install/my_package/bin'
[21.148s] Level 1:colcon.colcon_core.environment:checking '/home/mobilehri/mobilehri_ws/install/my_package/lib/pkgconfig/my_package.pc'
[21.149s] Level 1:colcon.colcon_core.environment:checking '/home/mobilehri/mobilehri_ws/install/my_package/lib/python3.10/site-packages'
[21.150s] Level 1:colcon.colcon_core.shell:create_environment_hook('my_package', 'pythonpath')
[21.162s] INFO:colcon.colcon_core.shell:Creating environment hook '/home/mobilehri/mobilehri_ws/install/my_package/share/my_package/hook/pythonpath.ps1'
[21.166s] INFO:colcon.colcon_core.shell:Creating environment descriptor '/home/mobilehri/mobilehri_ws/install/my_package/share/my_package/hook/pythonpath.dsv'
[21.169s] INFO:colcon.colcon_core.shell:Creating environment hook '/home/mobilehri/mobilehri_ws/install/my_package/share/my_package/hook/pythonpath.sh'
[21.176s] Level 1:colcon.colcon_core.environment:checking '/home/mobilehri/mobilehri_ws/install/my_package/bin'
[21.177s] Level 1:colcon.colcon_core.environment:create_environment_scripts_only(my_package)
[21.190s] INFO:colcon.colcon_core.shell:Creating package script '/home/mobilehri/mobilehri_ws/install/my_package/share/my_package/package.ps1'
[21.193s] INFO:colcon.colcon_core.shell:Creating package descriptor '/home/mobilehri/mobilehri_ws/install/my_package/share/my_package/package.dsv'
[21.197s] INFO:colcon.colcon_core.shell:Creating package script '/home/mobilehri/mobilehri_ws/install/my_package/share/my_package/package.sh'
[21.201s] INFO:colcon.colcon_core.shell:Creating package script '/home/mobilehri/mobilehri_ws/install/my_package/share/my_package/package.bash'
[21.204s] INFO:colcon.colcon_core.shell:Creating package script '/home/mobilehri/mobilehri_ws/install/my_package/share/my_package/package.zsh'
[21.206s] Level 1:colcon.colcon_core.environment:create_file_with_runtime_dependencies(/home/mobilehri/mobilehri_ws/install/my_package/share/colcon-core/packages/my_package)
[25.404s] DEBUG:colcon.colcon_core.event_handler.log_command:Invoked command in '/home/mobilehri/mobilehri_ws/build/ydlidar_ros2_driver' returned '1': CMAKE_PREFIX_PATH=/opt/ros/humble /usr/bin/cmake /home/mobilehri/mobilehri_ws/src/mobilehri2023/ydlidar_ros2_driver -DCMAKE_INSTALL_PREFIX=/home/mobilehri/mobilehri_ws/install/ydlidar_ros2_driver
[25.465s] Level 1:colcon.colcon_core.environment:create_environment_scripts_only(ydlidar_ros2_driver)
[25.480s] Level 1:colcon.colcon_core.environment:checking '/home/mobilehri/mobilehri_ws/install/ydlidar_ros2_driver' for CMake module files
[25.483s] Level 1:colcon.colcon_core.environment:checking '/home/mobilehri/mobilehri_ws/install/ydlidar_ros2_driver' for CMake config files
[25.485s] Level 1:colcon.colcon_core.environment:checking '/home/mobilehri/mobilehri_ws/install/ydlidar_ros2_driver/bin'
[25.486s] Level 1:colcon.colcon_core.environment:checking '/home/mobilehri/mobilehri_ws/install/ydlidar_ros2_driver/lib/pkgconfig/ydlidar_ros2_driver.pc'
[25.488s] Level 1:colcon.colcon_core.environment:checking '/home/mobilehri/mobilehri_ws/install/ydlidar_ros2_driver/lib/python3.10/site-packages'
[25.489s] Level 1:colcon.colcon_core.environment:checking '/home/mobilehri/mobilehri_ws/install/ydlidar_ros2_driver/bin'
[25.498s] INFO:colcon.colcon_core.shell:Creating package script '/home/mobilehri/mobilehri_ws/install/ydlidar_ros2_driver/share/ydlidar_ros2_driver/package.ps1'
[25.500s] INFO:colcon.colcon_core.shell:Creating package descriptor '/home/mobilehri/mobilehri_ws/install/ydlidar_ros2_driver/share/ydlidar_ros2_driver/package.dsv'
[25.502s] INFO:colcon.colcon_core.shell:Creating package script '/home/mobilehri/mobilehri_ws/install/ydlidar_ros2_driver/share/ydlidar_ros2_driver/package.sh'
[25.505s] INFO:colcon.colcon_core.shell:Creating package script '/home/mobilehri/mobilehri_ws/install/ydlidar_ros2_driver/share/ydlidar_ros2_driver/package.bash'
[25.508s] INFO:colcon.colcon_core.shell:Creating package script '/home/mobilehri/mobilehri_ws/install/ydlidar_ros2_driver/share/ydlidar_ros2_driver/package.zsh'
[25.511s] Level 1:colcon.colcon_core.environment:create_file_with_runtime_dependencies(/home/mobilehri/mobilehri_ws/install/ydlidar_ros2_driver/share/colcon-core/packages/ydlidar_ros2_driver)
[25.516s] DEBUG:colcon.colcon_parallel_executor.executor.parallel:closing loop
[25.520s] DEBUG:colcon.colcon_parallel_executor.executor.parallel:loop closed
[25.520s] DEBUG:colcon.colcon_parallel_executor.executor.parallel:run_until_complete finished with '1'
[25.520s] DEBUG:colcon.colcon_core.event_reactor:joining thread
[25.570s] INFO:colcon.colcon_core.plugin_system:Skipping extension 'colcon_notification.desktop_notification.terminal_notifier': Not used on non-Darwin systems
[25.571s] INFO:colcon.colcon_core.plugin_system:Skipping extension 'colcon_notification.desktop_notification.win32': Not used on non-Windows systems
[25.571s] INFO:colcon.colcon_notification.desktop_notification:Sending desktop notification using 'notify2'
[50.605s] DEBUG:colcon.colcon_notification.desktop_notification.notify2:Failed to initialize notify2: org.freedesktop.DBus.Error.NoReply: Did not receive a reply. Possible causes include: the remote application did not send a reply, the message bus security policy blocked the reply, the reply timeout expired, or the network connection was broken.
[50.606s] DEBUG:colcon.colcon_core.event_reactor:joined thread
[50.613s] INFO:colcon.colcon_core.shell:Creating prefix script '/home/mobilehri/mobilehri_ws/install/local_setup.ps1'
[50.619s] INFO:colcon.colcon_core.shell:Creating prefix util module '/home/mobilehri/mobilehri_ws/install/_local_setup_util_ps1.py'
[50.626s] INFO:colcon.colcon_core.shell:Creating prefix chain script '/home/mobilehri/mobilehri_ws/install/setup.ps1'
[50.633s] INFO:colcon.colcon_core.shell:Creating prefix script '/home/mobilehri/mobilehri_ws/install/local_setup.sh'
[50.636s] INFO:colcon.colcon_core.shell:Creating prefix util module '/home/mobilehri/mobilehri_ws/install/_local_setup_util_sh.py'
[50.639s] INFO:colcon.colcon_core.shell:Creating prefix chain script '/home/mobilehri/mobilehri_ws/install/setup.sh'
[50.646s] INFO:colcon.colcon_core.shell:Creating prefix script '/home/mobilehri/mobilehri_ws/install/local_setup.bash'
[50.649s] INFO:colcon.colcon_core.shell:Creating prefix chain script '/home/mobilehri/mobilehri_ws/install/setup.bash'
[50.656s] INFO:colcon.colcon_core.shell:Creating prefix script '/home/mobilehri/mobilehri_ws/install/local_setup.zsh'
[50.659s] INFO:colcon.colcon_core.shell:Creating prefix chain script '/home/mobilehri/mobilehri_ws/install/setup.zsh'
