[14.663s] Invoking command in '/home/mobilehri/mobilehri_ws/src/mobilehri2023/picamera': PYTHONPATH=/home/mobilehri/mobilehri_ws/build/picamera/prefix_override:/home/mobilehri/mobilehri_ws/install/picamera/lib/python3.10/site-packages:${PYTHONPATH} /usr/bin/python3 setup.py egg_info --egg-base ../../../build/picamera build --build-base /home/mobilehri/mobilehri_ws/build/picamera/build install --record /home/mobilehri/mobilehri_ws/build/picamera/install.log --single-version-externally-managed
[18.316s] running egg_info
[18.318s] writing ../../../build/picamera/picamera.egg-info/PKG-INFO
[18.320s] writing dependency_links to ../../../build/picamera/picamera.egg-info/dependency_links.txt
[18.321s] writing entry points to ../../../build/picamera/picamera.egg-info/entry_points.txt
[18.322s] writing requirements to ../../../build/picamera/picamera.egg-info/requires.txt
[18.323s] writing top-level names to ../../../build/picamera/picamera.egg-info/top_level.txt
[18.351s] reading manifest file '../../../build/picamera/picamera.egg-info/SOURCES.txt'
[18.366s] writing manifest file '../../../build/picamera/picamera.egg-info/SOURCES.txt'
[18.386s] running build
[18.387s] running build_py
[18.388s] /usr/lib/python3/dist-packages/setuptools/command/install.py:34: SetuptoolsDeprecationWarning: setup.py install is deprecated. Use build and pip and other standards-based tools.
[18.388s]   warnings.warn(
[18.389s] running install
[18.389s] running install_lib
[18.406s] running install_data
[18.408s] running install_egg_info
[18.417s] removing '/home/mobilehri/mobilehri_ws/install/picamera/lib/python3.10/site-packages/picamera-0.0.0-py3.10.egg-info' (and everything under it)
[18.423s] Copying ../../../build/picamera/picamera.egg-info to /home/mobilehri/mobilehri_ws/install/picamera/lib/python3.10/site-packages/picamera-0.0.0-py3.10.egg-info
[18.445s] running install_scripts
[18.569s] Installing picamera_node script to /home/mobilehri/mobilehri_ws/install/picamera/lib/picamera
[18.574s] writing list of installed files to '/home/mobilehri/mobilehri_ws/build/picamera/install.log'
[18.798s] Invoked command in '/home/mobilehri/mobilehri_ws/src/mobilehri2023/picamera' returned '0': PYTHONPATH=/home/mobilehri/mobilehri_ws/build/picamera/prefix_override:/home/mobilehri/mobilehri_ws/install/picamera/lib/python3.10/site-packages:${PYTHONPATH} /usr/bin/python3 setup.py egg_info --egg-base ../../../build/picamera build --build-base /home/mobilehri/mobilehri_ws/build/picamera/build install --record /home/mobilehri/mobilehri_ws/build/picamera/install.log --single-version-externally-managed
