[2.284s] DEBUG:colcon:Command line arguments: ['/usr/bin/colcon', 'build']
[2.286s] DEBUG:colcon:Parsed command line arguments: Namespace(log_base=None, log_level=None, verb_name='build', build_base='build', install_base='install', merge_install=False, symlink_install=False, test_result_base=None, continue_on_error=False, executor='parallel', parallel_workers=4, event_handlers=None, ignore_user_meta=False, metas=['./colcon.meta'], base_paths=['.'], packages_ignore=None, packages_ignore_regex=None, paths=None, packages_up_to=None, packages_up_to_regex=None, packages_above=None, packages_above_and_dependencies=None, packages_above_depth=None, packages_select_by_dep=None, packages_skip_by_dep=None, packages_skip_up_to=None, packages_select_build_failed=False, packages_skip_build_finished=False, packages_select_test_failures=False, packages_skip_test_passed=False, packages_select=None, packages_skip=None, packages_select_regex=None, packages_skip_regex=None, packages_start=None, packages_end=None, allow_overriding=[], cmake_args=None, cmake_target=None, cmake_target_skip_unavailable=False, cmake_clean_cache=False, cmake_clean_first=False, cmake_force_configure=False, ament_cmake_args=None, catkin_cmake_args=None, catkin_skip_building_tests=False, verb_parser=<colcon_defaults.argument_parser.defaults.DefaultArgumentsDecorator object at 0xffffaa6f8fd0>, verb_extension=<colcon_core.verb.build.BuildVerb object at 0xffffab0f8f10>, main=<bound method BuildVerb.main of <colcon_core.verb.build.BuildVerb object at 0xffffab0f8f10>>)
[2.481s] Level 1:colcon.colcon_core.package_discovery:discover_packages(colcon_meta) check parameters
[2.482s] Level 1:colcon.colcon_core.package_discovery:discover_packages(recursive) check parameters
[2.482s] Level 1:colcon.colcon_core.package_discovery:discover_packages(ignore) check parameters
[2.483s] Level 1:colcon.colcon_core.package_discovery:discover_packages(path) check parameters
[2.483s] Level 1:colcon.colcon_core.package_discovery:discover_packages(colcon_meta) discover
[2.483s] Level 1:colcon.colcon_core.package_discovery:discover_packages(recursive) discover
[2.484s] INFO:colcon.colcon_core.package_discovery:Crawling recursively for packages in '/home/mobilehri/mobilehri_ws'
[2.485s] Level 1:colcon.colcon_core.package_identification:_identify(.) by extensions ['ignore', 'ignore_ament_install']
[2.485s] Level 1:colcon.colcon_core.package_identification:_identify(.) by extension 'ignore'
[2.486s] Level 1:colcon.colcon_core.package_identification:_identify(.) by extension 'ignore_ament_install'
[2.486s] Level 1:colcon.colcon_core.package_identification:_identify(.) by extensions ['colcon_pkg']
[2.486s] Level 1:colcon.colcon_core.package_identification:_identify(.) by extension 'colcon_pkg'
[2.487s] Level 1:colcon.colcon_core.package_identification:_identify(.) by extensions ['colcon_meta']
[2.487s] Level 1:colcon.colcon_core.package_identification:_identify(.) by extension 'colcon_meta'
[2.487s] Level 1:colcon.colcon_core.package_identification:_identify(.) by extensions ['ros']
[2.488s] Level 1:colcon.colcon_core.package_identification:_identify(.) by extension 'ros'
[2.555s] Level 1:colcon.colcon_core.package_identification:_identify(.) by extensions ['cmake', 'python']
[2.555s] Level 1:colcon.colcon_core.package_identification:_identify(.) by extension 'cmake'
[2.556s] Level 1:colcon.colcon_core.package_identification:_identify(.) by extension 'python'
[2.556s] Level 1:colcon.colcon_core.package_identification:_identify(.) by extensions ['python_setup_py']
[2.557s] Level 1:colcon.colcon_core.package_identification:_identify(.) by extension 'python_setup_py'
[2.558s] Level 1:colcon.colcon_core.package_identification:_identify(build) by extensions ['ignore', 'ignore_ament_install']
[2.559s] Level 1:colcon.colcon_core.package_identification:_identify(build) by extension 'ignore'
[2.559s] Level 1:colcon.colcon_core.package_identification:_identify(build) ignored
[2.560s] Level 1:colcon.colcon_core.package_identification:_identify(install) by extensions ['ignore', 'ignore_ament_install']
[2.561s] Level 1:colcon.colcon_core.package_identification:_identify(install) by extension 'ignore'
[2.562s] Level 1:colcon.colcon_core.package_identification:_identify(install) ignored
[2.563s] Level 1:colcon.colcon_core.package_identification:_identify(log) by extensions ['ignore', 'ignore_ament_install']
[2.564s] Level 1:colcon.colcon_core.package_identification:_identify(log) by extension 'ignore'
[2.565s] Level 1:colcon.colcon_core.package_identification:_identify(log) ignored
[2.566s] Level 1:colcon.colcon_core.package_identification:_identify(src) by extensions ['ignore', 'ignore_ament_install']
[2.567s] Level 1:colcon.colcon_core.package_identification:_identify(src) by extension 'ignore'
[2.567s] Level 1:colcon.colcon_core.package_identification:_identify(src) by extension 'ignore_ament_install'
[2.568s] Level 1:colcon.colcon_core.package_identification:_identify(src) by extensions ['colcon_pkg']
[2.568s] Level 1:colcon.colcon_core.package_identification:_identify(src) by extension 'colcon_pkg'
[2.569s] Level 1:colcon.colcon_core.package_identification:_identify(src) by extensions ['colcon_meta']
[2.569s] Level 1:colcon.colcon_core.package_identification:_identify(src) by extension 'colcon_meta'
[2.570s] Level 1:colcon.colcon_core.package_identification:_identify(src) by extensions ['ros']
[2.570s] Level 1:colcon.colcon_core.package_identification:_identify(src) by extension 'ros'
[2.571s] Level 1:colcon.colcon_core.package_identification:_identify(src) by extensions ['cmake', 'python']
[2.572s] Level 1:colcon.colcon_core.package_identification:_identify(src) by extension 'cmake'
[2.572s] Level 1:colcon.colcon_core.package_identification:_identify(src) by extension 'python'
[2.573s] Level 1:colcon.colcon_core.package_identification:_identify(src) by extensions ['python_setup_py']
[2.573s] Level 1:colcon.colcon_core.package_identification:_identify(src) by extension 'python_setup_py'
[2.574s] Level 1:colcon.colcon_core.package_identification:_identify(src/mobilehri2023) by extensions ['ignore', 'ignore_ament_install']
[2.575s] Level 1:colcon.colcon_core.package_identification:_identify(src/mobilehri2023) by extension 'ignore'
[2.576s] Level 1:colcon.colcon_core.package_identification:_identify(src/mobilehri2023) by extension 'ignore_ament_install'
[2.577s] Level 1:colcon.colcon_core.package_identification:_identify(src/mobilehri2023) by extensions ['colcon_pkg']
[2.577s] Level 1:colcon.colcon_core.package_identification:_identify(src/mobilehri2023) by extension 'colcon_pkg'
[2.578s] Level 1:colcon.colcon_core.package_identification:_identify(src/mobilehri2023) by extensions ['colcon_meta']
[2.578s] Level 1:colcon.colcon_core.package_identification:_identify(src/mobilehri2023) by extension 'colcon_meta'
[2.579s] Level 1:colcon.colcon_core.package_identification:_identify(src/mobilehri2023) by extensions ['ros']
[2.579s] Level 1:colcon.colcon_core.package_identification:_identify(src/mobilehri2023) by extension 'ros'
[2.580s] Level 1:colcon.colcon_core.package_identification:_identify(src/mobilehri2023) by extensions ['cmake', 'python']
[2.580s] Level 1:colcon.colcon_core.package_identification:_identify(src/mobilehri2023) by extension 'cmake'
[2.581s] Level 1:colcon.colcon_core.package_identification:_identify(src/mobilehri2023) by extension 'python'
[2.582s] Level 1:colcon.colcon_core.package_identification:_identify(src/mobilehri2023) by extensions ['python_setup_py']
[2.582s] Level 1:colcon.colcon_core.package_identification:_identify(src/mobilehri2023) by extension 'python_setup_py'
[2.583s] Level 1:colcon.colcon_core.package_identification:_identify(src/mobilehri2023/joy_teleop_keymapping) by extensions ['ignore', 'ignore_ament_install']
[2.584s] Level 1:colcon.colcon_core.package_identification:_identify(src/mobilehri2023/joy_teleop_keymapping) by extension 'ignore'
[2.585s] Level 1:colcon.colcon_core.package_identification:_identify(src/mobilehri2023/joy_teleop_keymapping) by extension 'ignore_ament_install'
[2.585s] Level 1:colcon.colcon_core.package_identification:_identify(src/mobilehri2023/joy_teleop_keymapping) by extensions ['colcon_pkg']
[2.585s] Level 1:colcon.colcon_core.package_identification:_identify(src/mobilehri2023/joy_teleop_keymapping) by extension 'colcon_pkg'
[2.586s] Level 1:colcon.colcon_core.package_identification:_identify(src/mobilehri2023/joy_teleop_keymapping) by extensions ['colcon_meta']
[2.586s] Level 1:colcon.colcon_core.package_identification:_identify(src/mobilehri2023/joy_teleop_keymapping) by extension 'colcon_meta'
[2.587s] Level 1:colcon.colcon_core.package_identification:_identify(src/mobilehri2023/joy_teleop_keymapping) by extensions ['ros']
[2.587s] Level 1:colcon.colcon_core.package_identification:_identify(src/mobilehri2023/joy_teleop_keymapping) by extension 'ros'
[2.600s] DEBUG:colcon.colcon_core.package_identification:Package 'src/mobilehri2023/joy_teleop_keymapping' with type 'ros.ament_python' and name 'joy_teleop_keymapping'
[2.601s] Level 1:colcon.colcon_core.package_identification:_identify(src/mobilehri2023/mobile_robot_control) by extensions ['ignore', 'ignore_ament_install']
[2.601s] Level 1:colcon.colcon_core.package_identification:_identify(src/mobilehri2023/mobile_robot_control) by extension 'ignore'
[2.602s] Level 1:colcon.colcon_core.package_identification:_identify(src/mobilehri2023/mobile_robot_control) by extension 'ignore_ament_install'
[2.602s] Level 1:colcon.colcon_core.package_identification:_identify(src/mobilehri2023/mobile_robot_control) by extensions ['colcon_pkg']
[2.602s] Level 1:colcon.colcon_core.package_identification:_identify(src/mobilehri2023/mobile_robot_control) by extension 'colcon_pkg'
[2.603s] Level 1:colcon.colcon_core.package_identification:_identify(src/mobilehri2023/mobile_robot_control) by extensions ['colcon_meta']
[2.603s] Level 1:colcon.colcon_core.package_identification:_identify(src/mobilehri2023/mobile_robot_control) by extension 'colcon_meta'
[2.603s] Level 1:colcon.colcon_core.package_identification:_identify(src/mobilehri2023/mobile_robot_control) by extensions ['ros']
[2.603s] Level 1:colcon.colcon_core.package_identification:_identify(src/mobilehri2023/mobile_robot_control) by extension 'ros'
[2.607s] DEBUG:colcon.colcon_core.package_identification:Package 'src/mobilehri2023/mobile_robot_control' with type 'ros.ament_python' and name 'mobile_robot_control'
[2.608s] Level 1:colcon.colcon_core.package_identification:_identify(src/mobilehri2023/picamera) by extensions ['ignore', 'ignore_ament_install']
[2.608s] Level 1:colcon.colcon_core.package_identification:_identify(src/mobilehri2023/picamera) by extension 'ignore'
[2.609s] Level 1:colcon.colcon_core.package_identification:_identify(src/mobilehri2023/picamera) by extension 'ignore_ament_install'
[2.609s] Level 1:colcon.colcon_core.package_identification:_identify(src/mobilehri2023/picamera) by extensions ['colcon_pkg']
[2.609s] Level 1:colcon.colcon_core.package_identification:_identify(src/mobilehri2023/picamera) by extension 'colcon_pkg'
[2.610s] Level 1:colcon.colcon_core.package_identification:_identify(src/mobilehri2023/picamera) by extensions ['colcon_meta']
[2.610s] Level 1:colcon.colcon_core.package_identification:_identify(src/mobilehri2023/picamera) by extension 'colcon_meta'
[2.610s] Level 1:colcon.colcon_core.package_identification:_identify(src/mobilehri2023/picamera) by extensions ['ros']
[2.611s] Level 1:colcon.colcon_core.package_identification:_identify(src/mobilehri2023/picamera) by extension 'ros'
[2.614s] DEBUG:colcon.colcon_core.package_identification:Package 'src/mobilehri2023/picamera' with type 'ros.ament_python' and name 'picamera'
[2.615s] Level 1:colcon.colcon_core.package_identification:_identify(src/mobilehri2023/ydlidar_ros2_driver) by extensions ['ignore', 'ignore_ament_install']
[2.616s] Level 1:colcon.colcon_core.package_identification:_identify(src/mobilehri2023/ydlidar_ros2_driver) by extension 'ignore'
[2.616s] Level 1:colcon.colcon_core.package_identification:_identify(src/mobilehri2023/ydlidar_ros2_driver) by extension 'ignore_ament_install'
[2.617s] Level 1:colcon.colcon_core.package_identification:_identify(src/mobilehri2023/ydlidar_ros2_driver) by extensions ['colcon_pkg']
[2.617s] Level 1:colcon.colcon_core.package_identification:_identify(src/mobilehri2023/ydlidar_ros2_driver) by extension 'colcon_pkg'
[2.617s] Level 1:colcon.colcon_core.package_identification:_identify(src/mobilehri2023/ydlidar_ros2_driver) by extensions ['colcon_meta']
[2.618s] Level 1:colcon.colcon_core.package_identification:_identify(src/mobilehri2023/ydlidar_ros2_driver) by extension 'colcon_meta'
[2.618s] Level 1:colcon.colcon_core.package_identification:_identify(src/mobilehri2023/ydlidar_ros2_driver) by extensions ['ros']
[2.619s] Level 1:colcon.colcon_core.package_identification:_identify(src/mobilehri2023/ydlidar_ros2_driver) by extension 'ros'
[2.628s] DEBUG:colcon.colcon_core.package_identification:Package 'src/mobilehri2023/ydlidar_ros2_driver' with type 'ros.ament_cmake' and name 'ydlidar_ros2_driver'
[2.628s] Level 1:colcon.colcon_core.package_identification:_identify(src/my_package) by extensions ['ignore', 'ignore_ament_install']
[2.629s] Level 1:colcon.colcon_core.package_identification:_identify(src/my_package) by extension 'ignore'
[2.629s] Level 1:colcon.colcon_core.package_identification:_identify(src/my_package) by extension 'ignore_ament_install'
[2.630s] Level 1:colcon.colcon_core.package_identification:_identify(src/my_package) by extensions ['colcon_pkg']
[2.630s] Level 1:colcon.colcon_core.package_identification:_identify(src/my_package) by extension 'colcon_pkg'
[2.630s] Level 1:colcon.colcon_core.package_identification:_identify(src/my_package) by extensions ['colcon_meta']
[2.630s] Level 1:colcon.colcon_core.package_identification:_identify(src/my_package) by extension 'colcon_meta'
[2.631s] Level 1:colcon.colcon_core.package_identification:_identify(src/my_package) by extensions ['ros']
[2.631s] Level 1:colcon.colcon_core.package_identification:_identify(src/my_package) by extension 'ros'
[2.634s] DEBUG:colcon.colcon_core.package_identification:Package 'src/my_package' with type 'ros.ament_python' and name 'my_package'
[2.635s] Level 1:colcon.colcon_core.package_discovery:discover_packages(recursive) using defaults
[2.635s] Level 1:colcon.colcon_core.package_discovery:discover_packages(ignore) discover
[2.635s] Level 1:colcon.colcon_core.package_discovery:discover_packages(ignore) using defaults
[2.635s] Level 1:colcon.colcon_core.package_discovery:discover_packages(path) discover
[2.635s] Level 1:colcon.colcon_core.package_discovery:discover_packages(path) using defaults
[2.760s] Level 1:colcon.colcon_core.package_discovery:discover_packages(prefix_path) check parameters
[2.760s] Level 1:colcon.colcon_core.package_discovery:discover_packages(prefix_path) discover
[2.778s] DEBUG:colcon.colcon_installed_package_information.package_discovery:Found 5 installed packages in /home/mobilehri/mobilehri_ws/install
[2.793s] DEBUG:colcon.colcon_installed_package_information.package_discovery:Found 315 installed packages in /opt/ros/humble
[2.802s] Level 1:colcon.colcon_core.package_discovery:discover_packages(prefix_path) using defaults
[3.165s] Level 5:colcon.colcon_core.verb:set package 'joy_teleop_keymapping' build argument 'cmake_args' from command line to 'None'
[3.166s] Level 5:colcon.colcon_core.verb:set package 'joy_teleop_keymapping' build argument 'cmake_target' from command line to 'None'
[3.166s] Level 5:colcon.colcon_core.verb:set package 'joy_teleop_keymapping' build argument 'cmake_target_skip_unavailable' from command line to 'False'
[3.166s] Level 5:colcon.colcon_core.verb:set package 'joy_teleop_keymapping' build argument 'cmake_clean_cache' from command line to 'False'
[3.167s] Level 5:colcon.colcon_core.verb:set package 'joy_teleop_keymapping' build argument 'cmake_clean_first' from command line to 'False'
[3.167s] Level 5:colcon.colcon_core.verb:set package 'joy_teleop_keymapping' build argument 'cmake_force_configure' from command line to 'False'
[3.167s] Level 5:colcon.colcon_core.verb:set package 'joy_teleop_keymapping' build argument 'ament_cmake_args' from command line to 'None'
[3.167s] Level 5:colcon.colcon_core.verb:set package 'joy_teleop_keymapping' build argument 'catkin_cmake_args' from command line to 'None'
[3.167s] Level 5:colcon.colcon_core.verb:set package 'joy_teleop_keymapping' build argument 'catkin_skip_building_tests' from command line to 'False'
[3.168s] DEBUG:colcon.colcon_core.verb:Building package 'joy_teleop_keymapping' with the following arguments: {'ament_cmake_args': None, 'build_base': '/home/mobilehri/mobilehri_ws/build/joy_teleop_keymapping', 'catkin_cmake_args': None, 'catkin_skip_building_tests': False, 'cmake_args': None, 'cmake_clean_cache': False, 'cmake_clean_first': False, 'cmake_force_configure': False, 'cmake_target': None, 'cmake_target_skip_unavailable': False, 'install_base': '/home/mobilehri/mobilehri_ws/install/joy_teleop_keymapping', 'merge_install': False, 'path': '/home/mobilehri/mobilehri_ws/src/mobilehri2023/joy_teleop_keymapping', 'symlink_install': False, 'test_result_base': None}
[3.174s] Level 5:colcon.colcon_core.verb:set package 'mobile_robot_control' build argument 'cmake_args' from command line to 'None'
[3.174s] Level 5:colcon.colcon_core.verb:set package 'mobile_robot_control' build argument 'cmake_target' from command line to 'None'
[3.175s] Level 5:colcon.colcon_core.verb:set package 'mobile_robot_control' build argument 'cmake_target_skip_unavailable' from command line to 'False'
[3.175s] Level 5:colcon.colcon_core.verb:set package 'mobile_robot_control' build argument 'cmake_clean_cache' from command line to 'False'
[3.175s] Level 5:colcon.colcon_core.verb:set package 'mobile_robot_control' build argument 'cmake_clean_first' from command line to 'False'
[3.175s] Level 5:colcon.colcon_core.verb:set package 'mobile_robot_control' build argument 'cmake_force_configure' from command line to 'False'
[3.175s] Level 5:colcon.colcon_core.verb:set package 'mobile_robot_control' build argument 'ament_cmake_args' from command line to 'None'
[3.176s] Level 5:colcon.colcon_core.verb:set package 'mobile_robot_control' build argument 'catkin_cmake_args' from command line to 'None'
[3.176s] Level 5:colcon.colcon_core.verb:set package 'mobile_robot_control' build argument 'catkin_skip_building_tests' from command line to 'False'
[3.176s] DEBUG:colcon.colcon_core.verb:Building package 'mobile_robot_control' with the following arguments: {'ament_cmake_args': None, 'build_base': '/home/mobilehri/mobilehri_ws/build/mobile_robot_control', 'catkin_cmake_args': None, 'catkin_skip_building_tests': False, 'cmake_args': None, 'cmake_clean_cache': False, 'cmake_clean_first': False, 'cmake_force_configure': False, 'cmake_target': None, 'cmake_target_skip_unavailable': False, 'install_base': '/home/mobilehri/mobilehri_ws/install/mobile_robot_control', 'merge_install': False, 'path': '/home/mobilehri/mobilehri_ws/src/mobilehri2023/mobile_robot_control', 'symlink_install': False, 'test_result_base': None}
[3.183s] Level 5:colcon.colcon_core.verb:set package 'my_package' build argument 'cmake_args' from command line to 'None'
[3.183s] Level 5:colcon.colcon_core.verb:set package 'my_package' build argument 'cmake_target' from command line to 'None'
[3.183s] Level 5:colcon.colcon_core.verb:set package 'my_package' build argument 'cmake_target_skip_unavailable' from command line to 'False'
[3.183s] Level 5:colcon.colcon_core.verb:set package 'my_package' build argument 'cmake_clean_cache' from command line to 'False'
[3.184s] Level 5:colcon.colcon_core.verb:set package 'my_package' build argument 'cmake_clean_first' from command line to 'False'
[3.184s] Level 5:colcon.colcon_core.verb:set package 'my_package' build argument 'cmake_force_configure' from command line to 'False'
[3.184s] Level 5:colcon.colcon_core.verb:set package 'my_package' build argument 'ament_cmake_args' from command line to 'None'
[3.184s] Level 5:colcon.colcon_core.verb:set package 'my_package' build argument 'catkin_cmake_args' from command line to 'None'
[3.185s] Level 5:colcon.colcon_core.verb:set package 'my_package' build argument 'catkin_skip_building_tests' from command line to 'False'
[3.185s] DEBUG:colcon.colcon_core.verb:Building package 'my_package' with the following arguments: {'ament_cmake_args': None, 'build_base': '/home/mobilehri/mobilehri_ws/build/my_package', 'catkin_cmake_args': None, 'catkin_skip_building_tests': False, 'cmake_args': None, 'cmake_clean_cache': False, 'cmake_clean_first': False, 'cmake_force_configure': False, 'cmake_target': None, 'cmake_target_skip_unavailable': False, 'install_base': '/home/mobilehri/mobilehri_ws/install/my_package', 'merge_install': False, 'path': '/home/mobilehri/mobilehri_ws/src/my_package', 'symlink_install': False, 'test_result_base': None}
[3.191s] Level 5:colcon.colcon_core.verb:set package 'picamera' build argument 'cmake_args' from command line to 'None'
[3.191s] Level 5:colcon.colcon_core.verb:set package 'picamera' build argument 'cmake_target' from command line to 'None'
[3.192s] Level 5:colcon.colcon_core.verb:set package 'picamera' build argument 'cmake_target_skip_unavailable' from command line to 'False'
[3.193s] Level 5:colcon.colcon_core.verb:set package 'picamera' build argument 'cmake_clean_cache' from command line to 'False'
[3.193s] Level 5:colcon.colcon_core.verb:set package 'picamera' build argument 'cmake_clean_first' from command line to 'False'
[3.193s] Level 5:colcon.colcon_core.verb:set package 'picamera' build argument 'cmake_force_configure' from command line to 'False'
[3.193s] Level 5:colcon.colcon_core.verb:set package 'picamera' build argument 'ament_cmake_args' from command line to 'None'
[3.194s] Level 5:colcon.colcon_core.verb:set package 'picamera' build argument 'catkin_cmake_args' from command line to 'None'
[3.194s] Level 5:colcon.colcon_core.verb:set package 'picamera' build argument 'catkin_skip_building_tests' from command line to 'False'
[3.194s] DEBUG:colcon.colcon_core.verb:Building package 'picamera' with the following arguments: {'ament_cmake_args': None, 'build_base': '/home/mobilehri/mobilehri_ws/build/picamera', 'catkin_cmake_args': None, 'catkin_skip_building_tests': False, 'cmake_args': None, 'cmake_clean_cache': False, 'cmake_clean_first': False, 'cmake_force_configure': False, 'cmake_target': None, 'cmake_target_skip_unavailable': False, 'install_base': '/home/mobilehri/mobilehri_ws/install/picamera', 'merge_install': False, 'path': '/home/mobilehri/mobilehri_ws/src/mobilehri2023/picamera', 'symlink_install': False, 'test_result_base': None}
[3.200s] Level 5:colcon.colcon_core.verb:set package 'ydlidar_ros2_driver' build argument 'cmake_args' from command line to 'None'
[3.200s] Level 5:colcon.colcon_core.verb:set package 'ydlidar_ros2_driver' build argument 'cmake_target' from command line to 'None'
[3.201s] Level 5:colcon.colcon_core.verb:set package 'ydlidar_ros2_driver' build argument 'cmake_target_skip_unavailable' from command line to 'False'
[3.201s] Level 5:colcon.colcon_core.verb:set package 'ydlidar_ros2_driver' build argument 'cmake_clean_cache' from command line to 'False'
[3.201s] Level 5:colcon.colcon_core.verb:set package 'ydlidar_ros2_driver' build argument 'cmake_clean_first' from command line to 'False'
[3.201s] Level 5:colcon.colcon_core.verb:set package 'ydlidar_ros2_driver' build argument 'cmake_force_configure' from command line to 'False'
[3.201s] Level 5:colcon.colcon_core.verb:set package 'ydlidar_ros2_driver' build argument 'ament_cmake_args' from command line to 'None'
[3.202s] Level 5:colcon.colcon_core.verb:set package 'ydlidar_ros2_driver' build argument 'catkin_cmake_args' from command line to 'None'
[3.202s] Level 5:colcon.colcon_core.verb:set package 'ydlidar_ros2_driver' build argument 'catkin_skip_building_tests' from command line to 'False'
[3.202s] DEBUG:colcon.colcon_core.verb:Building package 'ydlidar_ros2_driver' with the following arguments: {'ament_cmake_args': None, 'build_base': '/home/mobilehri/mobilehri_ws/build/ydlidar_ros2_driver', 'catkin_cmake_args': None, 'catkin_skip_building_tests': False, 'cmake_args': None, 'cmake_clean_cache': False, 'cmake_clean_first': False, 'cmake_force_configure': False, 'cmake_target': None, 'cmake_target_skip_unavailable': False, 'install_base': '/home/mobilehri/mobilehri_ws/install/ydlidar_ros2_driver', 'merge_install': False, 'path': '/home/mobilehri/mobilehri_ws/src/mobilehri2023/ydlidar_ros2_driver', 'symlink_install': False, 'test_result_base': None}
[3.206s] INFO:colcon.colcon_core.executor:Executing jobs using 'parallel' executor
[3.232s] DEBUG:colcon.colcon_parallel_executor.executor.parallel:run_until_complete
[3.235s] INFO:colcon.colcon_ros.task.ament_python.build:Building ROS package in '/home/mobilehri/mobilehri_ws/src/mobilehri2023/joy_teleop_keymapping' with build type 'ament_python'
[3.236s] Level 1:colcon.colcon_core.shell:create_environment_hook('joy_teleop_keymapping', 'ament_prefix_path')
[3.270s] INFO:colcon.colcon_core.plugin_system:Skipping extension 'colcon_core.shell.bat': Not used on non-Windows systems
[3.271s] INFO:colcon.colcon_core.shell:Creating environment hook '/home/mobilehri/mobilehri_ws/install/joy_teleop_keymapping/share/joy_teleop_keymapping/hook/ament_prefix_path.ps1'
[3.276s] INFO:colcon.colcon_core.shell:Creating environment descriptor '/home/mobilehri/mobilehri_ws/install/joy_teleop_keymapping/share/joy_teleop_keymapping/hook/ament_prefix_path.dsv'
[3.279s] INFO:colcon.colcon_core.shell:Creating environment hook '/home/mobilehri/mobilehri_ws/install/joy_teleop_keymapping/share/joy_teleop_keymapping/hook/ament_prefix_path.sh'
[3.289s] INFO:colcon.colcon_core.shell:Skip shell extension 'powershell' for command environment: Not usable outside of PowerShell
[3.289s] DEBUG:colcon.colcon_core.shell:Skip shell extension 'dsv' for command environment
[3.324s] INFO:colcon.colcon_ros.task.ament_python.build:Building ROS package in '/home/mobilehri/mobilehri_ws/src/mobilehri2023/mobile_robot_control' with build type 'ament_python'
[3.326s] Level 1:colcon.colcon_core.shell:create_environment_hook('mobile_robot_control', 'ament_prefix_path')
[3.334s] INFO:colcon.colcon_core.shell:Creating environment hook '/home/mobilehri/mobilehri_ws/install/mobile_robot_control/share/mobile_robot_control/hook/ament_prefix_path.ps1'
[3.338s] INFO:colcon.colcon_core.shell:Creating environment descriptor '/home/mobilehri/mobilehri_ws/install/mobile_robot_control/share/mobile_robot_control/hook/ament_prefix_path.dsv'
[3.340s] INFO:colcon.colcon_core.shell:Creating environment hook '/home/mobilehri/mobilehri_ws/install/mobile_robot_control/share/mobile_robot_control/hook/ament_prefix_path.sh'
[3.354s] INFO:colcon.colcon_core.shell:Skip shell extension 'powershell' for command environment: Not usable outside of PowerShell
[3.355s] DEBUG:colcon.colcon_core.shell:Skip shell extension 'dsv' for command environment
[3.393s] INFO:colcon.colcon_ros.task.ament_python.build:Building ROS package in '/home/mobilehri/mobilehri_ws/src/my_package' with build type 'ament_python'
[3.394s] Level 1:colcon.colcon_core.shell:create_environment_hook('my_package', 'ament_prefix_path')
[3.405s] INFO:colcon.colcon_core.shell:Creating environment hook '/home/mobilehri/mobilehri_ws/install/my_package/share/my_package/hook/ament_prefix_path.ps1'
[3.408s] INFO:colcon.colcon_core.shell:Creating environment descriptor '/home/mobilehri/mobilehri_ws/install/my_package/share/my_package/hook/ament_prefix_path.dsv'
[3.411s] INFO:colcon.colcon_core.shell:Creating environment hook '/home/mobilehri/mobilehri_ws/install/my_package/share/my_package/hook/ament_prefix_path.sh'
[3.423s] INFO:colcon.colcon_core.shell:Skip shell extension 'powershell' for command environment: Not usable outside of PowerShell
[3.423s] DEBUG:colcon.colcon_core.shell:Skip shell extension 'dsv' for command environment
[3.464s] INFO:colcon.colcon_ros.task.ament_python.build:Building ROS package in '/home/mobilehri/mobilehri_ws/src/mobilehri2023/picamera' with build type 'ament_python'
[3.466s] Level 1:colcon.colcon_core.shell:create_environment_hook('picamera', 'ament_prefix_path')
[3.475s] INFO:colcon.colcon_core.shell:Creating environment hook '/home/mobilehri/mobilehri_ws/install/picamera/share/picamera/hook/ament_prefix_path.ps1'
[3.478s] INFO:colcon.colcon_core.shell:Creating environment descriptor '/home/mobilehri/mobilehri_ws/install/picamera/share/picamera/hook/ament_prefix_path.dsv'
[3.480s] INFO:colcon.colcon_core.shell:Creating environment hook '/home/mobilehri/mobilehri_ws/install/picamera/share/picamera/hook/ament_prefix_path.sh'
[3.489s] INFO:colcon.colcon_core.shell:Skip shell extension 'powershell' for command environment: Not usable outside of PowerShell
[3.489s] DEBUG:colcon.colcon_core.shell:Skip shell extension 'dsv' for command environment
[5.468s] INFO:colcon.colcon_core.task.python.build:Building Python package in '/home/mobilehri/mobilehri_ws/src/mobilehri2023/joy_teleop_keymapping'
[5.476s] INFO:colcon.colcon_core.shell:Skip shell extension 'powershell' for command environment: Not usable outside of PowerShell
[5.477s] DEBUG:colcon.colcon_core.shell:Skip shell extension 'dsv' for command environment
[7.402s] INFO:colcon.colcon_core.task.python.build:Building Python package in '/home/mobilehri/mobilehri_ws/src/mobilehri2023/mobile_robot_control'
[7.411s] INFO:colcon.colcon_core.shell:Skip shell extension 'powershell' for command environment: Not usable outside of PowerShell
[7.411s] DEBUG:colcon.colcon_core.shell:Skip shell extension 'dsv' for command environment
[9.373s] INFO:colcon.colcon_core.task.python.build:Building Python package in '/home/mobilehri/mobilehri_ws/src/my_package'
[9.381s] INFO:colcon.colcon_core.shell:Skip shell extension 'powershell' for command environment: Not usable outside of PowerShell
[9.381s] DEBUG:colcon.colcon_core.shell:Skip shell extension 'dsv' for command environment
[11.375s] INFO:colcon.colcon_core.task.python.build:Building Python package in '/home/mobilehri/mobilehri_ws/src/mobilehri2023/picamera'
[11.382s] INFO:colcon.colcon_core.shell:Skip shell extension 'powershell' for command environment: Not usable outside of PowerShell
[11.383s] DEBUG:colcon.colcon_core.shell:Skip shell extension 'dsv' for command environment
[15.737s] DEBUG:colcon.colcon_core.event_handler.log_command:Invoking command in '/home/mobilehri/mobilehri_ws/src/mobilehri2023/mobile_robot_control': PYTHONPATH=/home/mobilehri/mobilehri_ws/build/mobile_robot_control/prefix_override:/home/mobilehri/mobilehri_ws/install/mobile_robot_control/lib/python3.10/site-packages:${PYTHONPATH} /usr/bin/python3 setup.py egg_info --egg-base ../../../build/mobile_robot_control build --build-base /home/mobilehri/mobilehri_ws/build/mobile_robot_control/build install --record /home/mobilehri/mobilehri_ws/build/mobile_robot_control/install.log --single-version-externally-managed
[15.890s] DEBUG:colcon.colcon_core.event_handler.log_command:Invoking command in '/home/mobilehri/mobilehri_ws/src/mobilehri2023/joy_teleop_keymapping': PYTHONPATH=/home/mobilehri/mobilehri_ws/build/joy_teleop_keymapping/prefix_override:/home/mobilehri/mobilehri_ws/install/joy_teleop_keymapping/lib/python3.10/site-packages:${PYTHONPATH} /usr/bin/python3 setup.py egg_info --egg-base ../../../build/joy_teleop_keymapping build --build-base /home/mobilehri/mobilehri_ws/build/joy_teleop_keymapping/build install --record /home/mobilehri/mobilehri_ws/build/joy_teleop_keymapping/install.log --single-version-externally-managed
[16.090s] DEBUG:colcon.colcon_core.event_handler.log_command:Invoking command in '/home/mobilehri/mobilehri_ws/src/my_package': PYTHONPATH=/home/mobilehri/mobilehri_ws/build/my_package/prefix_override:/home/mobilehri/mobilehri_ws/install/my_package/lib/python3.10/site-packages:${PYTHONPATH} /usr/bin/python3 setup.py egg_info --egg-base ../../build/my_package build --build-base /home/mobilehri/mobilehri_ws/build/my_package/build install --record /home/mobilehri/mobilehri_ws/build/my_package/install.log --single-version-externally-managed
[16.441s] DEBUG:colcon.colcon_core.event_handler.log_command:Invoking command in '/home/mobilehri/mobilehri_ws/src/mobilehri2023/picamera': PYTHONPATH=/home/mobilehri/mobilehri_ws/build/picamera/prefix_override:/home/mobilehri/mobilehri_ws/install/picamera/lib/python3.10/site-packages:${PYTHONPATH} /usr/bin/python3 setup.py egg_info --egg-base ../../../build/picamera build --build-base /home/mobilehri/mobilehri_ws/build/picamera/build install --record /home/mobilehri/mobilehri_ws/build/picamera/install.log --single-version-externally-managed
[19.462s] DEBUG:colcon.colcon_core.event_handler.log_command:Invoked command in '/home/mobilehri/mobilehri_ws/src/mobilehri2023/joy_teleop_keymapping' returned '0': PYTHONPATH=/home/mobilehri/mobilehri_ws/build/joy_teleop_keymapping/prefix_override:/home/mobilehri/mobilehri_ws/install/joy_teleop_keymapping/lib/python3.10/site-packages:${PYTHONPATH} /usr/bin/python3 setup.py egg_info --egg-base ../../../build/joy_teleop_keymapping build --build-base /home/mobilehri/mobilehri_ws/build/joy_teleop_keymapping/build install --record /home/mobilehri/mobilehri_ws/build/joy_teleop_keymapping/install.log --single-version-externally-managed
[19.516s] Level 1:colcon.colcon_core.environment:checking '/home/mobilehri/mobilehri_ws/install/joy_teleop_keymapping' for CMake module files
[19.528s] Level 1:colcon.colcon_core.environment:checking '/home/mobilehri/mobilehri_ws/install/joy_teleop_keymapping' for CMake config files
[19.542s] Level 1:colcon.colcon_core.environment:checking '/home/mobilehri/mobilehri_ws/install/joy_teleop_keymapping/lib'
[19.543s] Level 1:colcon.colcon_core.environment:checking '/home/mobilehri/mobilehri_ws/install/joy_teleop_keymapping/bin'
[19.544s] Level 1:colcon.colcon_core.environment:checking '/home/mobilehri/mobilehri_ws/install/joy_teleop_keymapping/lib/pkgconfig/joy_teleop_keymapping.pc'
[19.550s] Level 1:colcon.colcon_core.environment:checking '/home/mobilehri/mobilehri_ws/install/joy_teleop_keymapping/lib/python3.10/site-packages'
[19.551s] Level 1:colcon.colcon_core.shell:create_environment_hook('joy_teleop_keymapping', 'pythonpath')
[19.565s] INFO:colcon.colcon_core.shell:Creating environment hook '/home/mobilehri/mobilehri_ws/install/joy_teleop_keymapping/share/joy_teleop_keymapping/hook/pythonpath.ps1'
[19.577s] INFO:colcon.colcon_core.shell:Creating environment descriptor '/home/mobilehri/mobilehri_ws/install/joy_teleop_keymapping/share/joy_teleop_keymapping/hook/pythonpath.dsv'
[19.580s] INFO:colcon.colcon_core.shell:Creating environment hook '/home/mobilehri/mobilehri_ws/install/joy_teleop_keymapping/share/joy_teleop_keymapping/hook/pythonpath.sh'
[19.585s] Level 1:colcon.colcon_core.environment:checking '/home/mobilehri/mobilehri_ws/install/joy_teleop_keymapping/bin'
[19.588s] Level 1:colcon.colcon_core.environment:create_environment_scripts_only(joy_teleop_keymapping)
[19.605s] INFO:colcon.colcon_core.shell:Creating package script '/home/mobilehri/mobilehri_ws/install/joy_teleop_keymapping/share/joy_teleop_keymapping/package.ps1'
[19.614s] INFO:colcon.colcon_core.shell:Creating package descriptor '/home/mobilehri/mobilehri_ws/install/joy_teleop_keymapping/share/joy_teleop_keymapping/package.dsv'
[19.624s] INFO:colcon.colcon_core.shell:Creating package script '/home/mobilehri/mobilehri_ws/install/joy_teleop_keymapping/share/joy_teleop_keymapping/package.sh'
[19.633s] INFO:colcon.colcon_core.shell:Creating package script '/home/mobilehri/mobilehri_ws/install/joy_teleop_keymapping/share/joy_teleop_keymapping/package.bash'
[19.649s] INFO:colcon.colcon_core.shell:Creating package script '/home/mobilehri/mobilehri_ws/install/joy_teleop_keymapping/share/joy_teleop_keymapping/package.zsh'
[19.663s] Level 1:colcon.colcon_core.environment:create_file_with_runtime_dependencies(/home/mobilehri/mobilehri_ws/install/joy_teleop_keymapping/share/colcon-core/packages/joy_teleop_keymapping)
[19.672s] INFO:colcon.colcon_ros.task.ament_cmake.build:Building ROS package in '/home/mobilehri/mobilehri_ws/src/mobilehri2023/ydlidar_ros2_driver' with build type 'ament_cmake'
[19.677s] INFO:colcon.colcon_cmake.task.cmake.build:Building CMake package in '/home/mobilehri/mobilehri_ws/src/mobilehri2023/ydlidar_ros2_driver'
[19.800s] INFO:colcon.colcon_core.shell:Skip shell extension 'powershell' for command environment: Not usable outside of PowerShell
[19.805s] DEBUG:colcon.colcon_core.shell:Skip shell extension 'dsv' for command environment
[19.884s] DEBUG:colcon.colcon_core.event_handler.log_command:Invoking command in '/home/mobilehri/mobilehri_ws/build/ydlidar_ros2_driver': CMAKE_PREFIX_PATH=/home/mobilehri/mobilehri_ws/install/picamera:/home/mobilehri/mobilehri_ws/install/my_package:/home/mobilehri/mobilehri_ws/install/mobile_robot_control:/home/mobilehri/mobilehri_ws/install/joy_teleop_keymapping:/opt/ros/humble /usr/bin/cmake /home/mobilehri/mobilehri_ws/src/mobilehri2023/ydlidar_ros2_driver -DCMAKE_INSTALL_PREFIX=/home/mobilehri/mobilehri_ws/install/ydlidar_ros2_driver
[20.321s] DEBUG:colcon.colcon_core.event_handler.log_command:Invoked command in '/home/mobilehri/mobilehri_ws/src/mobilehri2023/mobile_robot_control' returned '0': PYTHONPATH=/home/mobilehri/mobilehri_ws/build/mobile_robot_control/prefix_override:/home/mobilehri/mobilehri_ws/install/mobile_robot_control/lib/python3.10/site-packages:${PYTHONPATH} /usr/bin/python3 setup.py egg_info --egg-base ../../../build/mobile_robot_control build --build-base /home/mobilehri/mobilehri_ws/build/mobile_robot_control/build install --record /home/mobilehri/mobilehri_ws/build/mobile_robot_control/install.log --single-version-externally-managed
[20.331s] Level 1:colcon.colcon_core.environment:checking '/home/mobilehri/mobilehri_ws/install/mobile_robot_control' for CMake module files
[20.340s] Level 1:colcon.colcon_core.environment:checking '/home/mobilehri/mobilehri_ws/install/mobile_robot_control' for CMake config files
[20.351s] Level 1:colcon.colcon_core.environment:checking '/home/mobilehri/mobilehri_ws/install/mobile_robot_control/lib'
[20.351s] Level 1:colcon.colcon_core.environment:checking '/home/mobilehri/mobilehri_ws/install/mobile_robot_control/bin'
[20.352s] Level 1:colcon.colcon_core.environment:checking '/home/mobilehri/mobilehri_ws/install/mobile_robot_control/lib/pkgconfig/mobile_robot_control.pc'
[20.359s] Level 1:colcon.colcon_core.environment:checking '/home/mobilehri/mobilehri_ws/install/mobile_robot_control/lib/python3.10/site-packages'
[20.359s] Level 1:colcon.colcon_core.shell:create_environment_hook('mobile_robot_control', 'pythonpath')
[20.377s] INFO:colcon.colcon_core.shell:Creating environment hook '/home/mobilehri/mobilehri_ws/install/mobile_robot_control/share/mobile_robot_control/hook/pythonpath.ps1'
[20.385s] INFO:colcon.colcon_core.shell:Creating environment descriptor '/home/mobilehri/mobilehri_ws/install/mobile_robot_control/share/mobile_robot_control/hook/pythonpath.dsv'
[20.387s] INFO:colcon.colcon_core.shell:Creating environment hook '/home/mobilehri/mobilehri_ws/install/mobile_robot_control/share/mobile_robot_control/hook/pythonpath.sh'
[20.395s] Level 1:colcon.colcon_core.environment:checking '/home/mobilehri/mobilehri_ws/install/mobile_robot_control/bin'
[20.395s] Level 1:colcon.colcon_core.environment:create_environment_scripts_only(mobile_robot_control)
[20.415s] INFO:colcon.colcon_core.shell:Creating package script '/home/mobilehri/mobilehri_ws/install/mobile_robot_control/share/mobile_robot_control/package.ps1'
[20.424s] INFO:colcon.colcon_core.shell:Creating package descriptor '/home/mobilehri/mobilehri_ws/install/mobile_robot_control/share/mobile_robot_control/package.dsv'
[20.433s] INFO:colcon.colcon_core.shell:Creating package script '/home/mobilehri/mobilehri_ws/install/mobile_robot_control/share/mobile_robot_control/package.sh'
[20.450s] INFO:colcon.colcon_core.shell:Creating package script '/home/mobilehri/mobilehri_ws/install/mobile_robot_control/share/mobile_robot_control/package.bash'
[20.476s] INFO:colcon.colcon_core.shell:Creating package script '/home/mobilehri/mobilehri_ws/install/mobile_robot_control/share/mobile_robot_control/package.zsh'
[20.482s] Level 1:colcon.colcon_core.environment:create_file_with_runtime_dependencies(/home/mobilehri/mobilehri_ws/install/mobile_robot_control/share/colcon-core/packages/mobile_robot_control)
[20.954s] DEBUG:colcon.colcon_core.event_handler.log_command:Invoked command in '/home/mobilehri/mobilehri_ws/src/my_package' returned '0': PYTHONPATH=/home/mobilehri/mobilehri_ws/build/my_package/prefix_override:/home/mobilehri/mobilehri_ws/install/my_package/lib/python3.10/site-packages:${PYTHONPATH} /usr/bin/python3 setup.py egg_info --egg-base ../../build/my_package build --build-base /home/mobilehri/mobilehri_ws/build/my_package/build install --record /home/mobilehri/mobilehri_ws/build/my_package/install.log --single-version-externally-managed
[20.974s] Level 1:colcon.colcon_core.environment:checking '/home/mobilehri/mobilehri_ws/install/my_package' for CMake module files
[20.977s] Level 1:colcon.colcon_core.environment:checking '/home/mobilehri/mobilehri_ws/install/my_package' for CMake config files
[20.982s] Level 1:colcon.colcon_core.environment:checking '/home/mobilehri/mobilehri_ws/install/my_package/lib'
[20.994s] Level 1:colcon.colcon_core.environment:checking '/home/mobilehri/mobilehri_ws/install/my_package/bin'
[20.995s] Level 1:colcon.colcon_core.environment:checking '/home/mobilehri/mobilehri_ws/install/my_package/lib/pkgconfig/my_package.pc'
[20.996s] Level 1:colcon.colcon_core.environment:checking '/home/mobilehri/mobilehri_ws/install/my_package/lib/python3.10/site-packages'
[20.997s] Level 1:colcon.colcon_core.shell:create_environment_hook('my_package', 'pythonpath')
[21.049s] INFO:colcon.colcon_core.shell:Creating environment hook '/home/mobilehri/mobilehri_ws/install/my_package/share/my_package/hook/pythonpath.ps1'
[21.055s] INFO:colcon.colcon_core.shell:Creating environment descriptor '/home/mobilehri/mobilehri_ws/install/my_package/share/my_package/hook/pythonpath.dsv'
[21.068s] INFO:colcon.colcon_core.shell:Creating environment hook '/home/mobilehri/mobilehri_ws/install/my_package/share/my_package/hook/pythonpath.sh'
[21.072s] Level 1:colcon.colcon_core.environment:checking '/home/mobilehri/mobilehri_ws/install/my_package/bin'
[21.073s] Level 1:colcon.colcon_core.environment:create_environment_scripts_only(my_package)
[21.090s] INFO:colcon.colcon_core.shell:Creating package script '/home/mobilehri/mobilehri_ws/install/my_package/share/my_package/package.ps1'
[21.100s] INFO:colcon.colcon_core.shell:Creating package descriptor '/home/mobilehri/mobilehri_ws/install/my_package/share/my_package/package.dsv'
[21.109s] INFO:colcon.colcon_core.shell:Creating package script '/home/mobilehri/mobilehri_ws/install/my_package/share/my_package/package.sh'
[21.117s] INFO:colcon.colcon_core.shell:Creating package script '/home/mobilehri/mobilehri_ws/install/my_package/share/my_package/package.bash'
[21.124s] INFO:colcon.colcon_core.shell:Creating package script '/home/mobilehri/mobilehri_ws/install/my_package/share/my_package/package.zsh'
[21.130s] Level 1:colcon.colcon_core.environment:create_file_with_runtime_dependencies(/home/mobilehri/mobilehri_ws/install/my_package/share/colcon-core/packages/my_package)
[21.235s] DEBUG:colcon.colcon_core.event_handler.log_command:Invoked command in '/home/mobilehri/mobilehri_ws/src/mobilehri2023/picamera' returned '0': PYTHONPATH=/home/mobilehri/mobilehri_ws/build/picamera/prefix_override:/home/mobilehri/mobilehri_ws/install/picamera/lib/python3.10/site-packages:${PYTHONPATH} /usr/bin/python3 setup.py egg_info --egg-base ../../../build/picamera build --build-base /home/mobilehri/mobilehri_ws/build/picamera/build install --record /home/mobilehri/mobilehri_ws/build/picamera/install.log --single-version-externally-managed
[21.247s] Level 1:colcon.colcon_core.environment:checking '/home/mobilehri/mobilehri_ws/install/picamera' for CMake module files
[21.252s] Level 1:colcon.colcon_core.environment:checking '/home/mobilehri/mobilehri_ws/install/picamera' for CMake config files
[21.258s] Level 1:colcon.colcon_core.environment:checking '/home/mobilehri/mobilehri_ws/install/picamera/lib'
[21.259s] Level 1:colcon.colcon_core.environment:checking '/home/mobilehri/mobilehri_ws/install/picamera/bin'
[21.260s] Level 1:colcon.colcon_core.environment:checking '/home/mobilehri/mobilehri_ws/install/picamera/lib/pkgconfig/picamera.pc'
[21.261s] Level 1:colcon.colcon_core.environment:checking '/home/mobilehri/mobilehri_ws/install/picamera/lib/python3.10/site-packages'
[21.262s] Level 1:colcon.colcon_core.shell:create_environment_hook('picamera', 'pythonpath')
[21.270s] INFO:colcon.colcon_core.shell:Creating environment hook '/home/mobilehri/mobilehri_ws/install/picamera/share/picamera/hook/pythonpath.ps1'
[21.273s] INFO:colcon.colcon_core.shell:Creating environment descriptor '/home/mobilehri/mobilehri_ws/install/picamera/share/picamera/hook/pythonpath.dsv'
[21.276s] INFO:colcon.colcon_core.shell:Creating environment hook '/home/mobilehri/mobilehri_ws/install/picamera/share/picamera/hook/pythonpath.sh'
[21.279s] Level 1:colcon.colcon_core.environment:checking '/home/mobilehri/mobilehri_ws/install/picamera/bin'
[21.280s] Level 1:colcon.colcon_core.environment:create_environment_scripts_only(picamera)
[21.288s] INFO:colcon.colcon_core.shell:Creating package script '/home/mobilehri/mobilehri_ws/install/picamera/share/picamera/package.ps1'
[21.291s] INFO:colcon.colcon_core.shell:Creating package descriptor '/home/mobilehri/mobilehri_ws/install/picamera/share/picamera/package.dsv'
[21.294s] INFO:colcon.colcon_core.shell:Creating package script '/home/mobilehri/mobilehri_ws/install/picamera/share/picamera/package.sh'
[21.297s] INFO:colcon.colcon_core.shell:Creating package script '/home/mobilehri/mobilehri_ws/install/picamera/share/picamera/package.bash'
[21.299s] INFO:colcon.colcon_core.shell:Creating package script '/home/mobilehri/mobilehri_ws/install/picamera/share/picamera/package.zsh'
[21.302s] Level 1:colcon.colcon_core.environment:create_file_with_runtime_dependencies(/home/mobilehri/mobilehri_ws/install/picamera/share/colcon-core/packages/picamera)
[26.549s] DEBUG:colcon.colcon_core.event_handler.log_command:Invoked command in '/home/mobilehri/mobilehri_ws/build/ydlidar_ros2_driver' returned '1': CMAKE_PREFIX_PATH=/home/mobilehri/mobilehri_ws/install/picamera:/home/mobilehri/mobilehri_ws/install/my_package:/home/mobilehri/mobilehri_ws/install/mobile_robot_control:/home/mobilehri/mobilehri_ws/install/joy_teleop_keymapping:/opt/ros/humble /usr/bin/cmake /home/mobilehri/mobilehri_ws/src/mobilehri2023/ydlidar_ros2_driver -DCMAKE_INSTALL_PREFIX=/home/mobilehri/mobilehri_ws/install/ydlidar_ros2_driver
[26.604s] Level 1:colcon.colcon_core.environment:create_environment_scripts_only(ydlidar_ros2_driver)
[26.621s] Level 1:colcon.colcon_core.environment:checking '/home/mobilehri/mobilehri_ws/install/ydlidar_ros2_driver' for CMake module files
[26.625s] Level 1:colcon.colcon_core.environment:checking '/home/mobilehri/mobilehri_ws/install/ydlidar_ros2_driver' for CMake config files
[26.628s] Level 1:colcon.colcon_core.environment:checking '/home/mobilehri/mobilehri_ws/install/ydlidar_ros2_driver/bin'
[26.629s] Level 1:colcon.colcon_core.environment:checking '/home/mobilehri/mobilehri_ws/install/ydlidar_ros2_driver/lib/pkgconfig/ydlidar_ros2_driver.pc'
[26.631s] Level 1:colcon.colcon_core.environment:checking '/home/mobilehri/mobilehri_ws/install/ydlidar_ros2_driver/lib/python3.10/site-packages'
[26.632s] Level 1:colcon.colcon_core.environment:checking '/home/mobilehri/mobilehri_ws/install/ydlidar_ros2_driver/bin'
[26.642s] INFO:colcon.colcon_core.shell:Creating package script '/home/mobilehri/mobilehri_ws/install/ydlidar_ros2_driver/share/ydlidar_ros2_driver/package.ps1'
[26.657s] INFO:colcon.colcon_core.shell:Creating package descriptor '/home/mobilehri/mobilehri_ws/install/ydlidar_ros2_driver/share/ydlidar_ros2_driver/package.dsv'
[26.678s] INFO:colcon.colcon_core.shell:Creating package script '/home/mobilehri/mobilehri_ws/install/ydlidar_ros2_driver/share/ydlidar_ros2_driver/package.sh'
[26.681s] INFO:colcon.colcon_core.shell:Creating package script '/home/mobilehri/mobilehri_ws/install/ydlidar_ros2_driver/share/ydlidar_ros2_driver/package.bash'
[26.684s] INFO:colcon.colcon_core.shell:Creating package script '/home/mobilehri/mobilehri_ws/install/ydlidar_ros2_driver/share/ydlidar_ros2_driver/package.zsh'
[26.686s] Level 1:colcon.colcon_core.environment:create_file_with_runtime_dependencies(/home/mobilehri/mobilehri_ws/install/ydlidar_ros2_driver/share/colcon-core/packages/ydlidar_ros2_driver)
[26.698s] DEBUG:colcon.colcon_parallel_executor.executor.parallel:closing loop
[26.699s] DEBUG:colcon.colcon_parallel_executor.executor.parallel:loop closed
[26.700s] DEBUG:colcon.colcon_parallel_executor.executor.parallel:run_until_complete finished with '1'
[26.701s] DEBUG:colcon.colcon_core.event_reactor:joining thread
[26.751s] INFO:colcon.colcon_core.plugin_system:Skipping extension 'colcon_notification.desktop_notification.terminal_notifier': Not used on non-Darwin systems
[26.752s] INFO:colcon.colcon_core.plugin_system:Skipping extension 'colcon_notification.desktop_notification.win32': Not used on non-Windows systems
[26.752s] INFO:colcon.colcon_notification.desktop_notification:Sending desktop notification using 'notify2'
[51.757s] DEBUG:colcon.colcon_notification.desktop_notification.notify2:Failed to initialize notify2: org.freedesktop.DBus.Error.NoReply: Did not receive a reply. Possible causes include: the remote application did not send a reply, the message bus security policy blocked the reply, the reply timeout expired, or the network connection was broken.
[51.758s] DEBUG:colcon.colcon_core.event_reactor:joined thread
[51.766s] INFO:colcon.colcon_core.shell:Creating prefix script '/home/mobilehri/mobilehri_ws/install/local_setup.ps1'
[51.771s] INFO:colcon.colcon_core.shell:Creating prefix util module '/home/mobilehri/mobilehri_ws/install/_local_setup_util_ps1.py'
[51.777s] INFO:colcon.colcon_core.shell:Creating prefix chain script '/home/mobilehri/mobilehri_ws/install/setup.ps1'
[51.785s] INFO:colcon.colcon_core.shell:Creating prefix script '/home/mobilehri/mobilehri_ws/install/local_setup.sh'
[51.788s] INFO:colcon.colcon_core.shell:Creating prefix util module '/home/mobilehri/mobilehri_ws/install/_local_setup_util_sh.py'
[51.791s] INFO:colcon.colcon_core.shell:Creating prefix chain script '/home/mobilehri/mobilehri_ws/install/setup.sh'
[51.799s] INFO:colcon.colcon_core.shell:Creating prefix script '/home/mobilehri/mobilehri_ws/install/local_setup.bash'
[51.801s] INFO:colcon.colcon_core.shell:Creating prefix chain script '/home/mobilehri/mobilehri_ws/install/setup.bash'
[51.809s] INFO:colcon.colcon_core.shell:Creating prefix script '/home/mobilehri/mobilehri_ws/install/local_setup.zsh'
[51.812s] INFO:colcon.colcon_core.shell:Creating prefix chain script '/home/mobilehri/mobilehri_ws/install/setup.zsh'
