[15.515s] Invoking command in '/home/mobilehri/mobilehri_ws/src/my_package': PYTHONPATH=/home/mobilehri/mobilehri_ws/build/my_package/prefix_override:/home/mobilehri/mobilehri_ws/install/my_package/lib/python3.10/site-packages:${PYTHONPATH} /usr/bin/python3 setup.py egg_info --egg-base ../../build/my_package build --build-base /home/mobilehri/mobilehri_ws/build/my_package/build install --record /home/mobilehri/mobilehri_ws/build/my_package/install.log --single-version-externally-managed
[19.904s] running egg_info
[19.909s] writing ../../build/my_package/my_package.egg-info/PKG-INFO
[19.973s] writing dependency_links to ../../build/my_package/my_package.egg-info/dependency_links.txt
[19.974s] writing entry points to ../../build/my_package/my_package.egg-info/entry_points.txt
[19.977s] writing requirements to ../../build/my_package/my_package.egg-info/requires.txt
[19.978s] writing top-level names to ../../build/my_package/my_package.egg-info/top_level.txt
[19.986s] reading manifest file '../../build/my_package/my_package.egg-info/SOURCES.txt'
[19.992s] writing manifest file '../../build/my_package/my_package.egg-info/SOURCES.txt'
[19.993s] running build
[19.994s] running build_py
[19.995s] running install
[20.005s] /usr/lib/python3/dist-packages/setuptools/command/install.py:34: SetuptoolsDeprecationWarning: setup.py install is deprecated. Use build and pip and other standards-based tools.
[20.005s]   warnings.warn(
[20.006s] running install_lib
[20.015s] running install_data
[20.015s] running install_egg_info
[20.025s] removing '/home/mobilehri/mobilehri_ws/install/my_package/lib/python3.10/site-packages/my_package-0.0.0-py3.10.egg-info' (and everything under it)
[20.025s] Copying ../../build/my_package/my_package.egg-info to /home/mobilehri/mobilehri_ws/install/my_package/lib/python3.10/site-packages/my_package-0.0.0-py3.10.egg-info
[20.047s] running install_scripts
[20.156s] writing list of installed files to '/home/mobilehri/mobilehri_ws/build/my_package/install.log'
[20.334s] Invoked command in '/home/mobilehri/mobilehri_ws/src/my_package' returned '0': PYTHONPATH=/home/mobilehri/mobilehri_ws/build/my_package/prefix_override:/home/mobilehri/mobilehri_ws/install/my_package/lib/python3.10/site-packages:${PYTHONPATH} /usr/bin/python3 setup.py egg_info --egg-base ../../build/my_package build --build-base /home/mobilehri/mobilehri_ws/build/my_package/build install --record /home/mobilehri/mobilehri_ws/build/my_package/install.log --single-version-externally-managed
