[12.033s] Invoking command in '/home/mobilehri/mobilehri_ws/src/my_package': PYTHONPATH=/home/mobilehri/mobilehri_ws/build/my_package/prefix_override:/home/mobilehri/mobilehri_ws/install/my_package/lib/python3.10/site-packages:${PYTHONPATH} /usr/bin/python3 setup.py egg_info --egg-base ../../build/my_package build --build-base /home/mobilehri/mobilehri_ws/build/my_package/build install --record /home/mobilehri/mobilehri_ws/build/my_package/install.log --single-version-externally-managed
[15.724s] running egg_info
[15.727s] writing ../../build/my_package/my_package.egg-info/PKG-INFO
[15.730s] writing dependency_links to ../../build/my_package/my_package.egg-info/dependency_links.txt
[15.734s] writing entry points to ../../build/my_package/my_package.egg-info/entry_points.txt
[15.735s] writing requirements to ../../build/my_package/my_package.egg-info/requires.txt
[15.735s] writing top-level names to ../../build/my_package/my_package.egg-info/top_level.txt
[15.751s] reading manifest file '../../build/my_package/my_package.egg-info/SOURCES.txt'
[15.756s] writing manifest file '../../build/my_package/my_package.egg-info/SOURCES.txt'
[15.757s] running build
[15.757s] running build_py
[15.761s] running install
[15.762s] /usr/lib/python3/dist-packages/setuptools/command/install.py:34: SetuptoolsDeprecationWarning: setup.py install is deprecated. Use build and pip and other standards-based tools.
[15.763s]   warnings.warn(
[15.764s] running install_lib
[15.772s] running install_data
[15.776s] running install_egg_info
[15.790s] removing '/home/mobilehri/mobilehri_ws/install/my_package/lib/python3.10/site-packages/my_package-0.0.0-py3.10.egg-info' (and everything under it)
[15.791s] Copying ../../build/my_package/my_package.egg-info to /home/mobilehri/mobilehri_ws/install/my_package/lib/python3.10/site-packages/my_package-0.0.0-py3.10.egg-info
[15.800s] running install_scripts
[16.004s] writing list of installed files to '/home/mobilehri/mobilehri_ws/build/my_package/install.log'
[16.283s] Invoked command in '/home/mobilehri/mobilehri_ws/src/my_package' returned '0': PYTHONPATH=/home/mobilehri/mobilehri_ws/build/my_package/prefix_override:/home/mobilehri/mobilehri_ws/install/my_package/lib/python3.10/site-packages:${PYTHONPATH} /usr/bin/python3 setup.py egg_info --egg-base ../../build/my_package build --build-base /home/mobilehri/mobilehri_ws/build/my_package/build install --record /home/mobilehri/mobilehri_ws/build/my_package/install.log --single-version-externally-managed
