[14.056s] Invoking command in '/home/mobilehri/mobilehri_ws/src/my_package': PYTHONPATH=/home/mobilehri/mobilehri_ws/build/my_package/prefix_override:/home/mobilehri/mobilehri_ws/install/my_package/lib/python3.10/site-packages:${PYTHONPATH} /usr/bin/python3 setup.py egg_info --egg-base ../../build/my_package build --build-base /home/mobilehri/mobilehri_ws/build/my_package/build install --record /home/mobilehri/mobilehri_ws/build/my_package/install.log --single-version-externally-managed
[19.391s] running egg_info
[19.408s] writing ../../build/my_package/my_package.egg-info/PKG-INFO
[19.413s] writing dependency_links to ../../build/my_package/my_package.egg-info/dependency_links.txt
[19.415s] writing entry points to ../../build/my_package/my_package.egg-info/entry_points.txt
[19.418s] writing requirements to ../../build/my_package/my_package.egg-info/requires.txt
[19.419s] writing top-level names to ../../build/my_package/my_package.egg-info/top_level.txt
[19.434s] reading manifest file '../../build/my_package/my_package.egg-info/SOURCES.txt'
[19.443s] writing manifest file '../../build/my_package/my_package.egg-info/SOURCES.txt'
[19.450s] /usr/lib/python3/dist-packages/setuptools/command/install.py:34: SetuptoolsDeprecationWarning: setup.py install is deprecated. Use build and pip and other standards-based tools.
[19.452s] running build
[19.453s] running build_py
[19.453s] running install
[19.454s]   warnings.warn(
[19.457s] running install_lib
[19.468s] running install_data
[19.471s] running install_egg_info
[19.484s] removing '/home/mobilehri/mobilehri_ws/install/my_package/lib/python3.10/site-packages/my_package-0.0.0-py3.10.egg-info' (and everything under it)
[19.490s] Copying ../../build/my_package/my_package.egg-info to /home/mobilehri/mobilehri_ws/install/my_package/lib/python3.10/site-packages/my_package-0.0.0-py3.10.egg-info
[19.502s] running install_scripts
[19.622s] writing list of installed files to '/home/mobilehri/mobilehri_ws/build/my_package/install.log'
[19.817s] Invoked command in '/home/mobilehri/mobilehri_ws/src/my_package' returned '0': PYTHONPATH=/home/mobilehri/mobilehri_ws/build/my_package/prefix_override:/home/mobilehri/mobilehri_ws/install/my_package/lib/python3.10/site-packages:${PYTHONPATH} /usr/bin/python3 setup.py egg_info --egg-base ../../build/my_package build --build-base /home/mobilehri/mobilehri_ws/build/my_package/build install --record /home/mobilehri/mobilehri_ws/build/my_package/install.log --single-version-externally-managed
