[12.650s] Invoking command in '/home/mobilehri/mobilehri_ws/src/mobilehri2023/joy_teleop_keymapping': PYTHONPATH=/home/mobilehri/mobilehri_ws/build/joy_teleop_keymapping/prefix_override:/home/mobilehri/mobilehri_ws/install/joy_teleop_keymapping/lib/python3.10/site-packages:${PYTHONPATH} /usr/bin/python3 setup.py egg_info --egg-base ../../../build/joy_teleop_keymapping build --build-base /home/mobilehri/mobilehri_ws/build/joy_teleop_keymapping/build install --record /home/mobilehri/mobilehri_ws/build/joy_teleop_keymapping/install.log --single-version-externally-managed
[15.710s] running egg_info
[15.711s] writing ../../../build/joy_teleop_keymapping/joy_teleop_keymapping.egg-info/PKG-INFO
[15.712s] writing dependency_links to ../../../build/joy_teleop_keymapping/joy_teleop_keymapping.egg-info/dependency_links.txt
[15.712s] writing entry points to ../../../build/joy_teleop_keymapping/joy_teleop_keymapping.egg-info/entry_points.txt
[15.713s] writing requirements to ../../../build/joy_teleop_keymapping/joy_teleop_keymapping.egg-info/requires.txt
[15.726s] writing top-level names to ../../../build/joy_teleop_keymapping/joy_teleop_keymapping.egg-info/top_level.txt
[15.728s] reading manifest file '../../../build/joy_teleop_keymapping/joy_teleop_keymapping.egg-info/SOURCES.txt'
[15.735s] writing manifest file '../../../build/joy_teleop_keymapping/joy_teleop_keymapping.egg-info/SOURCES.txt'
[15.736s] running build
[15.737s] running build_py
[15.737s] /usr/lib/python3/dist-packages/setuptools/command/install.py:34: SetuptoolsDeprecationWarning: setup.py install is deprecated. Use build and pip and other standards-based tools.
[15.761s]   warnings.warn(
[15.766s] running install
[15.767s] running install_lib
[15.768s] running install_data
[15.768s] running install_egg_info
[15.769s] removing '/home/mobilehri/mobilehri_ws/install/joy_teleop_keymapping/lib/python3.10/site-packages/joy_teleop_keymapping-0.0.0-py3.10.egg-info' (and everything under it)
[15.801s] Copying ../../../build/joy_teleop_keymapping/joy_teleop_keymapping.egg-info to /home/mobilehri/mobilehri_ws/install/joy_teleop_keymapping/lib/python3.10/site-packages/joy_teleop_keymapping-0.0.0-py3.10.egg-info
[15.801s] running install_scripts
[16.018s] Installing keymapping_node script to /home/mobilehri/mobilehri_ws/install/joy_teleop_keymapping/lib/joy_teleop_keymapping
[16.019s] writing list of installed files to '/home/mobilehri/mobilehri_ws/build/joy_teleop_keymapping/install.log'
[16.221s] Invoked command in '/home/mobilehri/mobilehri_ws/src/mobilehri2023/joy_teleop_keymapping' returned '0': PYTHONPATH=/home/mobilehri/mobilehri_ws/build/joy_teleop_keymapping/prefix_override:/home/mobilehri/mobilehri_ws/install/joy_teleop_keymapping/lib/python3.10/site-packages:${PYTHONPATH} /usr/bin/python3 setup.py egg_info --egg-base ../../../build/joy_teleop_keymapping build --build-base /home/mobilehri/mobilehri_ws/build/joy_teleop_keymapping/build install --record /home/mobilehri/mobilehri_ws/build/joy_teleop_keymapping/install.log --single-version-externally-managed
