[12.929s] Invoking command in '/home/mobilehri/mobilehri_ws/src/mobilehri2023/picamera': PYTHONPATH=/home/mobilehri/mobilehri_ws/build/picamera/prefix_override:/home/mobilehri/mobilehri_ws/install/picamera/lib/python3.10/site-packages:${PYTHONPATH} /usr/bin/python3 setup.py egg_info --egg-base ../../../build/picamera build --build-base /home/mobilehri/mobilehri_ws/build/picamera/build install --record /home/mobilehri/mobilehri_ws/build/picamera/install.log --single-version-externally-managed
[16.599s] running egg_info
[16.622s] writing ../../../build/picamera/picamera.egg-info/PKG-INFO
[16.632s] writing dependency_links to ../../../build/picamera/picamera.egg-info/dependency_links.txt
[16.641s] writing entry points to ../../../build/picamera/picamera.egg-info/entry_points.txt
[16.649s] writing requirements to ../../../build/picamera/picamera.egg-info/requires.txt
[16.656s] writing top-level names to ../../../build/picamera/picamera.egg-info/top_level.txt
[16.717s] reading manifest file '../../../build/picamera/picamera.egg-info/SOURCES.txt'
[16.719s] writing manifest file '../../../build/picamera/picamera.egg-info/SOURCES.txt'
[16.721s] running build
[16.722s] running build_py
[16.723s] running install
[16.724s] /usr/lib/python3/dist-packages/setuptools/command/install.py:34: SetuptoolsDeprecationWarning: setup.py install is deprecated. Use build and pip and other standards-based tools.
[16.725s]   warnings.warn(
[16.726s] running install_lib
[16.727s] running install_data
[16.728s] running install_egg_info
[16.732s] removing '/home/mobilehri/mobilehri_ws/install/picamera/lib/python3.10/site-packages/picamera-0.0.0-py3.10.egg-info' (and everything under it)
[16.737s] Copying ../../../build/picamera/picamera.egg-info to /home/mobilehri/mobilehri_ws/install/picamera/lib/python3.10/site-packages/picamera-0.0.0-py3.10.egg-info
[16.745s] running install_scripts
[16.893s] Installing picamera_node script to /home/mobilehri/mobilehri_ws/install/picamera/lib/picamera
[16.896s] writing list of installed files to '/home/mobilehri/mobilehri_ws/build/picamera/install.log'
[17.353s] Invoked command in '/home/mobilehri/mobilehri_ws/src/mobilehri2023/picamera' returned '0': PYTHONPATH=/home/mobilehri/mobilehri_ws/build/picamera/prefix_override:/home/mobilehri/mobilehri_ws/install/picamera/lib/python3.10/site-packages:${PYTHONPATH} /usr/bin/python3 setup.py egg_info --egg-base ../../../build/picamera build --build-base /home/mobilehri/mobilehri_ws/build/picamera/build install --record /home/mobilehri/mobilehri_ws/build/picamera/install.log --single-version-externally-managed
