[12.185s] Invoking command in '/home/mobilehri/mobilehri_ws/src/mobilehri2023/mobile_robot_control': PYTHONPATH=/home/mobilehri/mobilehri_ws/build/mobile_robot_control/prefix_override:/home/mobilehri/mobilehri_ws/install/mobile_robot_control/lib/python3.10/site-packages:${PYTHONPATH} /usr/bin/python3 setup.py egg_info --egg-base ../../../build/mobile_robot_control build --build-base /home/mobilehri/mobilehri_ws/build/mobile_robot_control/build install --record /home/mobilehri/mobilehri_ws/build/mobile_robot_control/install.log --single-version-externally-managed
[16.482s] running egg_info
[16.486s] writing ../../../build/mobile_robot_control/mobile_robot_control.egg-info/PKG-INFO
[16.492s] writing dependency_links to ../../../build/mobile_robot_control/mobile_robot_control.egg-info/dependency_links.txt
[16.496s] writing entry points to ../../../build/mobile_robot_control/mobile_robot_control.egg-info/entry_points.txt
[16.497s] writing requirements to ../../../build/mobile_robot_control/mobile_robot_control.egg-info/requires.txt
[16.497s] writing top-level names to ../../../build/mobile_robot_control/mobile_robot_control.egg-info/top_level.txt
[16.503s] reading manifest file '../../../build/mobile_robot_control/mobile_robot_control.egg-info/SOURCES.txt'
[16.509s] writing manifest file '../../../build/mobile_robot_control/mobile_robot_control.egg-info/SOURCES.txt'
[16.512s] running build
[16.516s] running build_py
[16.517s] running install
[16.517s] /usr/lib/python3/dist-packages/setuptools/command/install.py:34: SetuptoolsDeprecationWarning: setup.py install is deprecated. Use build and pip and other standards-based tools.
[16.523s]   warnings.warn(
[16.524s] running install_lib
[16.529s] running install_data
[16.534s] running install_egg_info
[16.547s] removing '/home/mobilehri/mobilehri_ws/install/mobile_robot_control/lib/python3.10/site-packages/mobile_robot_control-0.0.0-py3.10.egg-info' (and everything under it)
[16.548s] Copying ../../../build/mobile_robot_control/mobile_robot_control.egg-info to /home/mobilehri/mobilehri_ws/install/mobile_robot_control/lib/python3.10/site-packages/mobile_robot_control-0.0.0-py3.10.egg-info
[16.562s] running install_scripts
[16.768s] Installing mobile_robot_control_node script to /home/mobilehri/mobilehri_ws/install/mobile_robot_control/lib/mobile_robot_control
[16.777s] writing list of installed files to '/home/mobilehri/mobilehri_ws/build/mobile_robot_control/install.log'
[17.114s] Invoked command in '/home/mobilehri/mobilehri_ws/src/mobilehri2023/mobile_robot_control' returned '0': PYTHONPATH=/home/mobilehri/mobilehri_ws/build/mobile_robot_control/prefix_override:/home/mobilehri/mobilehri_ws/install/mobile_robot_control/lib/python3.10/site-packages:${PYTHONPATH} /usr/bin/python3 setup.py egg_info --egg-base ../../../build/mobile_robot_control build --build-base /home/mobilehri/mobilehri_ws/build/mobile_robot_control/build install --record /home/mobilehri/mobilehri_ws/build/mobile_robot_control/install.log --single-version-externally-managed
