[12.099s] Invoking command in '/home/mobilehri/mobilehri_ws/src/my_package': PYTHONPATH=/home/mobilehri/mobilehri_ws/build/my_package/prefix_override:/home/mobilehri/mobilehri_ws/install/my_package/lib/python3.10/site-packages:${PYTHONPATH} /usr/bin/python3 setup.py egg_info --egg-base ../../build/my_package build --build-base /home/mobilehri/mobilehri_ws/build/my_package/build install --record /home/mobilehri/mobilehri_ws/build/my_package/install.log --single-version-externally-managed
[16.671s] running egg_info
[16.677s] writing ../../build/my_package/my_package.egg-info/PKG-INFO
[16.682s] writing dependency_links to ../../build/my_package/my_package.egg-info/dependency_links.txt
[16.685s] writing entry points to ../../build/my_package/my_package.egg-info/entry_points.txt
[16.688s] writing requirements to ../../build/my_package/my_package.egg-info/requires.txt
[16.690s] writing top-level names to ../../build/my_package/my_package.egg-info/top_level.txt
[16.706s] reading manifest file '../../build/my_package/my_package.egg-info/SOURCES.txt'
[16.714s] writing manifest file '../../build/my_package/my_package.egg-info/SOURCES.txt'
[16.715s] running build
[16.716s] running build_py
[16.717s] running install
[16.718s] /usr/lib/python3/dist-packages/setuptools/command/install.py:34: SetuptoolsDeprecationWarning: setup.py install is deprecated. Use build and pip and other standards-based tools.
[16.719s]   warnings.warn(
[16.721s] running install_lib
[16.733s] running install_data
[16.737s] running install_egg_info
[16.750s] removing '/home/mobilehri/mobilehri_ws/install/my_package/lib/python3.10/site-packages/my_package-0.0.0-py3.10.egg-info' (and everything under it)
[16.751s] Copying ../../build/my_package/my_package.egg-info to /home/mobilehri/mobilehri_ws/install/my_package/lib/python3.10/site-packages/my_package-0.0.0-py3.10.egg-info
[16.763s] running install_scripts
[16.882s] writing list of installed files to '/home/mobilehri/mobilehri_ws/build/my_package/install.log'
[17.045s] Invoked command in '/home/mobilehri/mobilehri_ws/src/my_package' returned '0': PYTHONPATH=/home/mobilehri/mobilehri_ws/build/my_package/prefix_override:/home/mobilehri/mobilehri_ws/install/my_package/lib/python3.10/site-packages:${PYTHONPATH} /usr/bin/python3 setup.py egg_info --egg-base ../../build/my_package build --build-base /home/mobilehri/mobilehri_ws/build/my_package/build install --record /home/mobilehri/mobilehri_ws/build/my_package/install.log --single-version-externally-managed
