[15.937s] Invoking command in '/home/mobilehri/mobilehri_ws/src/mobilehri2023/mobile_robot_control': PYTHONPATH=/home/mobilehri/mobilehri_ws/build/mobile_robot_control/prefix_override:/home/mobilehri/mobilehri_ws/install/mobile_robot_control/lib/python3.10/site-packages:${PYTHONPATH} /usr/bin/python3 setup.py egg_info --egg-base ../../../build/mobile_robot_control build --build-base /home/mobilehri/mobilehri_ws/build/mobile_robot_control/build install --record /home/mobilehri/mobilehri_ws/build/mobile_robot_control/install.log --single-version-externally-managed
[19.925s] running egg_info
[19.951s] writing ../../../build/mobile_robot_control/mobile_robot_control.egg-info/PKG-INFO
[19.969s] writing dependency_links to ../../../build/mobile_robot_control/mobile_robot_control.egg-info/dependency_links.txt
[19.975s] writing entry points to ../../../build/mobile_robot_control/mobile_robot_control.egg-info/entry_points.txt
[19.981s] writing requirements to ../../../build/mobile_robot_control/mobile_robot_control.egg-info/requires.txt
[19.985s] writing top-level names to ../../../build/mobile_robot_control/mobile_robot_control.egg-info/top_level.txt
[20.202s] reading manifest file '../../../build/mobile_robot_control/mobile_robot_control.egg-info/SOURCES.txt'
[20.223s] writing manifest file '../../../build/mobile_robot_control/mobile_robot_control.egg-info/SOURCES.txt'
[20.235s] running build
[20.245s] running build_py
[20.263s] running install
[20.270s] /usr/lib/python3/dist-packages/setuptools/command/install.py:34: SetuptoolsDeprecationWarning: setup.py install is deprecated. Use build and pip and other standards-based tools.
[20.281s]   warnings.warn(
[20.289s] running install_lib
[20.314s] running install_data
[20.355s] running install_egg_info
[20.378s] removing '/home/mobilehri/mobilehri_ws/install/mobile_robot_control/lib/python3.10/site-packages/mobile_robot_control-0.0.0-py3.10.egg-info' (and everything under it)
[20.380s] Copying ../../../build/mobile_robot_control/mobile_robot_control.egg-info to /home/mobilehri/mobilehri_ws/install/mobile_robot_control/lib/python3.10/site-packages/mobile_robot_control-0.0.0-py3.10.egg-info
[20.399s] running install_scripts
[20.569s] Installing mobile_robot_control_node script to /home/mobilehri/mobilehri_ws/install/mobile_robot_control/lib/mobile_robot_control
[20.589s] writing list of installed files to '/home/mobilehri/mobilehri_ws/build/mobile_robot_control/install.log'
[20.862s] Invoked command in '/home/mobilehri/mobilehri_ws/src/mobilehri2023/mobile_robot_control' returned '0': PYTHONPATH=/home/mobilehri/mobilehri_ws/build/mobile_robot_control/prefix_override:/home/mobilehri/mobilehri_ws/install/mobile_robot_control/lib/python3.10/site-packages:${PYTHONPATH} /usr/bin/python3 setup.py egg_info --egg-base ../../../build/mobile_robot_control build --build-base /home/mobilehri/mobilehri_ws/build/mobile_robot_control/build install --record /home/mobilehri/mobilehri_ws/build/mobile_robot_control/install.log --single-version-externally-managed
