[0.068s] Invoking command in '/home/mobilehri/mobilehri_ws/build/ydlidar_ros2_driver': CMAKE_PREFIX_PATH=/opt/ros/humble /usr/bin/cmake /home/mobilehri/mobilehri_ws/src/mobilehri2023/ydlidar_ros2_driver -DCMAKE_INSTALL_PREFIX=/home/mobilehri/mobilehri_ws/install/ydlidar_ros2_driver
[0.151s] -- Found ament_cmake: 1.3.3 (/opt/ros/humble/share/ament_cmake/cmake)
[2.187s] -- Found rclcpp: 16.0.2 (/opt/ros/humble/share/rclcpp/cmake)
[2.537s] -- Found rosidl_generator_c: 3.1.4 (/opt/ros/humble/share/rosidl_generator_c/cmake)
[2.560s] -- Found rosidl_adapter: 3.1.4 (/opt/ros/humble/share/rosidl_adapter/cmake)
[2.621s] -- Found rosidl_generator_cpp: 3.1.4 (/opt/ros/humble/share/rosidl_generator_cpp/cmake)
[2.700s] -- Using all available rosidl_typesupport_c: rosidl_typesupport_fastrtps_c;rosidl_typesupport_introspection_c
[2.841s] -- Using all available rosidl_typesupport_cpp: rosidl_typesupport_fastrtps_cpp;rosidl_typesupport_introspection_cpp
[3.150s] -- Found rmw_implementation_cmake: 6.1.1 (/opt/ros/humble/share/rmw_implementation_cmake/cmake)
[3.163s] -- Found rmw_fastrtps_cpp: 6.2.2 (/opt/ros/humble/share/rmw_fastrtps_cpp/cmake)
[4.565s] -- Using RMW implementation 'rmw_fastrtps_cpp' as default
[5.330s] -- Found sensor_msgs: 4.2.2 (/opt/ros/humble/share/sensor_msgs/cmake)
[5.958s] -- Found visualization_msgs: 4.2.2 (/opt/ros/humble/share/visualization_msgs/cmake)
[6.513s] -- Found std_srvs: 4.2.2 (/opt/ros/humble/share/std_srvs/cmake)
[6.833s] [31mCMake Error at CMakeLists.txt:25 (find_package):
[6.833s]   By not providing "Findydlidar_sdk.cmake" in CMAKE_MODULE_PATH this project
[6.834s]   has asked CMake to find a package configuration file provided by
[6.834s]   "ydlidar_sdk", but CMake did not find one.
[6.837s] 
[6.838s]   Could not find a package configuration file provided by "ydlidar_sdk" with
[6.839s]   any of the following names:
[6.839s] 
[6.840s]     ydlidar_sdkConfig.cmake
[6.841s]     ydlidar_sdk-config.cmake
[6.841s] 
[6.842s]   Add the installation prefix of "ydlidar_sdk" to CMAKE_PREFIX_PATH or set
[6.843s]   "ydlidar_sdk_DIR" to a directory containing one of the above files.  If
[6.846s]   "ydlidar_sdk" provides a separate development package or SDK, be sure it
[6.847s]   has been installed.
[6.849s] 
[6.853s] [0m
[6.858s] -- Configuring incomplete, errors occurred!
[6.865s] See also "/home/mobilehri/mobilehri_ws/build/ydlidar_ros2_driver/CMakeFiles/CMakeOutput.log".
[6.875s] Invoked command in '/home/mobilehri/mobilehri_ws/build/ydlidar_ros2_driver' returned '1': CMAKE_PREFIX_PATH=/opt/ros/humble /usr/bin/cmake /home/mobilehri/mobilehri_ws/src/mobilehri2023/ydlidar_ros2_driver -DCMAKE_INSTALL_PREFIX=/home/mobilehri/mobilehri_ws/install/ydlidar_ros2_driver
