[0.109s] Invoking command in '/home/mobilehri/mobilehri_ws/build/ydlidar_ros2_driver': CMAKE_PREFIX_PATH=/opt/ros/humble /usr/bin/cmake /home/mobilehri/mobilehri_ws/src/mobilehri2023/ydlidar_ros2_driver -DCMAKE_INSTALL_PREFIX=/home/mobilehri/mobilehri_ws/install/ydlidar_ros2_driver
[0.207s] -- Found ament_cmake: 1.3.3 (/opt/ros/humble/share/ament_cmake/cmake)
[2.039s] -- Found rclcpp: 16.0.2 (/opt/ros/humble/share/rclcpp/cmake)
[2.420s] -- Found rosidl_generator_c: 3.1.4 (/opt/ros/humble/share/rosidl_generator_c/cmake)
[2.441s] -- Found rosidl_adapter: 3.1.4 (/opt/ros/humble/share/rosidl_adapter/cmake)
[2.492s] -- Found rosidl_generator_cpp: 3.1.4 (/opt/ros/humble/share/rosidl_generator_cpp/cmake)
[2.580s] -- Using all available rosidl_typesupport_c: rosidl_typesupport_fastrtps_c;rosidl_typesupport_introspection_c
[2.685s] -- Using all available rosidl_typesupport_cpp: rosidl_typesupport_fastrtps_cpp;rosidl_typesupport_introspection_cpp
[3.029s] -- Found rmw_implementation_cmake: 6.1.1 (/opt/ros/humble/share/rmw_implementation_cmake/cmake)
[3.036s] -- Found rmw_fastrtps_cpp: 6.2.2 (/opt/ros/humble/share/rmw_fastrtps_cpp/cmake)
[4.399s] -- Using RMW implementation 'rmw_fastrtps_cpp' as default
[5.215s] -- Found sensor_msgs: 4.2.2 (/opt/ros/humble/share/sensor_msgs/cmake)
[5.819s] -- Found visualization_msgs: 4.2.2 (/opt/ros/humble/share/visualization_msgs/cmake)
[6.370s] -- Found std_srvs: 4.2.2 (/opt/ros/humble/share/std_srvs/cmake)
[6.718s] [31mCMake Error at CMakeLists.txt:25 (find_package):
[6.719s]   By not providing "Findydlidar_sdk.cmake" in CMAKE_MODULE_PATH this project
[6.719s]   has asked CMake to find a package configuration file provided by
[6.720s]   "ydlidar_sdk", but CMake did not find one.
[6.720s] 
[6.721s]   Could not find a package configuration file provided by "ydlidar_sdk" with
[6.722s]   any of the following names:
[6.722s] 
[6.723s]     ydlidar_sdkConfig.cmake
[6.723s]     ydlidar_sdk-config.cmake
[6.724s] 
[6.724s]   Add the installation prefix of "ydlidar_sdk" to CMAKE_PREFIX_PATH or set
[6.724s]   "ydlidar_sdk_DIR" to a directory containing one of the above files.  If
[6.725s]   "ydlidar_sdk" provides a separate development package or SDK, be sure it
[6.725s]   has been installed.
[6.726s] 
[6.726s] [0m
[6.726s] -- Configuring incomplete, errors occurred!
[6.728s] See also "/home/mobilehri/mobilehri_ws/build/ydlidar_ros2_driver/CMakeFiles/CMakeOutput.log".
[6.761s] Invoked command in '/home/mobilehri/mobilehri_ws/build/ydlidar_ros2_driver' returned '1': CMAKE_PREFIX_PATH=/opt/ros/humble /usr/bin/cmake /home/mobilehri/mobilehri_ws/src/mobilehri2023/ydlidar_ros2_driver -DCMAKE_INSTALL_PREFIX=/home/mobilehri/mobilehri_ws/install/ydlidar_ros2_driver
