[12.258s] Invoking command in '/home/mobilehri/mobilehri_ws/src/mobilehri2023/mobile_robot_control': PYTHONPATH=/home/mobilehri/mobilehri_ws/build/mobile_robot_control/prefix_override:/home/mobilehri/mobilehri_ws/install/mobile_robot_control/lib/python3.10/site-packages:${PYTHONPATH} /usr/bin/python3 setup.py egg_info --egg-base ../../../build/mobile_robot_control build --build-base /home/mobilehri/mobilehri_ws/build/mobile_robot_control/build install --record /home/mobilehri/mobilehri_ws/build/mobile_robot_control/install.log --single-version-externally-managed
[15.086s] running egg_info
[15.091s] writing ../../../build/mobile_robot_control/mobile_robot_control.egg-info/PKG-INFO
[15.092s] writing dependency_links to ../../../build/mobile_robot_control/mobile_robot_control.egg-info/dependency_links.txt
[15.093s] writing entry points to ../../../build/mobile_robot_control/mobile_robot_control.egg-info/entry_points.txt
[15.094s] writing requirements to ../../../build/mobile_robot_control/mobile_robot_control.egg-info/requires.txt
[15.095s] writing top-level names to ../../../build/mobile_robot_control/mobile_robot_control.egg-info/top_level.txt
[15.105s] reading manifest file '../../../build/mobile_robot_control/mobile_robot_control.egg-info/SOURCES.txt'
[15.111s] writing manifest file '../../../build/mobile_robot_control/mobile_robot_control.egg-info/SOURCES.txt'
[15.112s] running build
[15.112s] running build_py
[15.115s] copying mobile_robot_control/odrive_command.py -> /home/mobilehri/mobilehri_ws/build/mobile_robot_control/build/lib/mobile_robot_control
[15.116s] running install
[15.117s] /usr/lib/python3/dist-packages/setuptools/command/install.py:34: SetuptoolsDeprecationWarning: setup.py install is deprecated. Use build and pip and other standards-based tools.
[15.117s]   warnings.warn(
[15.118s] running install_lib
[15.123s] copying /home/mobilehri/mobilehri_ws/build/mobile_robot_control/build/lib/mobile_robot_control/odrive_command.py -> /home/mobilehri/mobilehri_ws/install/mobile_robot_control/lib/python3.10/site-packages/mobile_robot_control
[15.127s] byte-compiling /home/mobilehri/mobilehri_ws/install/mobile_robot_control/lib/python3.10/site-packages/mobile_robot_control/odrive_command.py to odrive_command.cpython-310.pyc
[15.134s] running install_data
[15.138s] running install_egg_info
[15.146s] removing '/home/mobilehri/mobilehri_ws/install/mobile_robot_control/lib/python3.10/site-packages/mobile_robot_control-0.0.0-py3.10.egg-info' (and everything under it)
[15.148s] Copying ../../../build/mobile_robot_control/mobile_robot_control.egg-info to /home/mobilehri/mobilehri_ws/install/mobile_robot_control/lib/python3.10/site-packages/mobile_robot_control-0.0.0-py3.10.egg-info
[15.157s] running install_scripts
[15.266s] Installing mobile_robot_control_node script to /home/mobilehri/mobilehri_ws/install/mobile_robot_control/lib/mobile_robot_control
[15.268s] writing list of installed files to '/home/mobilehri/mobilehri_ws/build/mobile_robot_control/install.log'
[15.434s] Invoked command in '/home/mobilehri/mobilehri_ws/src/mobilehri2023/mobile_robot_control' returned '0': PYTHONPATH=/home/mobilehri/mobilehri_ws/build/mobile_robot_control/prefix_override:/home/mobilehri/mobilehri_ws/install/mobile_robot_control/lib/python3.10/site-packages:${PYTHONPATH} /usr/bin/python3 setup.py egg_info --egg-base ../../../build/mobile_robot_control build --build-base /home/mobilehri/mobilehri_ws/build/mobile_robot_control/build install --record /home/mobilehri/mobilehri_ws/build/mobile_robot_control/install.log --single-version-externally-managed
