[2.219s] DEBUG:colcon:Command line arguments: ['/usr/bin/colcon', 'build']
[2.220s] DEBUG:colcon:Parsed command line arguments: Namespace(log_base=None, log_level=None, verb_name='build', build_base='build', install_base='install', merge_install=False, symlink_install=False, test_result_base=None, continue_on_error=False, executor='parallel', parallel_workers=4, event_handlers=None, ignore_user_meta=False, metas=['./colcon.meta'], base_paths=['.'], packages_ignore=None, packages_ignore_regex=None, paths=None, packages_up_to=None, packages_up_to_regex=None, packages_above=None, packages_above_and_dependencies=None, packages_above_depth=None, packages_select_by_dep=None, packages_skip_by_dep=None, packages_skip_up_to=None, packages_select_build_failed=False, packages_skip_build_finished=False, packages_select_test_failures=False, packages_skip_test_passed=False, packages_select=None, packages_skip=None, packages_select_regex=None, packages_skip_regex=None, packages_start=None, packages_end=None, allow_overriding=[], cmake_args=None, cmake_target=None, cmake_target_skip_unavailable=False, cmake_clean_cache=False, cmake_clean_first=False, cmake_force_configure=False, ament_cmake_args=None, catkin_cmake_args=None, catkin_skip_building_tests=False, verb_parser=<colcon_defaults.argument_parser.defaults.DefaultArgumentsDecorator object at 0xffffb6ff1330>, verb_extension=<colcon_core.verb.build.BuildVerb object at 0xffffb79fd8a0>, main=<bound method BuildVerb.main of <colcon_core.verb.build.BuildVerb object at 0xffffb79fd8a0>>)
[2.382s] Level 1:colcon.colcon_core.package_discovery:discover_packages(colcon_meta) check parameters
[2.383s] Level 1:colcon.colcon_core.package_discovery:discover_packages(recursive) check parameters
[2.383s] Level 1:colcon.colcon_core.package_discovery:discover_packages(ignore) check parameters
[2.383s] Level 1:colcon.colcon_core.package_discovery:discover_packages(path) check parameters
[2.383s] Level 1:colcon.colcon_core.package_discovery:discover_packages(colcon_meta) discover
[2.383s] Level 1:colcon.colcon_core.package_discovery:discover_packages(recursive) discover
[2.384s] INFO:colcon.colcon_core.package_discovery:Crawling recursively for packages in '/home/mobilehri/mobilehri_ws'
[2.384s] Level 1:colcon.colcon_core.package_identification:_identify(.) by extensions ['ignore', 'ignore_ament_install']
[2.385s] Level 1:colcon.colcon_core.package_identification:_identify(.) by extension 'ignore'
[2.385s] Level 1:colcon.colcon_core.package_identification:_identify(.) by extension 'ignore_ament_install'
[2.385s] Level 1:colcon.colcon_core.package_identification:_identify(.) by extensions ['colcon_pkg']
[2.386s] Level 1:colcon.colcon_core.package_identification:_identify(.) by extension 'colcon_pkg'
[2.386s] Level 1:colcon.colcon_core.package_identification:_identify(.) by extensions ['colcon_meta']
[2.386s] Level 1:colcon.colcon_core.package_identification:_identify(.) by extension 'colcon_meta'
[2.386s] Level 1:colcon.colcon_core.package_identification:_identify(.) by extensions ['ros']
[2.386s] Level 1:colcon.colcon_core.package_identification:_identify(.) by extension 'ros'
[2.444s] Level 1:colcon.colcon_core.package_identification:_identify(.) by extensions ['cmake', 'python']
[2.445s] Level 1:colcon.colcon_core.package_identification:_identify(.) by extension 'cmake'
[2.445s] Level 1:colcon.colcon_core.package_identification:_identify(.) by extension 'python'
[2.445s] Level 1:colcon.colcon_core.package_identification:_identify(.) by extensions ['python_setup_py']
[2.445s] Level 1:colcon.colcon_core.package_identification:_identify(.) by extension 'python_setup_py'
[2.446s] Level 1:colcon.colcon_core.package_identification:_identify(build) by extensions ['ignore', 'ignore_ament_install']
[2.447s] Level 1:colcon.colcon_core.package_identification:_identify(build) by extension 'ignore'
[2.447s] Level 1:colcon.colcon_core.package_identification:_identify(build) ignored
[2.448s] Level 1:colcon.colcon_core.package_identification:_identify(install) by extensions ['ignore', 'ignore_ament_install']
[2.448s] Level 1:colcon.colcon_core.package_identification:_identify(install) by extension 'ignore'
[2.449s] Level 1:colcon.colcon_core.package_identification:_identify(install) ignored
[2.450s] Level 1:colcon.colcon_core.package_identification:_identify(log) by extensions ['ignore', 'ignore_ament_install']
[2.450s] Level 1:colcon.colcon_core.package_identification:_identify(log) by extension 'ignore'
[2.451s] Level 1:colcon.colcon_core.package_identification:_identify(log) ignored
[2.451s] Level 1:colcon.colcon_core.package_identification:_identify(src) by extensions ['ignore', 'ignore_ament_install']
[2.452s] Level 1:colcon.colcon_core.package_identification:_identify(src) by extension 'ignore'
[2.452s] Level 1:colcon.colcon_core.package_identification:_identify(src) by extension 'ignore_ament_install'
[2.453s] Level 1:colcon.colcon_core.package_identification:_identify(src) by extensions ['colcon_pkg']
[2.453s] Level 1:colcon.colcon_core.package_identification:_identify(src) by extension 'colcon_pkg'
[2.453s] Level 1:colcon.colcon_core.package_identification:_identify(src) by extensions ['colcon_meta']
[2.453s] Level 1:colcon.colcon_core.package_identification:_identify(src) by extension 'colcon_meta'
[2.453s] Level 1:colcon.colcon_core.package_identification:_identify(src) by extensions ['ros']
[2.454s] Level 1:colcon.colcon_core.package_identification:_identify(src) by extension 'ros'
[2.454s] Level 1:colcon.colcon_core.package_identification:_identify(src) by extensions ['cmake', 'python']
[2.454s] Level 1:colcon.colcon_core.package_identification:_identify(src) by extension 'cmake'
[2.455s] Level 1:colcon.colcon_core.package_identification:_identify(src) by extension 'python'
[2.455s] Level 1:colcon.colcon_core.package_identification:_identify(src) by extensions ['python_setup_py']
[2.455s] Level 1:colcon.colcon_core.package_identification:_identify(src) by extension 'python_setup_py'
[2.456s] Level 1:colcon.colcon_core.package_identification:_identify(src/mobilehri2023) by extensions ['ignore', 'ignore_ament_install']
[2.456s] Level 1:colcon.colcon_core.package_identification:_identify(src/mobilehri2023) by extension 'ignore'
[2.456s] Level 1:colcon.colcon_core.package_identification:_identify(src/mobilehri2023) by extension 'ignore_ament_install'
[2.457s] Level 1:colcon.colcon_core.package_identification:_identify(src/mobilehri2023) by extensions ['colcon_pkg']
[2.457s] Level 1:colcon.colcon_core.package_identification:_identify(src/mobilehri2023) by extension 'colcon_pkg'
[2.457s] Level 1:colcon.colcon_core.package_identification:_identify(src/mobilehri2023) by extensions ['colcon_meta']
[2.458s] Level 1:colcon.colcon_core.package_identification:_identify(src/mobilehri2023) by extension 'colcon_meta'
[2.458s] Level 1:colcon.colcon_core.package_identification:_identify(src/mobilehri2023) by extensions ['ros']
[2.458s] Level 1:colcon.colcon_core.package_identification:_identify(src/mobilehri2023) by extension 'ros'
[2.459s] Level 1:colcon.colcon_core.package_identification:_identify(src/mobilehri2023) by extensions ['cmake', 'python']
[2.459s] Level 1:colcon.colcon_core.package_identification:_identify(src/mobilehri2023) by extension 'cmake'
[2.460s] Level 1:colcon.colcon_core.package_identification:_identify(src/mobilehri2023) by extension 'python'
[2.460s] Level 1:colcon.colcon_core.package_identification:_identify(src/mobilehri2023) by extensions ['python_setup_py']
[2.460s] Level 1:colcon.colcon_core.package_identification:_identify(src/mobilehri2023) by extension 'python_setup_py'
[2.461s] Level 1:colcon.colcon_core.package_identification:_identify(src/mobilehri2023/joy_teleop_keymapping) by extensions ['ignore', 'ignore_ament_install']
[2.461s] Level 1:colcon.colcon_core.package_identification:_identify(src/mobilehri2023/joy_teleop_keymapping) by extension 'ignore'
[2.462s] Level 1:colcon.colcon_core.package_identification:_identify(src/mobilehri2023/joy_teleop_keymapping) by extension 'ignore_ament_install'
[2.462s] Level 1:colcon.colcon_core.package_identification:_identify(src/mobilehri2023/joy_teleop_keymapping) by extensions ['colcon_pkg']
[2.462s] Level 1:colcon.colcon_core.package_identification:_identify(src/mobilehri2023/joy_teleop_keymapping) by extension 'colcon_pkg'
[2.463s] Level 1:colcon.colcon_core.package_identification:_identify(src/mobilehri2023/joy_teleop_keymapping) by extensions ['colcon_meta']
[2.463s] Level 1:colcon.colcon_core.package_identification:_identify(src/mobilehri2023/joy_teleop_keymapping) by extension 'colcon_meta'
[2.463s] Level 1:colcon.colcon_core.package_identification:_identify(src/mobilehri2023/joy_teleop_keymapping) by extensions ['ros']
[2.463s] Level 1:colcon.colcon_core.package_identification:_identify(src/mobilehri2023/joy_teleop_keymapping) by extension 'ros'
[2.475s] DEBUG:colcon.colcon_core.package_identification:Package 'src/mobilehri2023/joy_teleop_keymapping' with type 'ros.ament_python' and name 'joy_teleop_keymapping'
[2.476s] Level 1:colcon.colcon_core.package_identification:_identify(src/mobilehri2023/mobile_robot_control) by extensions ['ignore', 'ignore_ament_install']
[2.477s] Level 1:colcon.colcon_core.package_identification:_identify(src/mobilehri2023/mobile_robot_control) by extension 'ignore'
[2.477s] Level 1:colcon.colcon_core.package_identification:_identify(src/mobilehri2023/mobile_robot_control) by extension 'ignore_ament_install'
[2.477s] Level 1:colcon.colcon_core.package_identification:_identify(src/mobilehri2023/mobile_robot_control) by extensions ['colcon_pkg']
[2.478s] Level 1:colcon.colcon_core.package_identification:_identify(src/mobilehri2023/mobile_robot_control) by extension 'colcon_pkg'
[2.478s] Level 1:colcon.colcon_core.package_identification:_identify(src/mobilehri2023/mobile_robot_control) by extensions ['colcon_meta']
[2.478s] Level 1:colcon.colcon_core.package_identification:_identify(src/mobilehri2023/mobile_robot_control) by extension 'colcon_meta'
[2.479s] Level 1:colcon.colcon_core.package_identification:_identify(src/mobilehri2023/mobile_robot_control) by extensions ['ros']
[2.479s] Level 1:colcon.colcon_core.package_identification:_identify(src/mobilehri2023/mobile_robot_control) by extension 'ros'
[2.481s] DEBUG:colcon.colcon_core.package_identification:Package 'src/mobilehri2023/mobile_robot_control' with type 'ros.ament_python' and name 'mobile_robot_control'
[2.482s] Level 1:colcon.colcon_core.package_identification:_identify(src/mobilehri2023/picamera) by extensions ['ignore', 'ignore_ament_install']
[2.483s] Level 1:colcon.colcon_core.package_identification:_identify(src/mobilehri2023/picamera) by extension 'ignore'
[2.483s] Level 1:colcon.colcon_core.package_identification:_identify(src/mobilehri2023/picamera) by extension 'ignore_ament_install'
[2.484s] Level 1:colcon.colcon_core.package_identification:_identify(src/mobilehri2023/picamera) by extensions ['colcon_pkg']
[2.484s] Level 1:colcon.colcon_core.package_identification:_identify(src/mobilehri2023/picamera) by extension 'colcon_pkg'
[2.484s] Level 1:colcon.colcon_core.package_identification:_identify(src/mobilehri2023/picamera) by extensions ['colcon_meta']
[2.485s] Level 1:colcon.colcon_core.package_identification:_identify(src/mobilehri2023/picamera) by extension 'colcon_meta'
[2.485s] Level 1:colcon.colcon_core.package_identification:_identify(src/mobilehri2023/picamera) by extensions ['ros']
[2.485s] Level 1:colcon.colcon_core.package_identification:_identify(src/mobilehri2023/picamera) by extension 'ros'
[2.488s] DEBUG:colcon.colcon_core.package_identification:Package 'src/mobilehri2023/picamera' with type 'ros.ament_python' and name 'picamera'
[2.489s] Level 1:colcon.colcon_core.package_identification:_identify(src/mobilehri2023/ydlidar_ros2_driver) by extensions ['ignore', 'ignore_ament_install']
[2.490s] Level 1:colcon.colcon_core.package_identification:_identify(src/mobilehri2023/ydlidar_ros2_driver) by extension 'ignore'
[2.490s] Level 1:colcon.colcon_core.package_identification:_identify(src/mobilehri2023/ydlidar_ros2_driver) by extension 'ignore_ament_install'
[2.490s] Level 1:colcon.colcon_core.package_identification:_identify(src/mobilehri2023/ydlidar_ros2_driver) by extensions ['colcon_pkg']
[2.490s] Level 1:colcon.colcon_core.package_identification:_identify(src/mobilehri2023/ydlidar_ros2_driver) by extension 'colcon_pkg'
[2.491s] Level 1:colcon.colcon_core.package_identification:_identify(src/mobilehri2023/ydlidar_ros2_driver) by extensions ['colcon_meta']
[2.491s] Level 1:colcon.colcon_core.package_identification:_identify(src/mobilehri2023/ydlidar_ros2_driver) by extension 'colcon_meta'
[2.491s] Level 1:colcon.colcon_core.package_identification:_identify(src/mobilehri2023/ydlidar_ros2_driver) by extensions ['ros']
[2.491s] Level 1:colcon.colcon_core.package_identification:_identify(src/mobilehri2023/ydlidar_ros2_driver) by extension 'ros'
[2.500s] DEBUG:colcon.colcon_core.package_identification:Package 'src/mobilehri2023/ydlidar_ros2_driver' with type 'ros.ament_cmake' and name 'ydlidar_ros2_driver'
[2.500s] Level 1:colcon.colcon_core.package_identification:_identify(src/my_package) by extensions ['ignore', 'ignore_ament_install']
[2.501s] Level 1:colcon.colcon_core.package_identification:_identify(src/my_package) by extension 'ignore'
[2.501s] Level 1:colcon.colcon_core.package_identification:_identify(src/my_package) by extension 'ignore_ament_install'
[2.502s] Level 1:colcon.colcon_core.package_identification:_identify(src/my_package) by extensions ['colcon_pkg']
[2.502s] Level 1:colcon.colcon_core.package_identification:_identify(src/my_package) by extension 'colcon_pkg'
[2.502s] Level 1:colcon.colcon_core.package_identification:_identify(src/my_package) by extensions ['colcon_meta']
[2.502s] Level 1:colcon.colcon_core.package_identification:_identify(src/my_package) by extension 'colcon_meta'
[2.503s] Level 1:colcon.colcon_core.package_identification:_identify(src/my_package) by extensions ['ros']
[2.503s] Level 1:colcon.colcon_core.package_identification:_identify(src/my_package) by extension 'ros'
[2.506s] DEBUG:colcon.colcon_core.package_identification:Package 'src/my_package' with type 'ros.ament_python' and name 'my_package'
[2.507s] Level 1:colcon.colcon_core.package_discovery:discover_packages(recursive) using defaults
[2.507s] Level 1:colcon.colcon_core.package_discovery:discover_packages(ignore) discover
[2.507s] Level 1:colcon.colcon_core.package_discovery:discover_packages(ignore) using defaults
[2.507s] Level 1:colcon.colcon_core.package_discovery:discover_packages(path) discover
[2.507s] Level 1:colcon.colcon_core.package_discovery:discover_packages(path) using defaults
[2.629s] Level 1:colcon.colcon_core.package_discovery:discover_packages(prefix_path) check parameters
[2.629s] Level 1:colcon.colcon_core.package_discovery:discover_packages(prefix_path) discover
[2.654s] DEBUG:colcon.colcon_installed_package_information.package_discovery:Found 315 installed packages in /opt/ros/humble
[2.663s] Level 1:colcon.colcon_core.package_discovery:discover_packages(prefix_path) using defaults
[3.091s] Level 5:colcon.colcon_core.verb:set package 'joy_teleop_keymapping' build argument 'cmake_args' from command line to 'None'
[3.092s] Level 5:colcon.colcon_core.verb:set package 'joy_teleop_keymapping' build argument 'cmake_target' from command line to 'None'
[3.092s] Level 5:colcon.colcon_core.verb:set package 'joy_teleop_keymapping' build argument 'cmake_target_skip_unavailable' from command line to 'False'
[3.092s] Level 5:colcon.colcon_core.verb:set package 'joy_teleop_keymapping' build argument 'cmake_clean_cache' from command line to 'False'
[3.092s] Level 5:colcon.colcon_core.verb:set package 'joy_teleop_keymapping' build argument 'cmake_clean_first' from command line to 'False'
[3.092s] Level 5:colcon.colcon_core.verb:set package 'joy_teleop_keymapping' build argument 'cmake_force_configure' from command line to 'False'
[3.093s] Level 5:colcon.colcon_core.verb:set package 'joy_teleop_keymapping' build argument 'ament_cmake_args' from command line to 'None'
[3.093s] Level 5:colcon.colcon_core.verb:set package 'joy_teleop_keymapping' build argument 'catkin_cmake_args' from command line to 'None'
[3.093s] Level 5:colcon.colcon_core.verb:set package 'joy_teleop_keymapping' build argument 'catkin_skip_building_tests' from command line to 'False'
[3.093s] DEBUG:colcon.colcon_core.verb:Building package 'joy_teleop_keymapping' with the following arguments: {'ament_cmake_args': None, 'build_base': '/home/mobilehri/mobilehri_ws/build/joy_teleop_keymapping', 'catkin_cmake_args': None, 'catkin_skip_building_tests': False, 'cmake_args': None, 'cmake_clean_cache': False, 'cmake_clean_first': False, 'cmake_force_configure': False, 'cmake_target': None, 'cmake_target_skip_unavailable': False, 'install_base': '/home/mobilehri/mobilehri_ws/install/joy_teleop_keymapping', 'merge_install': False, 'path': '/home/mobilehri/mobilehri_ws/src/mobilehri2023/joy_teleop_keymapping', 'symlink_install': False, 'test_result_base': None}
[3.099s] Level 5:colcon.colcon_core.verb:set package 'mobile_robot_control' build argument 'cmake_args' from command line to 'None'
[3.099s] Level 5:colcon.colcon_core.verb:set package 'mobile_robot_control' build argument 'cmake_target' from command line to 'None'
[3.099s] Level 5:colcon.colcon_core.verb:set package 'mobile_robot_control' build argument 'cmake_target_skip_unavailable' from command line to 'False'
[3.099s] Level 5:colcon.colcon_core.verb:set package 'mobile_robot_control' build argument 'cmake_clean_cache' from command line to 'False'
[3.099s] Level 5:colcon.colcon_core.verb:set package 'mobile_robot_control' build argument 'cmake_clean_first' from command line to 'False'
[3.099s] Level 5:colcon.colcon_core.verb:set package 'mobile_robot_control' build argument 'cmake_force_configure' from command line to 'False'
[3.100s] Level 5:colcon.colcon_core.verb:set package 'mobile_robot_control' build argument 'ament_cmake_args' from command line to 'None'
[3.100s] Level 5:colcon.colcon_core.verb:set package 'mobile_robot_control' build argument 'catkin_cmake_args' from command line to 'None'
[3.100s] Level 5:colcon.colcon_core.verb:set package 'mobile_robot_control' build argument 'catkin_skip_building_tests' from command line to 'False'
[3.100s] DEBUG:colcon.colcon_core.verb:Building package 'mobile_robot_control' with the following arguments: {'ament_cmake_args': None, 'build_base': '/home/mobilehri/mobilehri_ws/build/mobile_robot_control', 'catkin_cmake_args': None, 'catkin_skip_building_tests': False, 'cmake_args': None, 'cmake_clean_cache': False, 'cmake_clean_first': False, 'cmake_force_configure': False, 'cmake_target': None, 'cmake_target_skip_unavailable': False, 'install_base': '/home/mobilehri/mobilehri_ws/install/mobile_robot_control', 'merge_install': False, 'path': '/home/mobilehri/mobilehri_ws/src/mobilehri2023/mobile_robot_control', 'symlink_install': False, 'test_result_base': None}
[3.106s] Level 5:colcon.colcon_core.verb:set package 'my_package' build argument 'cmake_args' from command line to 'None'
[3.106s] Level 5:colcon.colcon_core.verb:set package 'my_package' build argument 'cmake_target' from command line to 'None'
[3.106s] Level 5:colcon.colcon_core.verb:set package 'my_package' build argument 'cmake_target_skip_unavailable' from command line to 'False'
[3.106s] Level 5:colcon.colcon_core.verb:set package 'my_package' build argument 'cmake_clean_cache' from command line to 'False'
[3.106s] Level 5:colcon.colcon_core.verb:set package 'my_package' build argument 'cmake_clean_first' from command line to 'False'
[3.106s] Level 5:colcon.colcon_core.verb:set package 'my_package' build argument 'cmake_force_configure' from command line to 'False'
[3.106s] Level 5:colcon.colcon_core.verb:set package 'my_package' build argument 'ament_cmake_args' from command line to 'None'
[3.107s] Level 5:colcon.colcon_core.verb:set package 'my_package' build argument 'catkin_cmake_args' from command line to 'None'
[3.107s] Level 5:colcon.colcon_core.verb:set package 'my_package' build argument 'catkin_skip_building_tests' from command line to 'False'
[3.107s] DEBUG:colcon.colcon_core.verb:Building package 'my_package' with the following arguments: {'ament_cmake_args': None, 'build_base': '/home/mobilehri/mobilehri_ws/build/my_package', 'catkin_cmake_args': None, 'catkin_skip_building_tests': False, 'cmake_args': None, 'cmake_clean_cache': False, 'cmake_clean_first': False, 'cmake_force_configure': False, 'cmake_target': None, 'cmake_target_skip_unavailable': False, 'install_base': '/home/mobilehri/mobilehri_ws/install/my_package', 'merge_install': False, 'path': '/home/mobilehri/mobilehri_ws/src/my_package', 'symlink_install': False, 'test_result_base': None}
[3.112s] Level 5:colcon.colcon_core.verb:set package 'picamera' build argument 'cmake_args' from command line to 'None'
[3.113s] Level 5:colcon.colcon_core.verb:set package 'picamera' build argument 'cmake_target' from command line to 'None'
[3.113s] Level 5:colcon.colcon_core.verb:set package 'picamera' build argument 'cmake_target_skip_unavailable' from command line to 'False'
[3.113s] Level 5:colcon.colcon_core.verb:set package 'picamera' build argument 'cmake_clean_cache' from command line to 'False'
[3.113s] Level 5:colcon.colcon_core.verb:set package 'picamera' build argument 'cmake_clean_first' from command line to 'False'
[3.113s] Level 5:colcon.colcon_core.verb:set package 'picamera' build argument 'cmake_force_configure' from command line to 'False'
[3.113s] Level 5:colcon.colcon_core.verb:set package 'picamera' build argument 'ament_cmake_args' from command line to 'None'
[3.114s] Level 5:colcon.colcon_core.verb:set package 'picamera' build argument 'catkin_cmake_args' from command line to 'None'
[3.114s] Level 5:colcon.colcon_core.verb:set package 'picamera' build argument 'catkin_skip_building_tests' from command line to 'False'
[3.114s] DEBUG:colcon.colcon_core.verb:Building package 'picamera' with the following arguments: {'ament_cmake_args': None, 'build_base': '/home/mobilehri/mobilehri_ws/build/picamera', 'catkin_cmake_args': None, 'catkin_skip_building_tests': False, 'cmake_args': None, 'cmake_clean_cache': False, 'cmake_clean_first': False, 'cmake_force_configure': False, 'cmake_target': None, 'cmake_target_skip_unavailable': False, 'install_base': '/home/mobilehri/mobilehri_ws/install/picamera', 'merge_install': False, 'path': '/home/mobilehri/mobilehri_ws/src/mobilehri2023/picamera', 'symlink_install': False, 'test_result_base': None}
[3.119s] Level 5:colcon.colcon_core.verb:set package 'ydlidar_ros2_driver' build argument 'cmake_args' from command line to 'None'
[3.120s] Level 5:colcon.colcon_core.verb:set package 'ydlidar_ros2_driver' build argument 'cmake_target' from command line to 'None'
[3.120s] Level 5:colcon.colcon_core.verb:set package 'ydlidar_ros2_driver' build argument 'cmake_target_skip_unavailable' from command line to 'False'
[3.120s] Level 5:colcon.colcon_core.verb:set package 'ydlidar_ros2_driver' build argument 'cmake_clean_cache' from command line to 'False'
[3.120s] Level 5:colcon.colcon_core.verb:set package 'ydlidar_ros2_driver' build argument 'cmake_clean_first' from command line to 'False'
[3.120s] Level 5:colcon.colcon_core.verb:set package 'ydlidar_ros2_driver' build argument 'cmake_force_configure' from command line to 'False'
[3.120s] Level 5:colcon.colcon_core.verb:set package 'ydlidar_ros2_driver' build argument 'ament_cmake_args' from command line to 'None'
[3.121s] Level 5:colcon.colcon_core.verb:set package 'ydlidar_ros2_driver' build argument 'catkin_cmake_args' from command line to 'None'
[3.121s] Level 5:colcon.colcon_core.verb:set package 'ydlidar_ros2_driver' build argument 'catkin_skip_building_tests' from command line to 'False'
[3.121s] DEBUG:colcon.colcon_core.verb:Building package 'ydlidar_ros2_driver' with the following arguments: {'ament_cmake_args': None, 'build_base': '/home/mobilehri/mobilehri_ws/build/ydlidar_ros2_driver', 'catkin_cmake_args': None, 'catkin_skip_building_tests': False, 'cmake_args': None, 'cmake_clean_cache': False, 'cmake_clean_first': False, 'cmake_force_configure': False, 'cmake_target': None, 'cmake_target_skip_unavailable': False, 'install_base': '/home/mobilehri/mobilehri_ws/install/ydlidar_ros2_driver', 'merge_install': False, 'path': '/home/mobilehri/mobilehri_ws/src/mobilehri2023/ydlidar_ros2_driver', 'symlink_install': False, 'test_result_base': None}
[3.125s] INFO:colcon.colcon_core.executor:Executing jobs using 'parallel' executor
[3.146s] DEBUG:colcon.colcon_parallel_executor.executor.parallel:run_until_complete
[3.147s] INFO:colcon.colcon_ros.task.ament_python.build:Building ROS package in '/home/mobilehri/mobilehri_ws/src/mobilehri2023/joy_teleop_keymapping' with build type 'ament_python'
[3.148s] Level 1:colcon.colcon_core.shell:create_environment_hook('joy_teleop_keymapping', 'ament_prefix_path')
[3.174s] INFO:colcon.colcon_core.plugin_system:Skipping extension 'colcon_core.shell.bat': Not used on non-Windows systems
[3.176s] INFO:colcon.colcon_core.shell:Creating environment hook '/home/mobilehri/mobilehri_ws/install/joy_teleop_keymapping/share/joy_teleop_keymapping/hook/ament_prefix_path.ps1'
[3.179s] INFO:colcon.colcon_core.shell:Creating environment descriptor '/home/mobilehri/mobilehri_ws/install/joy_teleop_keymapping/share/joy_teleop_keymapping/hook/ament_prefix_path.dsv'
[3.182s] INFO:colcon.colcon_core.shell:Creating environment hook '/home/mobilehri/mobilehri_ws/install/joy_teleop_keymapping/share/joy_teleop_keymapping/hook/ament_prefix_path.sh'
[3.193s] INFO:colcon.colcon_core.shell:Skip shell extension 'powershell' for command environment: Not usable outside of PowerShell
[3.194s] DEBUG:colcon.colcon_core.shell:Skip shell extension 'dsv' for command environment
[3.220s] INFO:colcon.colcon_ros.task.ament_python.build:Building ROS package in '/home/mobilehri/mobilehri_ws/src/mobilehri2023/mobile_robot_control' with build type 'ament_python'
[3.221s] Level 1:colcon.colcon_core.shell:create_environment_hook('mobile_robot_control', 'ament_prefix_path')
[3.229s] INFO:colcon.colcon_core.shell:Creating environment hook '/home/mobilehri/mobilehri_ws/install/mobile_robot_control/share/mobile_robot_control/hook/ament_prefix_path.ps1'
[3.233s] INFO:colcon.colcon_core.shell:Creating environment descriptor '/home/mobilehri/mobilehri_ws/install/mobile_robot_control/share/mobile_robot_control/hook/ament_prefix_path.dsv'
[3.235s] INFO:colcon.colcon_core.shell:Creating environment hook '/home/mobilehri/mobilehri_ws/install/mobile_robot_control/share/mobile_robot_control/hook/ament_prefix_path.sh'
[3.247s] INFO:colcon.colcon_core.shell:Skip shell extension 'powershell' for command environment: Not usable outside of PowerShell
[3.248s] DEBUG:colcon.colcon_core.shell:Skip shell extension 'dsv' for command environment
[3.273s] INFO:colcon.colcon_ros.task.ament_python.build:Building ROS package in '/home/mobilehri/mobilehri_ws/src/my_package' with build type 'ament_python'
[3.275s] Level 1:colcon.colcon_core.shell:create_environment_hook('my_package', 'ament_prefix_path')
[3.284s] INFO:colcon.colcon_core.shell:Creating environment hook '/home/mobilehri/mobilehri_ws/install/my_package/share/my_package/hook/ament_prefix_path.ps1'
[3.288s] INFO:colcon.colcon_core.shell:Creating environment descriptor '/home/mobilehri/mobilehri_ws/install/my_package/share/my_package/hook/ament_prefix_path.dsv'
[3.291s] INFO:colcon.colcon_core.shell:Creating environment hook '/home/mobilehri/mobilehri_ws/install/my_package/share/my_package/hook/ament_prefix_path.sh'
[3.301s] INFO:colcon.colcon_core.shell:Skip shell extension 'powershell' for command environment: Not usable outside of PowerShell
[3.302s] DEBUG:colcon.colcon_core.shell:Skip shell extension 'dsv' for command environment
[3.334s] INFO:colcon.colcon_ros.task.ament_python.build:Building ROS package in '/home/mobilehri/mobilehri_ws/src/mobilehri2023/picamera' with build type 'ament_python'
[3.336s] Level 1:colcon.colcon_core.shell:create_environment_hook('picamera', 'ament_prefix_path')
[3.349s] INFO:colcon.colcon_core.shell:Creating environment hook '/home/mobilehri/mobilehri_ws/install/picamera/share/picamera/hook/ament_prefix_path.ps1'
[3.352s] INFO:colcon.colcon_core.shell:Creating environment descriptor '/home/mobilehri/mobilehri_ws/install/picamera/share/picamera/hook/ament_prefix_path.dsv'
[3.359s] INFO:colcon.colcon_core.shell:Creating environment hook '/home/mobilehri/mobilehri_ws/install/picamera/share/picamera/hook/ament_prefix_path.sh'
[3.370s] INFO:colcon.colcon_core.shell:Skip shell extension 'powershell' for command environment: Not usable outside of PowerShell
[3.371s] DEBUG:colcon.colcon_core.shell:Skip shell extension 'dsv' for command environment
[5.261s] INFO:colcon.colcon_core.task.python.build:Building Python package in '/home/mobilehri/mobilehri_ws/src/mobilehri2023/joy_teleop_keymapping'
[5.269s] INFO:colcon.colcon_core.shell:Skip shell extension 'powershell' for command environment: Not usable outside of PowerShell
[5.270s] DEBUG:colcon.colcon_core.shell:Skip shell extension 'dsv' for command environment
[7.114s] INFO:colcon.colcon_core.task.python.build:Building Python package in '/home/mobilehri/mobilehri_ws/src/mobilehri2023/mobile_robot_control'
[7.121s] INFO:colcon.colcon_core.shell:Skip shell extension 'powershell' for command environment: Not usable outside of PowerShell
[7.121s] DEBUG:colcon.colcon_core.shell:Skip shell extension 'dsv' for command environment
[8.987s] INFO:colcon.colcon_core.task.python.build:Building Python package in '/home/mobilehri/mobilehri_ws/src/my_package'
[8.994s] INFO:colcon.colcon_core.shell:Skip shell extension 'powershell' for command environment: Not usable outside of PowerShell
[8.995s] DEBUG:colcon.colcon_core.shell:Skip shell extension 'dsv' for command environment
[10.791s] INFO:colcon.colcon_core.task.python.build:Building Python package in '/home/mobilehri/mobilehri_ws/src/mobilehri2023/picamera'
[10.802s] INFO:colcon.colcon_core.shell:Skip shell extension 'powershell' for command environment: Not usable outside of PowerShell
[10.803s] DEBUG:colcon.colcon_core.shell:Skip shell extension 'dsv' for command environment
[14.490s] DEBUG:colcon.colcon_core.event_handler.log_command:Invoking command in '/home/mobilehri/mobilehri_ws/src/mobilehri2023/mobile_robot_control': PYTHONPATH=/home/mobilehri/mobilehri_ws/build/mobile_robot_control/prefix_override:/home/mobilehri/mobilehri_ws/install/mobile_robot_control/lib/python3.10/site-packages:${PYTHONPATH} /usr/bin/python3 setup.py egg_info --egg-base ../../../build/mobile_robot_control build --build-base /home/mobilehri/mobilehri_ws/build/mobile_robot_control/build install --record /home/mobilehri/mobilehri_ws/build/mobile_robot_control/install.log --single-version-externally-managed
[15.331s] DEBUG:colcon.colcon_core.event_handler.log_command:Invoking command in '/home/mobilehri/mobilehri_ws/src/mobilehri2023/joy_teleop_keymapping': PYTHONPATH=/home/mobilehri/mobilehri_ws/build/joy_teleop_keymapping/prefix_override:/home/mobilehri/mobilehri_ws/install/joy_teleop_keymapping/lib/python3.10/site-packages:${PYTHONPATH} /usr/bin/python3 setup.py egg_info --egg-base ../../../build/joy_teleop_keymapping build --build-base /home/mobilehri/mobilehri_ws/build/joy_teleop_keymapping/build install --record /home/mobilehri/mobilehri_ws/build/joy_teleop_keymapping/install.log --single-version-externally-managed
[15.372s] DEBUG:colcon.colcon_core.event_handler.log_command:Invoking command in '/home/mobilehri/mobilehri_ws/src/my_package': PYTHONPATH=/home/mobilehri/mobilehri_ws/build/my_package/prefix_override:/home/mobilehri/mobilehri_ws/install/my_package/lib/python3.10/site-packages:${PYTHONPATH} /usr/bin/python3 setup.py egg_info --egg-base ../../build/my_package build --build-base /home/mobilehri/mobilehri_ws/build/my_package/build install --record /home/mobilehri/mobilehri_ws/build/my_package/install.log --single-version-externally-managed
[15.735s] DEBUG:colcon.colcon_core.event_handler.log_command:Invoking command in '/home/mobilehri/mobilehri_ws/src/mobilehri2023/picamera': PYTHONPATH=/home/mobilehri/mobilehri_ws/build/picamera/prefix_override:/home/mobilehri/mobilehri_ws/install/picamera/lib/python3.10/site-packages:${PYTHONPATH} /usr/bin/python3 setup.py egg_info --egg-base ../../../build/picamera build --build-base /home/mobilehri/mobilehri_ws/build/picamera/build install --record /home/mobilehri/mobilehri_ws/build/picamera/install.log --single-version-externally-managed
[18.431s] DEBUG:colcon.colcon_core.event_handler.log_command:Invoked command in '/home/mobilehri/mobilehri_ws/src/mobilehri2023/mobile_robot_control' returned '0': PYTHONPATH=/home/mobilehri/mobilehri_ws/build/mobile_robot_control/prefix_override:/home/mobilehri/mobilehri_ws/install/mobile_robot_control/lib/python3.10/site-packages:${PYTHONPATH} /usr/bin/python3 setup.py egg_info --egg-base ../../../build/mobile_robot_control build --build-base /home/mobilehri/mobilehri_ws/build/mobile_robot_control/build install --record /home/mobilehri/mobilehri_ws/build/mobile_robot_control/install.log --single-version-externally-managed
[18.497s] Level 1:colcon.colcon_core.environment:checking '/home/mobilehri/mobilehri_ws/install/mobile_robot_control' for CMake module files
[18.501s] Level 1:colcon.colcon_core.environment:checking '/home/mobilehri/mobilehri_ws/install/mobile_robot_control' for CMake config files
[18.522s] Level 1:colcon.colcon_core.environment:checking '/home/mobilehri/mobilehri_ws/install/mobile_robot_control/lib'
[18.525s] Level 1:colcon.colcon_core.environment:checking '/home/mobilehri/mobilehri_ws/install/mobile_robot_control/bin'
[18.526s] Level 1:colcon.colcon_core.environment:checking '/home/mobilehri/mobilehri_ws/install/mobile_robot_control/lib/pkgconfig/mobile_robot_control.pc'
[18.529s] Level 1:colcon.colcon_core.environment:checking '/home/mobilehri/mobilehri_ws/install/mobile_robot_control/lib/python3.10/site-packages'
[18.530s] Level 1:colcon.colcon_core.shell:create_environment_hook('mobile_robot_control', 'pythonpath')
[18.561s] INFO:colcon.colcon_core.shell:Creating environment hook '/home/mobilehri/mobilehri_ws/install/mobile_robot_control/share/mobile_robot_control/hook/pythonpath.ps1'
[18.574s] INFO:colcon.colcon_core.shell:Creating environment descriptor '/home/mobilehri/mobilehri_ws/install/mobile_robot_control/share/mobile_robot_control/hook/pythonpath.dsv'
[18.581s] INFO:colcon.colcon_core.shell:Creating environment hook '/home/mobilehri/mobilehri_ws/install/mobile_robot_control/share/mobile_robot_control/hook/pythonpath.sh'
[18.597s] Level 1:colcon.colcon_core.environment:checking '/home/mobilehri/mobilehri_ws/install/mobile_robot_control/bin'
[18.603s] Level 1:colcon.colcon_core.environment:create_environment_scripts_only(mobile_robot_control)
[18.633s] INFO:colcon.colcon_core.shell:Creating package script '/home/mobilehri/mobilehri_ws/install/mobile_robot_control/share/mobile_robot_control/package.ps1'
[18.651s] INFO:colcon.colcon_core.shell:Creating package descriptor '/home/mobilehri/mobilehri_ws/install/mobile_robot_control/share/mobile_robot_control/package.dsv'
[18.666s] INFO:colcon.colcon_core.shell:Creating package script '/home/mobilehri/mobilehri_ws/install/mobile_robot_control/share/mobile_robot_control/package.sh'
[18.682s] INFO:colcon.colcon_core.shell:Creating package script '/home/mobilehri/mobilehri_ws/install/mobile_robot_control/share/mobile_robot_control/package.bash'
[18.687s] INFO:colcon.colcon_core.shell:Creating package script '/home/mobilehri/mobilehri_ws/install/mobile_robot_control/share/mobile_robot_control/package.zsh'
[18.697s] Level 1:colcon.colcon_core.environment:create_file_with_runtime_dependencies(/home/mobilehri/mobilehri_ws/install/mobile_robot_control/share/colcon-core/packages/mobile_robot_control)
[18.706s] INFO:colcon.colcon_ros.task.ament_cmake.build:Building ROS package in '/home/mobilehri/mobilehri_ws/src/mobilehri2023/ydlidar_ros2_driver' with build type 'ament_cmake'
[18.712s] INFO:colcon.colcon_cmake.task.cmake.build:Building CMake package in '/home/mobilehri/mobilehri_ws/src/mobilehri2023/ydlidar_ros2_driver'
[18.720s] INFO:colcon.colcon_core.shell:Skip shell extension 'powershell' for command environment: Not usable outside of PowerShell
[18.720s] DEBUG:colcon.colcon_core.shell:Skip shell extension 'dsv' for command environment
[18.776s] DEBUG:colcon.colcon_core.event_handler.log_command:Invoked command in '/home/mobilehri/mobilehri_ws/src/mobilehri2023/picamera' returned '0': PYTHONPATH=/home/mobilehri/mobilehri_ws/build/picamera/prefix_override:/home/mobilehri/mobilehri_ws/install/picamera/lib/python3.10/site-packages:${PYTHONPATH} /usr/bin/python3 setup.py egg_info --egg-base ../../../build/picamera build --build-base /home/mobilehri/mobilehri_ws/build/picamera/build install --record /home/mobilehri/mobilehri_ws/build/picamera/install.log --single-version-externally-managed
[18.787s] Level 1:colcon.colcon_core.environment:checking '/home/mobilehri/mobilehri_ws/install/picamera' for CMake module files
[18.790s] Level 1:colcon.colcon_core.environment:checking '/home/mobilehri/mobilehri_ws/install/picamera' for CMake config files
[18.795s] Level 1:colcon.colcon_core.environment:checking '/home/mobilehri/mobilehri_ws/install/picamera/lib'
[18.796s] Level 1:colcon.colcon_core.environment:checking '/home/mobilehri/mobilehri_ws/install/picamera/bin'
[18.796s] Level 1:colcon.colcon_core.environment:checking '/home/mobilehri/mobilehri_ws/install/picamera/lib/pkgconfig/picamera.pc'
[18.799s] Level 1:colcon.colcon_core.environment:checking '/home/mobilehri/mobilehri_ws/install/picamera/lib/python3.10/site-packages'
[18.799s] Level 1:colcon.colcon_core.shell:create_environment_hook('picamera', 'pythonpath')
[18.807s] INFO:colcon.colcon_core.shell:Creating environment hook '/home/mobilehri/mobilehri_ws/install/picamera/share/picamera/hook/pythonpath.ps1'
[18.810s] INFO:colcon.colcon_core.shell:Creating environment descriptor '/home/mobilehri/mobilehri_ws/install/picamera/share/picamera/hook/pythonpath.dsv'
[18.813s] INFO:colcon.colcon_core.shell:Creating environment hook '/home/mobilehri/mobilehri_ws/install/picamera/share/picamera/hook/pythonpath.sh'
[18.816s] Level 1:colcon.colcon_core.environment:checking '/home/mobilehri/mobilehri_ws/install/picamera/bin'
[18.817s] Level 1:colcon.colcon_core.environment:create_environment_scripts_only(picamera)
[18.827s] INFO:colcon.colcon_core.shell:Creating package script '/home/mobilehri/mobilehri_ws/install/picamera/share/picamera/package.ps1'
[18.830s] INFO:colcon.colcon_core.shell:Creating package descriptor '/home/mobilehri/mobilehri_ws/install/picamera/share/picamera/package.dsv'
[18.833s] INFO:colcon.colcon_core.shell:Creating package script '/home/mobilehri/mobilehri_ws/install/picamera/share/picamera/package.sh'
[18.837s] INFO:colcon.colcon_core.shell:Creating package script '/home/mobilehri/mobilehri_ws/install/picamera/share/picamera/package.bash'
[18.839s] INFO:colcon.colcon_core.shell:Creating package script '/home/mobilehri/mobilehri_ws/install/picamera/share/picamera/package.zsh'
[18.842s] Level 1:colcon.colcon_core.environment:create_file_with_runtime_dependencies(/home/mobilehri/mobilehri_ws/install/picamera/share/colcon-core/packages/picamera)
[18.856s] DEBUG:colcon.colcon_core.event_handler.log_command:Invoking command in '/home/mobilehri/mobilehri_ws/build/ydlidar_ros2_driver': CMAKE_PREFIX_PATH=/opt/ros/humble /usr/bin/cmake /home/mobilehri/mobilehri_ws/src/mobilehri2023/ydlidar_ros2_driver -DCMAKE_INSTALL_PREFIX=/home/mobilehri/mobilehri_ws/install/ydlidar_ros2_driver
[19.405s] Level 1:colcon.colcon_core.environment:checking '/home/mobilehri/mobilehri_ws/install/joy_teleop_keymapping' for CMake module files
[19.409s] DEBUG:colcon.colcon_core.event_handler.log_command:Invoked command in '/home/mobilehri/mobilehri_ws/src/mobilehri2023/joy_teleop_keymapping' returned '0': PYTHONPATH=/home/mobilehri/mobilehri_ws/build/joy_teleop_keymapping/prefix_override:/home/mobilehri/mobilehri_ws/install/joy_teleop_keymapping/lib/python3.10/site-packages:${PYTHONPATH} /usr/bin/python3 setup.py egg_info --egg-base ../../../build/joy_teleop_keymapping build --build-base /home/mobilehri/mobilehri_ws/build/joy_teleop_keymapping/build install --record /home/mobilehri/mobilehri_ws/build/joy_teleop_keymapping/install.log --single-version-externally-managed
[19.420s] Level 1:colcon.colcon_core.environment:checking '/home/mobilehri/mobilehri_ws/install/joy_teleop_keymapping' for CMake config files
[19.430s] Level 1:colcon.colcon_core.environment:checking '/home/mobilehri/mobilehri_ws/install/joy_teleop_keymapping/lib'
[19.431s] Level 1:colcon.colcon_core.environment:checking '/home/mobilehri/mobilehri_ws/install/joy_teleop_keymapping/bin'
[19.431s] Level 1:colcon.colcon_core.environment:checking '/home/mobilehri/mobilehri_ws/install/joy_teleop_keymapping/lib/pkgconfig/joy_teleop_keymapping.pc'
[19.433s] Level 1:colcon.colcon_core.environment:checking '/home/mobilehri/mobilehri_ws/install/joy_teleop_keymapping/lib/python3.10/site-packages'
[19.433s] Level 1:colcon.colcon_core.shell:create_environment_hook('joy_teleop_keymapping', 'pythonpath')
[19.460s] INFO:colcon.colcon_core.shell:Creating environment hook '/home/mobilehri/mobilehri_ws/install/joy_teleop_keymapping/share/joy_teleop_keymapping/hook/pythonpath.ps1'
[19.471s] INFO:colcon.colcon_core.shell:Creating environment descriptor '/home/mobilehri/mobilehri_ws/install/joy_teleop_keymapping/share/joy_teleop_keymapping/hook/pythonpath.dsv'
[19.479s] INFO:colcon.colcon_core.shell:Creating environment hook '/home/mobilehri/mobilehri_ws/install/joy_teleop_keymapping/share/joy_teleop_keymapping/hook/pythonpath.sh'
[19.495s] Level 1:colcon.colcon_core.environment:checking '/home/mobilehri/mobilehri_ws/install/joy_teleop_keymapping/bin'
[19.495s] Level 1:colcon.colcon_core.environment:create_environment_scripts_only(joy_teleop_keymapping)
[19.518s] INFO:colcon.colcon_core.shell:Creating package script '/home/mobilehri/mobilehri_ws/install/joy_teleop_keymapping/share/joy_teleop_keymapping/package.ps1'
[19.526s] INFO:colcon.colcon_core.shell:Creating package descriptor '/home/mobilehri/mobilehri_ws/install/joy_teleop_keymapping/share/joy_teleop_keymapping/package.dsv'
[19.530s] INFO:colcon.colcon_core.shell:Creating package script '/home/mobilehri/mobilehri_ws/install/joy_teleop_keymapping/share/joy_teleop_keymapping/package.sh'
[19.533s] INFO:colcon.colcon_core.shell:Creating package script '/home/mobilehri/mobilehri_ws/install/joy_teleop_keymapping/share/joy_teleop_keymapping/package.bash'
[19.536s] INFO:colcon.colcon_core.shell:Creating package script '/home/mobilehri/mobilehri_ws/install/joy_teleop_keymapping/share/joy_teleop_keymapping/package.zsh'
[19.538s] Level 1:colcon.colcon_core.environment:create_file_with_runtime_dependencies(/home/mobilehri/mobilehri_ws/install/joy_teleop_keymapping/share/colcon-core/packages/joy_teleop_keymapping)
[20.318s] DEBUG:colcon.colcon_core.event_handler.log_command:Invoked command in '/home/mobilehri/mobilehri_ws/src/my_package' returned '0': PYTHONPATH=/home/mobilehri/mobilehri_ws/build/my_package/prefix_override:/home/mobilehri/mobilehri_ws/install/my_package/lib/python3.10/site-packages:${PYTHONPATH} /usr/bin/python3 setup.py egg_info --egg-base ../../build/my_package build --build-base /home/mobilehri/mobilehri_ws/build/my_package/build install --record /home/mobilehri/mobilehri_ws/build/my_package/install.log --single-version-externally-managed
[20.345s] Level 1:colcon.colcon_core.environment:checking '/home/mobilehri/mobilehri_ws/install/my_package' for CMake module files
[20.349s] Level 1:colcon.colcon_core.environment:checking '/home/mobilehri/mobilehri_ws/install/my_package' for CMake config files
[20.355s] Level 1:colcon.colcon_core.environment:checking '/home/mobilehri/mobilehri_ws/install/my_package/lib'
[20.356s] Level 1:colcon.colcon_core.environment:checking '/home/mobilehri/mobilehri_ws/install/my_package/bin'
[20.358s] Level 1:colcon.colcon_core.environment:checking '/home/mobilehri/mobilehri_ws/install/my_package/lib/pkgconfig/my_package.pc'
[20.359s] Level 1:colcon.colcon_core.environment:checking '/home/mobilehri/mobilehri_ws/install/my_package/lib/python3.10/site-packages'
[20.360s] Level 1:colcon.colcon_core.shell:create_environment_hook('my_package', 'pythonpath')
[20.370s] INFO:colcon.colcon_core.shell:Creating environment hook '/home/mobilehri/mobilehri_ws/install/my_package/share/my_package/hook/pythonpath.ps1'
[20.376s] INFO:colcon.colcon_core.shell:Creating environment descriptor '/home/mobilehri/mobilehri_ws/install/my_package/share/my_package/hook/pythonpath.dsv'
[20.379s] INFO:colcon.colcon_core.shell:Creating environment hook '/home/mobilehri/mobilehri_ws/install/my_package/share/my_package/hook/pythonpath.sh'
[20.382s] Level 1:colcon.colcon_core.environment:checking '/home/mobilehri/mobilehri_ws/install/my_package/bin'
[20.385s] Level 1:colcon.colcon_core.environment:create_environment_scripts_only(my_package)
[20.406s] INFO:colcon.colcon_core.shell:Creating package script '/home/mobilehri/mobilehri_ws/install/my_package/share/my_package/package.ps1'
[20.409s] INFO:colcon.colcon_core.shell:Creating package descriptor '/home/mobilehri/mobilehri_ws/install/my_package/share/my_package/package.dsv'
[20.418s] INFO:colcon.colcon_core.shell:Creating package script '/home/mobilehri/mobilehri_ws/install/my_package/share/my_package/package.sh'
[20.422s] INFO:colcon.colcon_core.shell:Creating package script '/home/mobilehri/mobilehri_ws/install/my_package/share/my_package/package.bash'
[20.425s] INFO:colcon.colcon_core.shell:Creating package script '/home/mobilehri/mobilehri_ws/install/my_package/share/my_package/package.zsh'
[20.430s] Level 1:colcon.colcon_core.environment:create_file_with_runtime_dependencies(/home/mobilehri/mobilehri_ws/install/my_package/share/colcon-core/packages/my_package)
[24.670s] DEBUG:colcon.colcon_core.event_handler.log_command:Invoked command in '/home/mobilehri/mobilehri_ws/build/ydlidar_ros2_driver' returned '1': CMAKE_PREFIX_PATH=/opt/ros/humble /usr/bin/cmake /home/mobilehri/mobilehri_ws/src/mobilehri2023/ydlidar_ros2_driver -DCMAKE_INSTALL_PREFIX=/home/mobilehri/mobilehri_ws/install/ydlidar_ros2_driver
[24.720s] Level 1:colcon.colcon_core.environment:create_environment_scripts_only(ydlidar_ros2_driver)
[24.730s] Level 1:colcon.colcon_core.environment:checking '/home/mobilehri/mobilehri_ws/install/ydlidar_ros2_driver' for CMake module files
[24.733s] Level 1:colcon.colcon_core.environment:checking '/home/mobilehri/mobilehri_ws/install/ydlidar_ros2_driver' for CMake config files
[24.735s] Level 1:colcon.colcon_core.environment:checking '/home/mobilehri/mobilehri_ws/install/ydlidar_ros2_driver/bin'
[24.736s] Level 1:colcon.colcon_core.environment:checking '/home/mobilehri/mobilehri_ws/install/ydlidar_ros2_driver/lib/pkgconfig/ydlidar_ros2_driver.pc'
[24.737s] Level 1:colcon.colcon_core.environment:checking '/home/mobilehri/mobilehri_ws/install/ydlidar_ros2_driver/lib/python3.10/site-packages'
[24.738s] Level 1:colcon.colcon_core.environment:checking '/home/mobilehri/mobilehri_ws/install/ydlidar_ros2_driver/bin'
[24.744s] INFO:colcon.colcon_core.shell:Creating package script '/home/mobilehri/mobilehri_ws/install/ydlidar_ros2_driver/share/ydlidar_ros2_driver/package.ps1'
[24.746s] INFO:colcon.colcon_core.shell:Creating package descriptor '/home/mobilehri/mobilehri_ws/install/ydlidar_ros2_driver/share/ydlidar_ros2_driver/package.dsv'
[24.748s] INFO:colcon.colcon_core.shell:Creating package script '/home/mobilehri/mobilehri_ws/install/ydlidar_ros2_driver/share/ydlidar_ros2_driver/package.sh'
[24.750s] INFO:colcon.colcon_core.shell:Creating package script '/home/mobilehri/mobilehri_ws/install/ydlidar_ros2_driver/share/ydlidar_ros2_driver/package.bash'
[24.752s] INFO:colcon.colcon_core.shell:Creating package script '/home/mobilehri/mobilehri_ws/install/ydlidar_ros2_driver/share/ydlidar_ros2_driver/package.zsh'
[24.754s] Level 1:colcon.colcon_core.environment:create_file_with_runtime_dependencies(/home/mobilehri/mobilehri_ws/install/ydlidar_ros2_driver/share/colcon-core/packages/ydlidar_ros2_driver)
[24.765s] DEBUG:colcon.colcon_parallel_executor.executor.parallel:closing loop
[24.766s] DEBUG:colcon.colcon_parallel_executor.executor.parallel:loop closed
[24.766s] DEBUG:colcon.colcon_parallel_executor.executor.parallel:run_until_complete finished with '1'
[24.767s] DEBUG:colcon.colcon_core.event_reactor:joining thread
[24.800s] INFO:colcon.colcon_core.plugin_system:Skipping extension 'colcon_notification.desktop_notification.terminal_notifier': Not used on non-Darwin systems
[24.800s] INFO:colcon.colcon_core.plugin_system:Skipping extension 'colcon_notification.desktop_notification.win32': Not used on non-Windows systems
[24.801s] INFO:colcon.colcon_notification.desktop_notification:Sending desktop notification using 'notify2'
[49.822s] DEBUG:colcon.colcon_notification.desktop_notification.notify2:Failed to initialize notify2: org.freedesktop.DBus.Error.NoReply: Did not receive a reply. Possible causes include: the remote application did not send a reply, the message bus security policy blocked the reply, the reply timeout expired, or the network connection was broken.
[49.823s] DEBUG:colcon.colcon_core.event_reactor:joined thread
[49.831s] INFO:colcon.colcon_core.shell:Creating prefix script '/home/mobilehri/mobilehri_ws/install/local_setup.ps1'
[49.839s] INFO:colcon.colcon_core.shell:Creating prefix util module '/home/mobilehri/mobilehri_ws/install/_local_setup_util_ps1.py'
[49.924s] INFO:colcon.colcon_core.shell:Creating prefix chain script '/home/mobilehri/mobilehri_ws/install/setup.ps1'
[49.939s] INFO:colcon.colcon_core.shell:Creating prefix script '/home/mobilehri/mobilehri_ws/install/local_setup.sh'
[49.952s] INFO:colcon.colcon_core.shell:Creating prefix util module '/home/mobilehri/mobilehri_ws/install/_local_setup_util_sh.py'
[49.955s] INFO:colcon.colcon_core.shell:Creating prefix chain script '/home/mobilehri/mobilehri_ws/install/setup.sh'
[49.965s] INFO:colcon.colcon_core.shell:Creating prefix script '/home/mobilehri/mobilehri_ws/install/local_setup.bash'
[49.969s] INFO:colcon.colcon_core.shell:Creating prefix chain script '/home/mobilehri/mobilehri_ws/install/setup.bash'
[49.978s] INFO:colcon.colcon_core.shell:Creating prefix script '/home/mobilehri/mobilehri_ws/install/local_setup.zsh'
[49.981s] INFO:colcon.colcon_core.shell:Creating prefix chain script '/home/mobilehri/mobilehri_ws/install/setup.zsh'
