[2.179s] DEBUG:colcon:Command line arguments: ['/usr/bin/colcon', 'build']
[2.180s] DEBUG:colcon:Parsed command line arguments: Namespace(log_base=None, log_level=None, verb_name='build', build_base='build', install_base='install', merge_install=False, symlink_install=False, test_result_base=None, continue_on_error=False, executor='parallel', parallel_workers=4, event_handlers=None, ignore_user_meta=False, metas=['./colcon.meta'], base_paths=['.'], packages_ignore=None, packages_ignore_regex=None, paths=None, packages_up_to=None, packages_up_to_regex=None, packages_above=None, packages_above_and_dependencies=None, packages_above_depth=None, packages_select_by_dep=None, packages_skip_by_dep=None, packages_skip_up_to=None, packages_select_build_failed=False, packages_skip_build_finished=False, packages_select_test_failures=False, packages_skip_test_passed=False, packages_select=None, packages_skip=None, packages_select_regex=None, packages_skip_regex=None, packages_start=None, packages_end=None, allow_overriding=[], cmake_args=None, cmake_target=None, cmake_target_skip_unavailable=False, cmake_clean_cache=False, cmake_clean_first=False, cmake_force_configure=False, ament_cmake_args=None, catkin_cmake_args=None, catkin_skip_building_tests=False, verb_parser=<colcon_defaults.argument_parser.defaults.DefaultArgumentsDecorator object at 0xffff9b479750>, verb_extension=<colcon_core.verb.build.BuildVerb object at 0xffff9be8df60>, main=<bound method BuildVerb.main of <colcon_core.verb.build.BuildVerb object at 0xffff9be8df60>>)
[2.327s] Level 1:colcon.colcon_core.package_discovery:discover_packages(colcon_meta) check parameters
[2.328s] Level 1:colcon.colcon_core.package_discovery:discover_packages(recursive) check parameters
[2.328s] Level 1:colcon.colcon_core.package_discovery:discover_packages(ignore) check parameters
[2.328s] Level 1:colcon.colcon_core.package_discovery:discover_packages(path) check parameters
[2.328s] Level 1:colcon.colcon_core.package_discovery:discover_packages(colcon_meta) discover
[2.328s] Level 1:colcon.colcon_core.package_discovery:discover_packages(recursive) discover
[2.329s] INFO:colcon.colcon_core.package_discovery:Crawling recursively for packages in '/home/mobilehri/mobilehri_ws'
[2.329s] Level 1:colcon.colcon_core.package_identification:_identify(.) by extensions ['ignore', 'ignore_ament_install']
[2.329s] Level 1:colcon.colcon_core.package_identification:_identify(.) by extension 'ignore'
[2.330s] Level 1:colcon.colcon_core.package_identification:_identify(.) by extension 'ignore_ament_install'
[2.330s] Level 1:colcon.colcon_core.package_identification:_identify(.) by extensions ['colcon_pkg']
[2.330s] Level 1:colcon.colcon_core.package_identification:_identify(.) by extension 'colcon_pkg'
[2.330s] Level 1:colcon.colcon_core.package_identification:_identify(.) by extensions ['colcon_meta']
[2.330s] Level 1:colcon.colcon_core.package_identification:_identify(.) by extension 'colcon_meta'
[2.331s] Level 1:colcon.colcon_core.package_identification:_identify(.) by extensions ['ros']
[2.331s] Level 1:colcon.colcon_core.package_identification:_identify(.) by extension 'ros'
[2.381s] Level 1:colcon.colcon_core.package_identification:_identify(.) by extensions ['cmake', 'python']
[2.382s] Level 1:colcon.colcon_core.package_identification:_identify(.) by extension 'cmake'
[2.382s] Level 1:colcon.colcon_core.package_identification:_identify(.) by extension 'python'
[2.382s] Level 1:colcon.colcon_core.package_identification:_identify(.) by extensions ['python_setup_py']
[2.382s] Level 1:colcon.colcon_core.package_identification:_identify(.) by extension 'python_setup_py'
[2.383s] Level 1:colcon.colcon_core.package_identification:_identify(build) by extensions ['ignore', 'ignore_ament_install']
[2.383s] Level 1:colcon.colcon_core.package_identification:_identify(build) by extension 'ignore'
[2.384s] Level 1:colcon.colcon_core.package_identification:_identify(build) ignored
[2.384s] Level 1:colcon.colcon_core.package_identification:_identify(install) by extensions ['ignore', 'ignore_ament_install']
[2.385s] Level 1:colcon.colcon_core.package_identification:_identify(install) by extension 'ignore'
[2.385s] Level 1:colcon.colcon_core.package_identification:_identify(install) ignored
[2.386s] Level 1:colcon.colcon_core.package_identification:_identify(log) by extensions ['ignore', 'ignore_ament_install']
[2.386s] Level 1:colcon.colcon_core.package_identification:_identify(log) by extension 'ignore'
[2.386s] Level 1:colcon.colcon_core.package_identification:_identify(log) ignored
[2.387s] Level 1:colcon.colcon_core.package_identification:_identify(src) by extensions ['ignore', 'ignore_ament_install']
[2.387s] Level 1:colcon.colcon_core.package_identification:_identify(src) by extension 'ignore'
[2.387s] Level 1:colcon.colcon_core.package_identification:_identify(src) by extension 'ignore_ament_install'
[2.387s] Level 1:colcon.colcon_core.package_identification:_identify(src) by extensions ['colcon_pkg']
[2.388s] Level 1:colcon.colcon_core.package_identification:_identify(src) by extension 'colcon_pkg'
[2.388s] Level 1:colcon.colcon_core.package_identification:_identify(src) by extensions ['colcon_meta']
[2.388s] Level 1:colcon.colcon_core.package_identification:_identify(src) by extension 'colcon_meta'
[2.388s] Level 1:colcon.colcon_core.package_identification:_identify(src) by extensions ['ros']
[2.388s] Level 1:colcon.colcon_core.package_identification:_identify(src) by extension 'ros'
[2.389s] Level 1:colcon.colcon_core.package_identification:_identify(src) by extensions ['cmake', 'python']
[2.389s] Level 1:colcon.colcon_core.package_identification:_identify(src) by extension 'cmake'
[2.389s] Level 1:colcon.colcon_core.package_identification:_identify(src) by extension 'python'
[2.389s] Level 1:colcon.colcon_core.package_identification:_identify(src) by extensions ['python_setup_py']
[2.389s] Level 1:colcon.colcon_core.package_identification:_identify(src) by extension 'python_setup_py'
[2.390s] Level 1:colcon.colcon_core.package_identification:_identify(src/mobilehri2023) by extensions ['ignore', 'ignore_ament_install']
[2.390s] Level 1:colcon.colcon_core.package_identification:_identify(src/mobilehri2023) by extension 'ignore'
[2.391s] Level 1:colcon.colcon_core.package_identification:_identify(src/mobilehri2023) by extension 'ignore_ament_install'
[2.391s] Level 1:colcon.colcon_core.package_identification:_identify(src/mobilehri2023) by extensions ['colcon_pkg']
[2.391s] Level 1:colcon.colcon_core.package_identification:_identify(src/mobilehri2023) by extension 'colcon_pkg'
[2.391s] Level 1:colcon.colcon_core.package_identification:_identify(src/mobilehri2023) by extensions ['colcon_meta']
[2.391s] Level 1:colcon.colcon_core.package_identification:_identify(src/mobilehri2023) by extension 'colcon_meta'
[2.392s] Level 1:colcon.colcon_core.package_identification:_identify(src/mobilehri2023) by extensions ['ros']
[2.392s] Level 1:colcon.colcon_core.package_identification:_identify(src/mobilehri2023) by extension 'ros'
[2.392s] Level 1:colcon.colcon_core.package_identification:_identify(src/mobilehri2023) by extensions ['cmake', 'python']
[2.392s] Level 1:colcon.colcon_core.package_identification:_identify(src/mobilehri2023) by extension 'cmake'
[2.393s] Level 1:colcon.colcon_core.package_identification:_identify(src/mobilehri2023) by extension 'python'
[2.393s] Level 1:colcon.colcon_core.package_identification:_identify(src/mobilehri2023) by extensions ['python_setup_py']
[2.393s] Level 1:colcon.colcon_core.package_identification:_identify(src/mobilehri2023) by extension 'python_setup_py'
[2.393s] Level 1:colcon.colcon_core.package_identification:_identify(src/mobilehri2023/joy_teleop_keymapping) by extensions ['ignore', 'ignore_ament_install']
[2.394s] Level 1:colcon.colcon_core.package_identification:_identify(src/mobilehri2023/joy_teleop_keymapping) by extension 'ignore'
[2.394s] Level 1:colcon.colcon_core.package_identification:_identify(src/mobilehri2023/joy_teleop_keymapping) by extension 'ignore_ament_install'
[2.394s] Level 1:colcon.colcon_core.package_identification:_identify(src/mobilehri2023/joy_teleop_keymapping) by extensions ['colcon_pkg']
[2.395s] Level 1:colcon.colcon_core.package_identification:_identify(src/mobilehri2023/joy_teleop_keymapping) by extension 'colcon_pkg'
[2.395s] Level 1:colcon.colcon_core.package_identification:_identify(src/mobilehri2023/joy_teleop_keymapping) by extensions ['colcon_meta']
[2.395s] Level 1:colcon.colcon_core.package_identification:_identify(src/mobilehri2023/joy_teleop_keymapping) by extension 'colcon_meta'
[2.395s] Level 1:colcon.colcon_core.package_identification:_identify(src/mobilehri2023/joy_teleop_keymapping) by extensions ['ros']
[2.395s] Level 1:colcon.colcon_core.package_identification:_identify(src/mobilehri2023/joy_teleop_keymapping) by extension 'ros'
[2.406s] DEBUG:colcon.colcon_core.package_identification:Package 'src/mobilehri2023/joy_teleop_keymapping' with type 'ros.ament_python' and name 'joy_teleop_keymapping'
[2.406s] Level 1:colcon.colcon_core.package_identification:_identify(src/mobilehri2023/mobile_robot_control) by extensions ['ignore', 'ignore_ament_install']
[2.407s] Level 1:colcon.colcon_core.package_identification:_identify(src/mobilehri2023/mobile_robot_control) by extension 'ignore'
[2.407s] Level 1:colcon.colcon_core.package_identification:_identify(src/mobilehri2023/mobile_robot_control) by extension 'ignore_ament_install'
[2.407s] Level 1:colcon.colcon_core.package_identification:_identify(src/mobilehri2023/mobile_robot_control) by extensions ['colcon_pkg']
[2.407s] Level 1:colcon.colcon_core.package_identification:_identify(src/mobilehri2023/mobile_robot_control) by extension 'colcon_pkg'
[2.408s] Level 1:colcon.colcon_core.package_identification:_identify(src/mobilehri2023/mobile_robot_control) by extensions ['colcon_meta']
[2.408s] Level 1:colcon.colcon_core.package_identification:_identify(src/mobilehri2023/mobile_robot_control) by extension 'colcon_meta'
[2.408s] Level 1:colcon.colcon_core.package_identification:_identify(src/mobilehri2023/mobile_robot_control) by extensions ['ros']
[2.408s] Level 1:colcon.colcon_core.package_identification:_identify(src/mobilehri2023/mobile_robot_control) by extension 'ros'
[2.411s] DEBUG:colcon.colcon_core.package_identification:Package 'src/mobilehri2023/mobile_robot_control' with type 'ros.ament_python' and name 'mobile_robot_control'
[2.412s] Level 1:colcon.colcon_core.package_identification:_identify(src/mobilehri2023/picamera) by extensions ['ignore', 'ignore_ament_install']
[2.412s] Level 1:colcon.colcon_core.package_identification:_identify(src/mobilehri2023/picamera) by extension 'ignore'
[2.412s] Level 1:colcon.colcon_core.package_identification:_identify(src/mobilehri2023/picamera) by extension 'ignore_ament_install'
[2.412s] Level 1:colcon.colcon_core.package_identification:_identify(src/mobilehri2023/picamera) by extensions ['colcon_pkg']
[2.413s] Level 1:colcon.colcon_core.package_identification:_identify(src/mobilehri2023/picamera) by extension 'colcon_pkg'
[2.413s] Level 1:colcon.colcon_core.package_identification:_identify(src/mobilehri2023/picamera) by extensions ['colcon_meta']
[2.413s] Level 1:colcon.colcon_core.package_identification:_identify(src/mobilehri2023/picamera) by extension 'colcon_meta'
[2.413s] Level 1:colcon.colcon_core.package_identification:_identify(src/mobilehri2023/picamera) by extensions ['ros']
[2.413s] Level 1:colcon.colcon_core.package_identification:_identify(src/mobilehri2023/picamera) by extension 'ros'
[2.416s] DEBUG:colcon.colcon_core.package_identification:Package 'src/mobilehri2023/picamera' with type 'ros.ament_python' and name 'picamera'
[2.417s] Level 1:colcon.colcon_core.package_identification:_identify(src/mobilehri2023/ydlidar_ros2_driver) by extensions ['ignore', 'ignore_ament_install']
[2.417s] Level 1:colcon.colcon_core.package_identification:_identify(src/mobilehri2023/ydlidar_ros2_driver) by extension 'ignore'
[2.417s] Level 1:colcon.colcon_core.package_identification:_identify(src/mobilehri2023/ydlidar_ros2_driver) by extension 'ignore_ament_install'
[2.418s] Level 1:colcon.colcon_core.package_identification:_identify(src/mobilehri2023/ydlidar_ros2_driver) by extensions ['colcon_pkg']
[2.418s] Level 1:colcon.colcon_core.package_identification:_identify(src/mobilehri2023/ydlidar_ros2_driver) by extension 'colcon_pkg'
[2.418s] Level 1:colcon.colcon_core.package_identification:_identify(src/mobilehri2023/ydlidar_ros2_driver) by extensions ['colcon_meta']
[2.418s] Level 1:colcon.colcon_core.package_identification:_identify(src/mobilehri2023/ydlidar_ros2_driver) by extension 'colcon_meta'
[2.419s] Level 1:colcon.colcon_core.package_identification:_identify(src/mobilehri2023/ydlidar_ros2_driver) by extensions ['ros']
[2.419s] Level 1:colcon.colcon_core.package_identification:_identify(src/mobilehri2023/ydlidar_ros2_driver) by extension 'ros'
[2.426s] DEBUG:colcon.colcon_core.package_identification:Package 'src/mobilehri2023/ydlidar_ros2_driver' with type 'ros.ament_cmake' and name 'ydlidar_ros2_driver'
[2.427s] Level 1:colcon.colcon_core.package_identification:_identify(src/my_package) by extensions ['ignore', 'ignore_ament_install']
[2.427s] Level 1:colcon.colcon_core.package_identification:_identify(src/my_package) by extension 'ignore'
[2.427s] Level 1:colcon.colcon_core.package_identification:_identify(src/my_package) by extension 'ignore_ament_install'
[2.428s] Level 1:colcon.colcon_core.package_identification:_identify(src/my_package) by extensions ['colcon_pkg']
[2.428s] Level 1:colcon.colcon_core.package_identification:_identify(src/my_package) by extension 'colcon_pkg'
[2.428s] Level 1:colcon.colcon_core.package_identification:_identify(src/my_package) by extensions ['colcon_meta']
[2.428s] Level 1:colcon.colcon_core.package_identification:_identify(src/my_package) by extension 'colcon_meta'
[2.428s] Level 1:colcon.colcon_core.package_identification:_identify(src/my_package) by extensions ['ros']
[2.428s] Level 1:colcon.colcon_core.package_identification:_identify(src/my_package) by extension 'ros'
[2.431s] DEBUG:colcon.colcon_core.package_identification:Package 'src/my_package' with type 'ros.ament_python' and name 'my_package'
[2.432s] Level 1:colcon.colcon_core.package_discovery:discover_packages(recursive) using defaults
[2.432s] Level 1:colcon.colcon_core.package_discovery:discover_packages(ignore) discover
[2.432s] Level 1:colcon.colcon_core.package_discovery:discover_packages(ignore) using defaults
[2.432s] Level 1:colcon.colcon_core.package_discovery:discover_packages(path) discover
[2.432s] Level 1:colcon.colcon_core.package_discovery:discover_packages(path) using defaults
[2.558s] Level 1:colcon.colcon_core.package_discovery:discover_packages(prefix_path) check parameters
[2.558s] Level 1:colcon.colcon_core.package_discovery:discover_packages(prefix_path) discover
[2.586s] DEBUG:colcon.colcon_installed_package_information.package_discovery:Found 315 installed packages in /opt/ros/humble
[2.596s] Level 1:colcon.colcon_core.package_discovery:discover_packages(prefix_path) using defaults
[3.071s] Level 5:colcon.colcon_core.verb:set package 'joy_teleop_keymapping' build argument 'cmake_args' from command line to 'None'
[3.071s] Level 5:colcon.colcon_core.verb:set package 'joy_teleop_keymapping' build argument 'cmake_target' from command line to 'None'
[3.071s] Level 5:colcon.colcon_core.verb:set package 'joy_teleop_keymapping' build argument 'cmake_target_skip_unavailable' from command line to 'False'
[3.072s] Level 5:colcon.colcon_core.verb:set package 'joy_teleop_keymapping' build argument 'cmake_clean_cache' from command line to 'False'
[3.072s] Level 5:colcon.colcon_core.verb:set package 'joy_teleop_keymapping' build argument 'cmake_clean_first' from command line to 'False'
[3.072s] Level 5:colcon.colcon_core.verb:set package 'joy_teleop_keymapping' build argument 'cmake_force_configure' from command line to 'False'
[3.072s] Level 5:colcon.colcon_core.verb:set package 'joy_teleop_keymapping' build argument 'ament_cmake_args' from command line to 'None'
[3.072s] Level 5:colcon.colcon_core.verb:set package 'joy_teleop_keymapping' build argument 'catkin_cmake_args' from command line to 'None'
[3.072s] Level 5:colcon.colcon_core.verb:set package 'joy_teleop_keymapping' build argument 'catkin_skip_building_tests' from command line to 'False'
[3.073s] DEBUG:colcon.colcon_core.verb:Building package 'joy_teleop_keymapping' with the following arguments: {'ament_cmake_args': None, 'build_base': '/home/mobilehri/mobilehri_ws/build/joy_teleop_keymapping', 'catkin_cmake_args': None, 'catkin_skip_building_tests': False, 'cmake_args': None, 'cmake_clean_cache': False, 'cmake_clean_first': False, 'cmake_force_configure': False, 'cmake_target': None, 'cmake_target_skip_unavailable': False, 'install_base': '/home/mobilehri/mobilehri_ws/install/joy_teleop_keymapping', 'merge_install': False, 'path': '/home/mobilehri/mobilehri_ws/src/mobilehri2023/joy_teleop_keymapping', 'symlink_install': False, 'test_result_base': None}
[3.079s] Level 5:colcon.colcon_core.verb:set package 'mobile_robot_control' build argument 'cmake_args' from command line to 'None'
[3.079s] Level 5:colcon.colcon_core.verb:set package 'mobile_robot_control' build argument 'cmake_target' from command line to 'None'
[3.080s] Level 5:colcon.colcon_core.verb:set package 'mobile_robot_control' build argument 'cmake_target_skip_unavailable' from command line to 'False'
[3.080s] Level 5:colcon.colcon_core.verb:set package 'mobile_robot_control' build argument 'cmake_clean_cache' from command line to 'False'
[3.080s] Level 5:colcon.colcon_core.verb:set package 'mobile_robot_control' build argument 'cmake_clean_first' from command line to 'False'
[3.080s] Level 5:colcon.colcon_core.verb:set package 'mobile_robot_control' build argument 'cmake_force_configure' from command line to 'False'
[3.081s] Level 5:colcon.colcon_core.verb:set package 'mobile_robot_control' build argument 'ament_cmake_args' from command line to 'None'
[3.081s] Level 5:colcon.colcon_core.verb:set package 'mobile_robot_control' build argument 'catkin_cmake_args' from command line to 'None'
[3.081s] Level 5:colcon.colcon_core.verb:set package 'mobile_robot_control' build argument 'catkin_skip_building_tests' from command line to 'False'
[3.081s] DEBUG:colcon.colcon_core.verb:Building package 'mobile_robot_control' with the following arguments: {'ament_cmake_args': None, 'build_base': '/home/mobilehri/mobilehri_ws/build/mobile_robot_control', 'catkin_cmake_args': None, 'catkin_skip_building_tests': False, 'cmake_args': None, 'cmake_clean_cache': False, 'cmake_clean_first': False, 'cmake_force_configure': False, 'cmake_target': None, 'cmake_target_skip_unavailable': False, 'install_base': '/home/mobilehri/mobilehri_ws/install/mobile_robot_control', 'merge_install': False, 'path': '/home/mobilehri/mobilehri_ws/src/mobilehri2023/mobile_robot_control', 'symlink_install': False, 'test_result_base': None}
[3.087s] Level 5:colcon.colcon_core.verb:set package 'my_package' build argument 'cmake_args' from command line to 'None'
[3.087s] Level 5:colcon.colcon_core.verb:set package 'my_package' build argument 'cmake_target' from command line to 'None'
[3.087s] Level 5:colcon.colcon_core.verb:set package 'my_package' build argument 'cmake_target_skip_unavailable' from command line to 'False'
[3.087s] Level 5:colcon.colcon_core.verb:set package 'my_package' build argument 'cmake_clean_cache' from command line to 'False'
[3.088s] Level 5:colcon.colcon_core.verb:set package 'my_package' build argument 'cmake_clean_first' from command line to 'False'
[3.088s] Level 5:colcon.colcon_core.verb:set package 'my_package' build argument 'cmake_force_configure' from command line to 'False'
[3.088s] Level 5:colcon.colcon_core.verb:set package 'my_package' build argument 'ament_cmake_args' from command line to 'None'
[3.088s] Level 5:colcon.colcon_core.verb:set package 'my_package' build argument 'catkin_cmake_args' from command line to 'None'
[3.088s] Level 5:colcon.colcon_core.verb:set package 'my_package' build argument 'catkin_skip_building_tests' from command line to 'False'
[3.088s] DEBUG:colcon.colcon_core.verb:Building package 'my_package' with the following arguments: {'ament_cmake_args': None, 'build_base': '/home/mobilehri/mobilehri_ws/build/my_package', 'catkin_cmake_args': None, 'catkin_skip_building_tests': False, 'cmake_args': None, 'cmake_clean_cache': False, 'cmake_clean_first': False, 'cmake_force_configure': False, 'cmake_target': None, 'cmake_target_skip_unavailable': False, 'install_base': '/home/mobilehri/mobilehri_ws/install/my_package', 'merge_install': False, 'path': '/home/mobilehri/mobilehri_ws/src/my_package', 'symlink_install': False, 'test_result_base': None}
[3.094s] Level 5:colcon.colcon_core.verb:set package 'picamera' build argument 'cmake_args' from command line to 'None'
[3.095s] Level 5:colcon.colcon_core.verb:set package 'picamera' build argument 'cmake_target' from command line to 'None'
[3.095s] Level 5:colcon.colcon_core.verb:set package 'picamera' build argument 'cmake_target_skip_unavailable' from command line to 'False'
[3.095s] Level 5:colcon.colcon_core.verb:set package 'picamera' build argument 'cmake_clean_cache' from command line to 'False'
[3.095s] Level 5:colcon.colcon_core.verb:set package 'picamera' build argument 'cmake_clean_first' from command line to 'False'
[3.095s] Level 5:colcon.colcon_core.verb:set package 'picamera' build argument 'cmake_force_configure' from command line to 'False'
[3.095s] Level 5:colcon.colcon_core.verb:set package 'picamera' build argument 'ament_cmake_args' from command line to 'None'
[3.095s] Level 5:colcon.colcon_core.verb:set package 'picamera' build argument 'catkin_cmake_args' from command line to 'None'
[3.095s] Level 5:colcon.colcon_core.verb:set package 'picamera' build argument 'catkin_skip_building_tests' from command line to 'False'
[3.096s] DEBUG:colcon.colcon_core.verb:Building package 'picamera' with the following arguments: {'ament_cmake_args': None, 'build_base': '/home/mobilehri/mobilehri_ws/build/picamera', 'catkin_cmake_args': None, 'catkin_skip_building_tests': False, 'cmake_args': None, 'cmake_clean_cache': False, 'cmake_clean_first': False, 'cmake_force_configure': False, 'cmake_target': None, 'cmake_target_skip_unavailable': False, 'install_base': '/home/mobilehri/mobilehri_ws/install/picamera', 'merge_install': False, 'path': '/home/mobilehri/mobilehri_ws/src/mobilehri2023/picamera', 'symlink_install': False, 'test_result_base': None}
[3.102s] Level 5:colcon.colcon_core.verb:set package 'ydlidar_ros2_driver' build argument 'cmake_args' from command line to 'None'
[3.102s] Level 5:colcon.colcon_core.verb:set package 'ydlidar_ros2_driver' build argument 'cmake_target' from command line to 'None'
[3.102s] Level 5:colcon.colcon_core.verb:set package 'ydlidar_ros2_driver' build argument 'cmake_target_skip_unavailable' from command line to 'False'
[3.102s] Level 5:colcon.colcon_core.verb:set package 'ydlidar_ros2_driver' build argument 'cmake_clean_cache' from command line to 'False'
[3.102s] Level 5:colcon.colcon_core.verb:set package 'ydlidar_ros2_driver' build argument 'cmake_clean_first' from command line to 'False'
[3.102s] Level 5:colcon.colcon_core.verb:set package 'ydlidar_ros2_driver' build argument 'cmake_force_configure' from command line to 'False'
[3.103s] Level 5:colcon.colcon_core.verb:set package 'ydlidar_ros2_driver' build argument 'ament_cmake_args' from command line to 'None'
[3.103s] Level 5:colcon.colcon_core.verb:set package 'ydlidar_ros2_driver' build argument 'catkin_cmake_args' from command line to 'None'
[3.103s] Level 5:colcon.colcon_core.verb:set package 'ydlidar_ros2_driver' build argument 'catkin_skip_building_tests' from command line to 'False'
[3.103s] DEBUG:colcon.colcon_core.verb:Building package 'ydlidar_ros2_driver' with the following arguments: {'ament_cmake_args': None, 'build_base': '/home/mobilehri/mobilehri_ws/build/ydlidar_ros2_driver', 'catkin_cmake_args': None, 'catkin_skip_building_tests': False, 'cmake_args': None, 'cmake_clean_cache': False, 'cmake_clean_first': False, 'cmake_force_configure': False, 'cmake_target': None, 'cmake_target_skip_unavailable': False, 'install_base': '/home/mobilehri/mobilehri_ws/install/ydlidar_ros2_driver', 'merge_install': False, 'path': '/home/mobilehri/mobilehri_ws/src/mobilehri2023/ydlidar_ros2_driver', 'symlink_install': False, 'test_result_base': None}
[3.107s] INFO:colcon.colcon_core.executor:Executing jobs using 'parallel' executor
[3.129s] DEBUG:colcon.colcon_parallel_executor.executor.parallel:run_until_complete
[3.130s] INFO:colcon.colcon_ros.task.ament_python.build:Building ROS package in '/home/mobilehri/mobilehri_ws/src/mobilehri2023/joy_teleop_keymapping' with build type 'ament_python'
[3.130s] Level 1:colcon.colcon_core.shell:create_environment_hook('joy_teleop_keymapping', 'ament_prefix_path')
[3.155s] INFO:colcon.colcon_core.plugin_system:Skipping extension 'colcon_core.shell.bat': Not used on non-Windows systems
[3.157s] INFO:colcon.colcon_core.shell:Creating environment hook '/home/mobilehri/mobilehri_ws/install/joy_teleop_keymapping/share/joy_teleop_keymapping/hook/ament_prefix_path.ps1'
[3.164s] INFO:colcon.colcon_core.shell:Creating environment descriptor '/home/mobilehri/mobilehri_ws/install/joy_teleop_keymapping/share/joy_teleop_keymapping/hook/ament_prefix_path.dsv'
[3.167s] INFO:colcon.colcon_core.shell:Creating environment hook '/home/mobilehri/mobilehri_ws/install/joy_teleop_keymapping/share/joy_teleop_keymapping/hook/ament_prefix_path.sh'
[3.177s] INFO:colcon.colcon_core.shell:Skip shell extension 'powershell' for command environment: Not usable outside of PowerShell
[3.178s] DEBUG:colcon.colcon_core.shell:Skip shell extension 'dsv' for command environment
[3.210s] INFO:colcon.colcon_ros.task.ament_python.build:Building ROS package in '/home/mobilehri/mobilehri_ws/src/mobilehri2023/mobile_robot_control' with build type 'ament_python'
[3.212s] Level 1:colcon.colcon_core.shell:create_environment_hook('mobile_robot_control', 'ament_prefix_path')
[3.222s] INFO:colcon.colcon_core.shell:Creating environment hook '/home/mobilehri/mobilehri_ws/install/mobile_robot_control/share/mobile_robot_control/hook/ament_prefix_path.ps1'
[3.234s] INFO:colcon.colcon_core.shell:Creating environment descriptor '/home/mobilehri/mobilehri_ws/install/mobile_robot_control/share/mobile_robot_control/hook/ament_prefix_path.dsv'
[3.236s] INFO:colcon.colcon_core.shell:Creating environment hook '/home/mobilehri/mobilehri_ws/install/mobile_robot_control/share/mobile_robot_control/hook/ament_prefix_path.sh'
[3.245s] INFO:colcon.colcon_core.shell:Skip shell extension 'powershell' for command environment: Not usable outside of PowerShell
[3.246s] DEBUG:colcon.colcon_core.shell:Skip shell extension 'dsv' for command environment
[3.279s] INFO:colcon.colcon_ros.task.ament_python.build:Building ROS package in '/home/mobilehri/mobilehri_ws/src/my_package' with build type 'ament_python'
[3.280s] Level 1:colcon.colcon_core.shell:create_environment_hook('my_package', 'ament_prefix_path')
[3.288s] INFO:colcon.colcon_core.shell:Creating environment hook '/home/mobilehri/mobilehri_ws/install/my_package/share/my_package/hook/ament_prefix_path.ps1'
[3.292s] INFO:colcon.colcon_core.shell:Creating environment descriptor '/home/mobilehri/mobilehri_ws/install/my_package/share/my_package/hook/ament_prefix_path.dsv'
[3.294s] INFO:colcon.colcon_core.shell:Creating environment hook '/home/mobilehri/mobilehri_ws/install/my_package/share/my_package/hook/ament_prefix_path.sh'
[3.304s] INFO:colcon.colcon_core.shell:Skip shell extension 'powershell' for command environment: Not usable outside of PowerShell
[3.305s] DEBUG:colcon.colcon_core.shell:Skip shell extension 'dsv' for command environment
[3.333s] INFO:colcon.colcon_ros.task.ament_python.build:Building ROS package in '/home/mobilehri/mobilehri_ws/src/mobilehri2023/picamera' with build type 'ament_python'
[3.335s] Level 1:colcon.colcon_core.shell:create_environment_hook('picamera', 'ament_prefix_path')
[3.344s] INFO:colcon.colcon_core.shell:Creating environment hook '/home/mobilehri/mobilehri_ws/install/picamera/share/picamera/hook/ament_prefix_path.ps1'
[3.347s] INFO:colcon.colcon_core.shell:Creating environment descriptor '/home/mobilehri/mobilehri_ws/install/picamera/share/picamera/hook/ament_prefix_path.dsv'
[3.349s] INFO:colcon.colcon_core.shell:Creating environment hook '/home/mobilehri/mobilehri_ws/install/picamera/share/picamera/hook/ament_prefix_path.sh'
[3.358s] INFO:colcon.colcon_core.shell:Skip shell extension 'powershell' for command environment: Not usable outside of PowerShell
[3.358s] DEBUG:colcon.colcon_core.shell:Skip shell extension 'dsv' for command environment
[5.135s] INFO:colcon.colcon_core.task.python.build:Building Python package in '/home/mobilehri/mobilehri_ws/src/mobilehri2023/joy_teleop_keymapping'
[5.143s] INFO:colcon.colcon_core.shell:Skip shell extension 'powershell' for command environment: Not usable outside of PowerShell
[5.144s] DEBUG:colcon.colcon_core.shell:Skip shell extension 'dsv' for command environment
[6.896s] INFO:colcon.colcon_core.task.python.build:Building Python package in '/home/mobilehri/mobilehri_ws/src/mobilehri2023/mobile_robot_control'
[6.906s] INFO:colcon.colcon_core.shell:Skip shell extension 'powershell' for command environment: Not usable outside of PowerShell
[6.907s] DEBUG:colcon.colcon_core.shell:Skip shell extension 'dsv' for command environment
[8.674s] INFO:colcon.colcon_core.task.python.build:Building Python package in '/home/mobilehri/mobilehri_ws/src/my_package'
[8.680s] INFO:colcon.colcon_core.shell:Skip shell extension 'powershell' for command environment: Not usable outside of PowerShell
[8.680s] DEBUG:colcon.colcon_core.shell:Skip shell extension 'dsv' for command environment
[10.512s] INFO:colcon.colcon_core.task.python.build:Building Python package in '/home/mobilehri/mobilehri_ws/src/mobilehri2023/picamera'
[10.519s] INFO:colcon.colcon_core.shell:Skip shell extension 'powershell' for command environment: Not usable outside of PowerShell
[10.519s] DEBUG:colcon.colcon_core.shell:Skip shell extension 'dsv' for command environment
[13.823s] DEBUG:colcon.colcon_core.event_handler.log_command:Invoking command in '/home/mobilehri/mobilehri_ws/src/mobilehri2023/picamera': PYTHONPATH=/home/mobilehri/mobilehri_ws/build/picamera/prefix_override:/home/mobilehri/mobilehri_ws/install/picamera/lib/python3.10/site-packages:${PYTHONPATH} /usr/bin/python3 setup.py egg_info --egg-base ../../../build/picamera build --build-base /home/mobilehri/mobilehri_ws/build/picamera/build install --record /home/mobilehri/mobilehri_ws/build/picamera/install.log --single-version-externally-managed
[14.673s] DEBUG:colcon.colcon_core.event_handler.log_command:Invoking command in '/home/mobilehri/mobilehri_ws/src/mobilehri2023/mobile_robot_control': PYTHONPATH=/home/mobilehri/mobilehri_ws/build/mobile_robot_control/prefix_override:/home/mobilehri/mobilehri_ws/install/mobile_robot_control/lib/python3.10/site-packages:${PYTHONPATH} /usr/bin/python3 setup.py egg_info --egg-base ../../../build/mobile_robot_control build --build-base /home/mobilehri/mobilehri_ws/build/mobile_robot_control/build install --record /home/mobilehri/mobilehri_ws/build/mobile_robot_control/install.log --single-version-externally-managed
[15.309s] DEBUG:colcon.colcon_core.event_handler.log_command:Invoking command in '/home/mobilehri/mobilehri_ws/src/my_package': PYTHONPATH=/home/mobilehri/mobilehri_ws/build/my_package/prefix_override:/home/mobilehri/mobilehri_ws/install/my_package/lib/python3.10/site-packages:${PYTHONPATH} /usr/bin/python3 setup.py egg_info --egg-base ../../build/my_package build --build-base /home/mobilehri/mobilehri_ws/build/my_package/build install --record /home/mobilehri/mobilehri_ws/build/my_package/install.log --single-version-externally-managed
[15.528s] DEBUG:colcon.colcon_core.event_handler.log_command:Invoking command in '/home/mobilehri/mobilehri_ws/src/mobilehri2023/joy_teleop_keymapping': PYTHONPATH=/home/mobilehri/mobilehri_ws/build/joy_teleop_keymapping/prefix_override:/home/mobilehri/mobilehri_ws/install/joy_teleop_keymapping/lib/python3.10/site-packages:${PYTHONPATH} /usr/bin/python3 setup.py egg_info --egg-base ../../../build/joy_teleop_keymapping build --build-base /home/mobilehri/mobilehri_ws/build/joy_teleop_keymapping/build install --record /home/mobilehri/mobilehri_ws/build/joy_teleop_keymapping/install.log --single-version-externally-managed
[17.922s] DEBUG:colcon.colcon_core.event_handler.log_command:Invoked command in '/home/mobilehri/mobilehri_ws/src/mobilehri2023/mobile_robot_control' returned '0': PYTHONPATH=/home/mobilehri/mobilehri_ws/build/mobile_robot_control/prefix_override:/home/mobilehri/mobilehri_ws/install/mobile_robot_control/lib/python3.10/site-packages:${PYTHONPATH} /usr/bin/python3 setup.py egg_info --egg-base ../../../build/mobile_robot_control build --build-base /home/mobilehri/mobilehri_ws/build/mobile_robot_control/build install --record /home/mobilehri/mobilehri_ws/build/mobile_robot_control/install.log --single-version-externally-managed
[17.988s] Level 1:colcon.colcon_core.environment:checking '/home/mobilehri/mobilehri_ws/install/mobile_robot_control' for CMake module files
[17.996s] Level 1:colcon.colcon_core.environment:checking '/home/mobilehri/mobilehri_ws/install/mobile_robot_control' for CMake config files
[18.013s] Level 1:colcon.colcon_core.environment:checking '/home/mobilehri/mobilehri_ws/install/mobile_robot_control/lib'
[18.014s] Level 1:colcon.colcon_core.environment:checking '/home/mobilehri/mobilehri_ws/install/mobile_robot_control/bin'
[18.014s] Level 1:colcon.colcon_core.environment:checking '/home/mobilehri/mobilehri_ws/install/mobile_robot_control/lib/pkgconfig/mobile_robot_control.pc'
[18.021s] Level 1:colcon.colcon_core.environment:checking '/home/mobilehri/mobilehri_ws/install/mobile_robot_control/lib/python3.10/site-packages'
[18.022s] Level 1:colcon.colcon_core.shell:create_environment_hook('mobile_robot_control', 'pythonpath')
[18.032s] INFO:colcon.colcon_core.shell:Creating environment hook '/home/mobilehri/mobilehri_ws/install/mobile_robot_control/share/mobile_robot_control/hook/pythonpath.ps1'
[18.035s] INFO:colcon.colcon_core.shell:Creating environment descriptor '/home/mobilehri/mobilehri_ws/install/mobile_robot_control/share/mobile_robot_control/hook/pythonpath.dsv'
[18.039s] INFO:colcon.colcon_core.shell:Creating environment hook '/home/mobilehri/mobilehri_ws/install/mobile_robot_control/share/mobile_robot_control/hook/pythonpath.sh'
[18.050s] Level 1:colcon.colcon_core.environment:checking '/home/mobilehri/mobilehri_ws/install/mobile_robot_control/bin'
[18.052s] Level 1:colcon.colcon_core.environment:create_environment_scripts_only(mobile_robot_control)
[18.086s] INFO:colcon.colcon_core.shell:Creating package script '/home/mobilehri/mobilehri_ws/install/mobile_robot_control/share/mobile_robot_control/package.ps1'
[18.107s] INFO:colcon.colcon_core.shell:Creating package descriptor '/home/mobilehri/mobilehri_ws/install/mobile_robot_control/share/mobile_robot_control/package.dsv'
[18.122s] INFO:colcon.colcon_core.shell:Creating package script '/home/mobilehri/mobilehri_ws/install/mobile_robot_control/share/mobile_robot_control/package.sh'
[18.139s] INFO:colcon.colcon_core.shell:Creating package script '/home/mobilehri/mobilehri_ws/install/mobile_robot_control/share/mobile_robot_control/package.bash'
[18.154s] INFO:colcon.colcon_core.shell:Creating package script '/home/mobilehri/mobilehri_ws/install/mobile_robot_control/share/mobile_robot_control/package.zsh'
[18.168s] Level 1:colcon.colcon_core.environment:create_file_with_runtime_dependencies(/home/mobilehri/mobilehri_ws/install/mobile_robot_control/share/colcon-core/packages/mobile_robot_control)
[18.189s] INFO:colcon.colcon_ros.task.ament_cmake.build:Building ROS package in '/home/mobilehri/mobilehri_ws/src/mobilehri2023/ydlidar_ros2_driver' with build type 'ament_cmake'
[18.192s] INFO:colcon.colcon_cmake.task.cmake.build:Building CMake package in '/home/mobilehri/mobilehri_ws/src/mobilehri2023/ydlidar_ros2_driver'
[18.230s] INFO:colcon.colcon_core.shell:Skip shell extension 'powershell' for command environment: Not usable outside of PowerShell
[18.231s] DEBUG:colcon.colcon_core.shell:Skip shell extension 'dsv' for command environment
[18.347s] DEBUG:colcon.colcon_core.event_handler.log_command:Invoked command in '/home/mobilehri/mobilehri_ws/src/mobilehri2023/picamera' returned '0': PYTHONPATH=/home/mobilehri/mobilehri_ws/build/picamera/prefix_override:/home/mobilehri/mobilehri_ws/install/picamera/lib/python3.10/site-packages:${PYTHONPATH} /usr/bin/python3 setup.py egg_info --egg-base ../../../build/picamera build --build-base /home/mobilehri/mobilehri_ws/build/picamera/build install --record /home/mobilehri/mobilehri_ws/build/picamera/install.log --single-version-externally-managed
[18.397s] Level 1:colcon.colcon_core.environment:checking '/home/mobilehri/mobilehri_ws/install/picamera' for CMake module files
[18.411s] Level 1:colcon.colcon_core.environment:checking '/home/mobilehri/mobilehri_ws/install/picamera' for CMake config files
[18.427s] Level 1:colcon.colcon_core.environment:checking '/home/mobilehri/mobilehri_ws/install/picamera/lib'
[18.429s] Level 1:colcon.colcon_core.environment:checking '/home/mobilehri/mobilehri_ws/install/picamera/bin'
[18.431s] Level 1:colcon.colcon_core.environment:checking '/home/mobilehri/mobilehri_ws/install/picamera/lib/pkgconfig/picamera.pc'
[18.436s] Level 1:colcon.colcon_core.environment:checking '/home/mobilehri/mobilehri_ws/install/picamera/lib/python3.10/site-packages'
[18.438s] Level 1:colcon.colcon_core.shell:create_environment_hook('picamera', 'pythonpath')
[18.479s] INFO:colcon.colcon_core.shell:Creating environment hook '/home/mobilehri/mobilehri_ws/install/picamera/share/picamera/hook/pythonpath.ps1'
[18.514s] INFO:colcon.colcon_core.shell:Creating environment descriptor '/home/mobilehri/mobilehri_ws/install/picamera/share/picamera/hook/pythonpath.dsv'
[18.546s] INFO:colcon.colcon_core.shell:Creating environment hook '/home/mobilehri/mobilehri_ws/install/picamera/share/picamera/hook/pythonpath.sh'
[18.599s] Level 1:colcon.colcon_core.environment:checking '/home/mobilehri/mobilehri_ws/install/picamera/bin'
[18.599s] Level 1:colcon.colcon_core.environment:create_environment_scripts_only(picamera)
[18.625s] INFO:colcon.colcon_core.shell:Creating package script '/home/mobilehri/mobilehri_ws/install/picamera/share/picamera/package.ps1'
[18.633s] INFO:colcon.colcon_core.shell:Creating package descriptor '/home/mobilehri/mobilehri_ws/install/picamera/share/picamera/package.dsv'
[18.641s] INFO:colcon.colcon_core.shell:Creating package script '/home/mobilehri/mobilehri_ws/install/picamera/share/picamera/package.sh'
[18.644s] INFO:colcon.colcon_core.shell:Creating package script '/home/mobilehri/mobilehri_ws/install/picamera/share/picamera/package.bash'
[18.647s] INFO:colcon.colcon_core.shell:Creating package script '/home/mobilehri/mobilehri_ws/install/picamera/share/picamera/package.zsh'
[18.649s] Level 1:colcon.colcon_core.environment:create_file_with_runtime_dependencies(/home/mobilehri/mobilehri_ws/install/picamera/share/colcon-core/packages/picamera)
[18.677s] DEBUG:colcon.colcon_core.event_handler.log_command:Invoking command in '/home/mobilehri/mobilehri_ws/build/ydlidar_ros2_driver': CMAKE_PREFIX_PATH=/opt/ros/humble /usr/bin/cmake /home/mobilehri/mobilehri_ws/src/mobilehri2023/ydlidar_ros2_driver -DCMAKE_INSTALL_PREFIX=/home/mobilehri/mobilehri_ws/install/ydlidar_ros2_driver
[18.919s] DEBUG:colcon.colcon_core.event_handler.log_command:Invoked command in '/home/mobilehri/mobilehri_ws/src/my_package' returned '0': PYTHONPATH=/home/mobilehri/mobilehri_ws/build/my_package/prefix_override:/home/mobilehri/mobilehri_ws/install/my_package/lib/python3.10/site-packages:${PYTHONPATH} /usr/bin/python3 setup.py egg_info --egg-base ../../build/my_package build --build-base /home/mobilehri/mobilehri_ws/build/my_package/build install --record /home/mobilehri/mobilehri_ws/build/my_package/install.log --single-version-externally-managed
[18.981s] Level 1:colcon.colcon_core.environment:checking '/home/mobilehri/mobilehri_ws/install/my_package' for CMake module files
[18.984s] Level 1:colcon.colcon_core.environment:checking '/home/mobilehri/mobilehri_ws/install/my_package' for CMake config files
[19.004s] Level 1:colcon.colcon_core.environment:checking '/home/mobilehri/mobilehri_ws/install/my_package/lib'
[19.005s] Level 1:colcon.colcon_core.environment:checking '/home/mobilehri/mobilehri_ws/install/my_package/bin'
[19.006s] Level 1:colcon.colcon_core.environment:checking '/home/mobilehri/mobilehri_ws/install/my_package/lib/pkgconfig/my_package.pc'
[19.008s] Level 1:colcon.colcon_core.environment:checking '/home/mobilehri/mobilehri_ws/install/my_package/lib/python3.10/site-packages'
[19.009s] Level 1:colcon.colcon_core.shell:create_environment_hook('my_package', 'pythonpath')
[19.025s] INFO:colcon.colcon_core.shell:Creating environment hook '/home/mobilehri/mobilehri_ws/install/my_package/share/my_package/hook/pythonpath.ps1'
[19.033s] INFO:colcon.colcon_core.shell:Creating environment descriptor '/home/mobilehri/mobilehri_ws/install/my_package/share/my_package/hook/pythonpath.dsv'
[19.037s] INFO:colcon.colcon_core.shell:Creating environment hook '/home/mobilehri/mobilehri_ws/install/my_package/share/my_package/hook/pythonpath.sh'
[19.043s] Level 1:colcon.colcon_core.environment:checking '/home/mobilehri/mobilehri_ws/install/my_package/bin'
[19.044s] Level 1:colcon.colcon_core.environment:create_environment_scripts_only(my_package)
[19.055s] INFO:colcon.colcon_core.shell:Creating package script '/home/mobilehri/mobilehri_ws/install/my_package/share/my_package/package.ps1'
[19.059s] INFO:colcon.colcon_core.shell:Creating package descriptor '/home/mobilehri/mobilehri_ws/install/my_package/share/my_package/package.dsv'
[19.065s] INFO:colcon.colcon_core.shell:Creating package script '/home/mobilehri/mobilehri_ws/install/my_package/share/my_package/package.sh'
[19.070s] INFO:colcon.colcon_core.shell:Creating package script '/home/mobilehri/mobilehri_ws/install/my_package/share/my_package/package.bash'
[19.074s] INFO:colcon.colcon_core.shell:Creating package script '/home/mobilehri/mobilehri_ws/install/my_package/share/my_package/package.zsh'
[19.077s] Level 1:colcon.colcon_core.environment:create_file_with_runtime_dependencies(/home/mobilehri/mobilehri_ws/install/my_package/share/colcon-core/packages/my_package)
[19.096s] Level 1:colcon.colcon_core.environment:checking '/home/mobilehri/mobilehri_ws/install/joy_teleop_keymapping' for CMake module files
[19.103s] DEBUG:colcon.colcon_core.event_handler.log_command:Invoked command in '/home/mobilehri/mobilehri_ws/src/mobilehri2023/joy_teleop_keymapping' returned '0': PYTHONPATH=/home/mobilehri/mobilehri_ws/build/joy_teleop_keymapping/prefix_override:/home/mobilehri/mobilehri_ws/install/joy_teleop_keymapping/lib/python3.10/site-packages:${PYTHONPATH} /usr/bin/python3 setup.py egg_info --egg-base ../../../build/joy_teleop_keymapping build --build-base /home/mobilehri/mobilehri_ws/build/joy_teleop_keymapping/build install --record /home/mobilehri/mobilehri_ws/build/joy_teleop_keymapping/install.log --single-version-externally-managed
[19.106s] Level 1:colcon.colcon_core.environment:checking '/home/mobilehri/mobilehri_ws/install/joy_teleop_keymapping' for CMake config files
[19.111s] Level 1:colcon.colcon_core.environment:checking '/home/mobilehri/mobilehri_ws/install/joy_teleop_keymapping/lib'
[19.112s] Level 1:colcon.colcon_core.environment:checking '/home/mobilehri/mobilehri_ws/install/joy_teleop_keymapping/bin'
[19.112s] Level 1:colcon.colcon_core.environment:checking '/home/mobilehri/mobilehri_ws/install/joy_teleop_keymapping/lib/pkgconfig/joy_teleop_keymapping.pc'
[19.114s] Level 1:colcon.colcon_core.environment:checking '/home/mobilehri/mobilehri_ws/install/joy_teleop_keymapping/lib/python3.10/site-packages'
[19.114s] Level 1:colcon.colcon_core.shell:create_environment_hook('joy_teleop_keymapping', 'pythonpath')
[19.122s] INFO:colcon.colcon_core.shell:Creating environment hook '/home/mobilehri/mobilehri_ws/install/joy_teleop_keymapping/share/joy_teleop_keymapping/hook/pythonpath.ps1'
[19.124s] INFO:colcon.colcon_core.shell:Creating environment descriptor '/home/mobilehri/mobilehri_ws/install/joy_teleop_keymapping/share/joy_teleop_keymapping/hook/pythonpath.dsv'
[19.127s] INFO:colcon.colcon_core.shell:Creating environment hook '/home/mobilehri/mobilehri_ws/install/joy_teleop_keymapping/share/joy_teleop_keymapping/hook/pythonpath.sh'
[19.131s] Level 1:colcon.colcon_core.environment:checking '/home/mobilehri/mobilehri_ws/install/joy_teleop_keymapping/bin'
[19.131s] Level 1:colcon.colcon_core.environment:create_environment_scripts_only(joy_teleop_keymapping)
[19.139s] INFO:colcon.colcon_core.shell:Creating package script '/home/mobilehri/mobilehri_ws/install/joy_teleop_keymapping/share/joy_teleop_keymapping/package.ps1'
[19.144s] INFO:colcon.colcon_core.shell:Creating package descriptor '/home/mobilehri/mobilehri_ws/install/joy_teleop_keymapping/share/joy_teleop_keymapping/package.dsv'
[19.149s] INFO:colcon.colcon_core.shell:Creating package script '/home/mobilehri/mobilehri_ws/install/joy_teleop_keymapping/share/joy_teleop_keymapping/package.sh'
[19.153s] INFO:colcon.colcon_core.shell:Creating package script '/home/mobilehri/mobilehri_ws/install/joy_teleop_keymapping/share/joy_teleop_keymapping/package.bash'
[19.157s] INFO:colcon.colcon_core.shell:Creating package script '/home/mobilehri/mobilehri_ws/install/joy_teleop_keymapping/share/joy_teleop_keymapping/package.zsh'
[19.160s] Level 1:colcon.colcon_core.environment:create_file_with_runtime_dependencies(/home/mobilehri/mobilehri_ws/install/joy_teleop_keymapping/share/colcon-core/packages/joy_teleop_keymapping)
[24.505s] DEBUG:colcon.colcon_core.event_handler.log_command:Invoked command in '/home/mobilehri/mobilehri_ws/build/ydlidar_ros2_driver' returned '1': CMAKE_PREFIX_PATH=/opt/ros/humble /usr/bin/cmake /home/mobilehri/mobilehri_ws/src/mobilehri2023/ydlidar_ros2_driver -DCMAKE_INSTALL_PREFIX=/home/mobilehri/mobilehri_ws/install/ydlidar_ros2_driver
[24.592s] Level 1:colcon.colcon_core.environment:create_environment_scripts_only(ydlidar_ros2_driver)
[24.619s] Level 1:colcon.colcon_core.environment:checking '/home/mobilehri/mobilehri_ws/install/ydlidar_ros2_driver' for CMake module files
[24.622s] Level 1:colcon.colcon_core.environment:checking '/home/mobilehri/mobilehri_ws/install/ydlidar_ros2_driver' for CMake config files
[24.625s] Level 1:colcon.colcon_core.environment:checking '/home/mobilehri/mobilehri_ws/install/ydlidar_ros2_driver/bin'
[24.626s] Level 1:colcon.colcon_core.environment:checking '/home/mobilehri/mobilehri_ws/install/ydlidar_ros2_driver/lib/pkgconfig/ydlidar_ros2_driver.pc'
[24.627s] Level 1:colcon.colcon_core.environment:checking '/home/mobilehri/mobilehri_ws/install/ydlidar_ros2_driver/lib/python3.10/site-packages'
[24.628s] Level 1:colcon.colcon_core.environment:checking '/home/mobilehri/mobilehri_ws/install/ydlidar_ros2_driver/bin'
[24.637s] INFO:colcon.colcon_core.shell:Creating package script '/home/mobilehri/mobilehri_ws/install/ydlidar_ros2_driver/share/ydlidar_ros2_driver/package.ps1'
[24.640s] INFO:colcon.colcon_core.shell:Creating package descriptor '/home/mobilehri/mobilehri_ws/install/ydlidar_ros2_driver/share/ydlidar_ros2_driver/package.dsv'
[24.642s] INFO:colcon.colcon_core.shell:Creating package script '/home/mobilehri/mobilehri_ws/install/ydlidar_ros2_driver/share/ydlidar_ros2_driver/package.sh'
[24.644s] INFO:colcon.colcon_core.shell:Creating package script '/home/mobilehri/mobilehri_ws/install/ydlidar_ros2_driver/share/ydlidar_ros2_driver/package.bash'
[24.647s] INFO:colcon.colcon_core.shell:Creating package script '/home/mobilehri/mobilehri_ws/install/ydlidar_ros2_driver/share/ydlidar_ros2_driver/package.zsh'
[24.650s] Level 1:colcon.colcon_core.environment:create_file_with_runtime_dependencies(/home/mobilehri/mobilehri_ws/install/ydlidar_ros2_driver/share/colcon-core/packages/ydlidar_ros2_driver)
[24.662s] DEBUG:colcon.colcon_parallel_executor.executor.parallel:closing loop
[24.663s] DEBUG:colcon.colcon_parallel_executor.executor.parallel:loop closed
[24.664s] DEBUG:colcon.colcon_parallel_executor.executor.parallel:run_until_complete finished with '1'
[24.664s] DEBUG:colcon.colcon_core.event_reactor:joining thread
[24.736s] INFO:colcon.colcon_core.plugin_system:Skipping extension 'colcon_notification.desktop_notification.terminal_notifier': Not used on non-Darwin systems
[24.737s] INFO:colcon.colcon_core.plugin_system:Skipping extension 'colcon_notification.desktop_notification.win32': Not used on non-Windows systems
[24.737s] INFO:colcon.colcon_notification.desktop_notification:Sending desktop notification using 'notify2'
[49.765s] DEBUG:colcon.colcon_notification.desktop_notification.notify2:Failed to initialize notify2: org.freedesktop.DBus.Error.NoReply: Did not receive a reply. Possible causes include: the remote application did not send a reply, the message bus security policy blocked the reply, the reply timeout expired, or the network connection was broken.
[49.766s] DEBUG:colcon.colcon_core.event_reactor:joined thread
[49.776s] INFO:colcon.colcon_core.shell:Creating prefix script '/home/mobilehri/mobilehri_ws/install/local_setup.ps1'
[49.781s] INFO:colcon.colcon_core.shell:Creating prefix util module '/home/mobilehri/mobilehri_ws/install/_local_setup_util_ps1.py'
[49.791s] INFO:colcon.colcon_core.shell:Creating prefix chain script '/home/mobilehri/mobilehri_ws/install/setup.ps1'
[49.810s] INFO:colcon.colcon_core.shell:Creating prefix script '/home/mobilehri/mobilehri_ws/install/local_setup.sh'
[49.815s] INFO:colcon.colcon_core.shell:Creating prefix util module '/home/mobilehri/mobilehri_ws/install/_local_setup_util_sh.py'
[49.818s] INFO:colcon.colcon_core.shell:Creating prefix chain script '/home/mobilehri/mobilehri_ws/install/setup.sh'
[49.827s] INFO:colcon.colcon_core.shell:Creating prefix script '/home/mobilehri/mobilehri_ws/install/local_setup.bash'
[49.831s] INFO:colcon.colcon_core.shell:Creating prefix chain script '/home/mobilehri/mobilehri_ws/install/setup.bash'
[49.840s] INFO:colcon.colcon_core.shell:Creating prefix script '/home/mobilehri/mobilehri_ws/install/local_setup.zsh'
[49.843s] INFO:colcon.colcon_core.shell:Creating prefix chain script '/home/mobilehri/mobilehri_ws/install/setup.zsh'
