[12.182s] Invoking command in '/home/mobilehri/mobilehri_ws/src/mobilehri2023/joy_teleop_keymapping': PYTHONPATH=/home/mobilehri/mobilehri_ws/build/joy_teleop_keymapping/prefix_override:/home/mobilehri/mobilehri_ws/install/joy_teleop_keymapping/lib/python3.10/site-packages:${PYTHONPATH} /usr/bin/python3 setup.py egg_info --egg-base ../../../build/joy_teleop_keymapping build --build-base /home/mobilehri/mobilehri_ws/build/joy_teleop_keymapping/build install --record /home/mobilehri/mobilehri_ws/build/joy_teleop_keymapping/install.log --single-version-externally-managed
[15.864s] running egg_info
[15.868s] writing ../../../build/joy_teleop_keymapping/joy_teleop_keymapping.egg-info/PKG-INFO
[15.870s] writing dependency_links to ../../../build/joy_teleop_keymapping/joy_teleop_keymapping.egg-info/dependency_links.txt
[15.871s] writing entry points to ../../../build/joy_teleop_keymapping/joy_teleop_keymapping.egg-info/entry_points.txt
[15.873s] writing requirements to ../../../build/joy_teleop_keymapping/joy_teleop_keymapping.egg-info/requires.txt
[15.874s] writing top-level names to ../../../build/joy_teleop_keymapping/joy_teleop_keymapping.egg-info/top_level.txt
[15.886s] reading manifest file '../../../build/joy_teleop_keymapping/joy_teleop_keymapping.egg-info/SOURCES.txt'
[15.891s] writing manifest file '../../../build/joy_teleop_keymapping/joy_teleop_keymapping.egg-info/SOURCES.txt'
[15.891s] running build
[15.892s] running build_py
[15.894s] running install
[15.895s] /usr/lib/python3/dist-packages/setuptools/command/install.py:34: SetuptoolsDeprecationWarning: setup.py install is deprecated. Use build and pip and other standards-based tools.
[15.895s]   warnings.warn(
[15.896s] running install_lib
[15.903s] running install_data
[15.907s] running install_egg_info
[15.919s] removing '/home/mobilehri/mobilehri_ws/install/joy_teleop_keymapping/lib/python3.10/site-packages/joy_teleop_keymapping-0.0.0-py3.10.egg-info' (and everything under it)
[15.922s] Copying ../../../build/joy_teleop_keymapping/joy_teleop_keymapping.egg-info to /home/mobilehri/mobilehri_ws/install/joy_teleop_keymapping/lib/python3.10/site-packages/joy_teleop_keymapping-0.0.0-py3.10.egg-info
[15.933s] running install_scripts
[16.052s] Installing keymapping_node script to /home/mobilehri/mobilehri_ws/install/joy_teleop_keymapping/lib/joy_teleop_keymapping
[16.055s] writing list of installed files to '/home/mobilehri/mobilehri_ws/build/joy_teleop_keymapping/install.log'
[16.260s] Invoked command in '/home/mobilehri/mobilehri_ws/src/mobilehri2023/joy_teleop_keymapping' returned '0': PYTHONPATH=/home/mobilehri/mobilehri_ws/build/joy_teleop_keymapping/prefix_override:/home/mobilehri/mobilehri_ws/install/joy_teleop_keymapping/lib/python3.10/site-packages:${PYTHONPATH} /usr/bin/python3 setup.py egg_info --egg-base ../../../build/joy_teleop_keymapping build --build-base /home/mobilehri/mobilehri_ws/build/joy_teleop_keymapping/build install --record /home/mobilehri/mobilehri_ws/build/joy_teleop_keymapping/install.log --single-version-externally-managed
