[0.526s] Invoking command in '/home/mobilehri/mobilehri_ws/build/ydlidar_ros2_driver': CMAKE_PREFIX_PATH=/home/mobilehri/mobilehri_ws/install/picamera:/home/mobilehri/mobilehri_ws/install/my_package:/home/mobilehri/mobilehri_ws/install/mobile_robot_control:/home/mobilehri/mobilehri_ws/install/joy_teleop_keymapping:/opt/ros/humble /usr/bin/cmake /home/mobilehri/mobilehri_ws/src/mobilehri2023/ydlidar_ros2_driver -DCMAKE_INSTALL_PREFIX=/home/mobilehri/mobilehri_ws/install/ydlidar_ros2_driver
[1.484s] -- Found ament_cmake: 1.3.3 (/opt/ros/humble/share/ament_cmake/cmake)
[3.496s] -- Found rclcpp: 16.0.2 (/opt/ros/humble/share/rclcpp/cmake)
[4.185s] -- Found rosidl_generator_c: 3.1.4 (/opt/ros/humble/share/rosidl_generator_c/cmake)
[4.206s] -- Found rosidl_adapter: 3.1.4 (/opt/ros/humble/share/rosidl_adapter/cmake)
[4.266s] -- Found rosidl_generator_cpp: 3.1.4 (/opt/ros/humble/share/rosidl_generator_cpp/cmake)
[4.360s] -- Using all available rosidl_typesupport_c: rosidl_typesupport_fastrtps_c;rosidl_typesupport_introspection_c
[4.511s] -- Using all available rosidl_typesupport_cpp: rosidl_typesupport_fastrtps_cpp;rosidl_typesupport_introspection_cpp
[4.908s] -- Found rmw_implementation_cmake: 6.1.1 (/opt/ros/humble/share/rmw_implementation_cmake/cmake)
[4.924s] -- Found rmw_fastrtps_cpp: 6.2.2 (/opt/ros/humble/share/rmw_fastrtps_cpp/cmake)
[6.383s] -- Using RMW implementation 'rmw_fastrtps_cpp' as default
[7.377s] -- Found sensor_msgs: 4.2.2 (/opt/ros/humble/share/sensor_msgs/cmake)
[8.125s] -- Found visualization_msgs: 4.2.2 (/opt/ros/humble/share/visualization_msgs/cmake)
[8.715s] -- Found std_srvs: 4.2.2 (/opt/ros/humble/share/std_srvs/cmake)
[9.064s] [31mCMake Error at CMakeLists.txt:25 (find_package):
[9.065s]   By not providing "Findydlidar_sdk.cmake" in CMAKE_MODULE_PATH this project
[9.067s]   has asked CMake to find a package configuration file provided by
[9.069s]   "ydlidar_sdk", but CMake did not find one.
[9.070s] 
[9.071s]   Could not find a package configuration file provided by "ydlidar_sdk" with
[9.073s]   any of the following names:
[9.074s] 
[9.075s]     ydlidar_sdkConfig.cmake
[9.078s]     ydlidar_sdk-config.cmake
[9.079s] 
[9.081s]   Add the installation prefix of "ydlidar_sdk" to CMAKE_PREFIX_PATH or set
[9.083s]   "ydlidar_sdk_DIR" to a directory containing one of the above files.  If
[9.089s]   "ydlidar_sdk" provides a separate development package or SDK, be sure it
[9.091s]   has been installed.
[9.092s] 
[9.093s] [0m
[9.094s] -- Configuring incomplete, errors occurred!
[9.095s] See also "/home/mobilehri/mobilehri_ws/build/ydlidar_ros2_driver/CMakeFiles/CMakeOutput.log".
[9.119s] Invoked command in '/home/mobilehri/mobilehri_ws/build/ydlidar_ros2_driver' returned '1': CMAKE_PREFIX_PATH=/home/mobilehri/mobilehri_ws/install/picamera:/home/mobilehri/mobilehri_ws/install/my_package:/home/mobilehri/mobilehri_ws/install/mobile_robot_control:/home/mobilehri/mobilehri_ws/install/joy_teleop_keymapping:/opt/ros/humble /usr/bin/cmake /home/mobilehri/mobilehri_ws/src/mobilehri2023/ydlidar_ros2_driver -DCMAKE_INSTALL_PREFIX=/home/mobilehri/mobilehri_ws/install/ydlidar_ros2_driver
