[12.907s] Invoking command in '/home/mobilehri/mobilehri_ws/src/mobilehri2023/picamera': PYTHONPATH=/home/mobilehri/mobilehri_ws/build/picamera/prefix_override:/home/mobilehri/mobilehri_ws/install/picamera/lib/python3.10/site-packages:${PYTHONPATH} /usr/bin/python3 setup.py egg_info --egg-base ../../../build/picamera build --build-base /home/mobilehri/mobilehri_ws/build/picamera/build install --record /home/mobilehri/mobilehri_ws/build/picamera/install.log --single-version-externally-managed
[16.909s] running egg_info
[16.926s] writing ../../../build/picamera/picamera.egg-info/PKG-INFO
[16.927s] writing dependency_links to ../../../build/picamera/picamera.egg-info/dependency_links.txt
[16.927s] writing entry points to ../../../build/picamera/picamera.egg-info/entry_points.txt
[16.928s] writing requirements to ../../../build/picamera/picamera.egg-info/requires.txt
[16.928s] writing top-level names to ../../../build/picamera/picamera.egg-info/top_level.txt
[16.957s] reading manifest file '../../../build/picamera/picamera.egg-info/SOURCES.txt'
[16.981s] writing manifest file '../../../build/picamera/picamera.egg-info/SOURCES.txt'
[16.988s] running build
[16.995s] running build_py
[16.995s] running install
[16.996s] running install_lib
[16.997s] /usr/lib/python3/dist-packages/setuptools/command/install.py:34: SetuptoolsDeprecationWarning: setup.py install is deprecated. Use build and pip and other standards-based tools.
[17.008s]   warnings.warn(
[17.009s] running install_data
[17.018s] running install_egg_info
[17.038s] removing '/home/mobilehri/mobilehri_ws/install/picamera/lib/python3.10/site-packages/picamera-0.0.0-py3.10.egg-info' (and everything under it)
[17.038s] Copying ../../../build/picamera/picamera.egg-info to /home/mobilehri/mobilehri_ws/install/picamera/lib/python3.10/site-packages/picamera-0.0.0-py3.10.egg-info
[17.053s] running install_scripts
[17.351s] Installing picamera_node script to /home/mobilehri/mobilehri_ws/install/picamera/lib/picamera
[17.357s] writing list of installed files to '/home/mobilehri/mobilehri_ws/build/picamera/install.log'
[17.743s] Invoked command in '/home/mobilehri/mobilehri_ws/src/mobilehri2023/picamera' returned '0': PYTHONPATH=/home/mobilehri/mobilehri_ws/build/picamera/prefix_override:/home/mobilehri/mobilehri_ws/install/picamera/lib/python3.10/site-packages:${PYTHONPATH} /usr/bin/python3 setup.py egg_info --egg-base ../../../build/picamera build --build-base /home/mobilehri/mobilehri_ws/build/picamera/build install --record /home/mobilehri/mobilehri_ws/build/picamera/install.log --single-version-externally-managed
