[17.231s] Invoking command in '/home/mobilehri/mobilehri_ws/src/my_package': PYTHONPATH=/home/mobilehri/mobilehri_ws/build/my_package/prefix_override:/home/mobilehri/mobilehri_ws/install/my_package/lib/python3.10/site-packages:${PYTHONPATH} /usr/bin/python3 setup.py egg_info --egg-base ../../build/my_package build --build-base /home/mobilehri/mobilehri_ws/build/my_package/build install --record /home/mobilehri/mobilehri_ws/build/my_package/install.log --single-version-externally-managed
[20.911s] running egg_info
[20.924s] writing ../../build/my_package/my_package.egg-info/PKG-INFO
[20.924s] writing dependency_links to ../../build/my_package/my_package.egg-info/dependency_links.txt
[20.925s] writing entry points to ../../build/my_package/my_package.egg-info/entry_points.txt
[20.926s] writing requirements to ../../build/my_package/my_package.egg-info/requires.txt
[20.926s] writing top-level names to ../../build/my_package/my_package.egg-info/top_level.txt
[20.933s] reading manifest file '../../build/my_package/my_package.egg-info/SOURCES.txt'
[20.940s] writing manifest file '../../build/my_package/my_package.egg-info/SOURCES.txt'
[20.941s] running build
[20.942s] running build_py
[20.943s] running install
[20.943s] /usr/lib/python3/dist-packages/setuptools/command/install.py:34: SetuptoolsDeprecationWarning: setup.py install is deprecated. Use build and pip and other standards-based tools.
[20.944s]   warnings.warn(
[20.944s] running install_lib
[20.951s] running install_data
[20.957s] running install_egg_info
[20.964s] removing '/home/mobilehri/mobilehri_ws/install/my_package/lib/python3.10/site-packages/my_package-0.0.0-py3.10.egg-info' (and everything under it)
[20.983s] Copying ../../build/my_package/my_package.egg-info to /home/mobilehri/mobilehri_ws/install/my_package/lib/python3.10/site-packages/my_package-0.0.0-py3.10.egg-info
[20.984s] running install_scripts
[21.110s] writing list of installed files to '/home/mobilehri/mobilehri_ws/build/my_package/install.log'
[21.413s] Invoked command in '/home/mobilehri/mobilehri_ws/src/my_package' returned '0': PYTHONPATH=/home/mobilehri/mobilehri_ws/build/my_package/prefix_override:/home/mobilehri/mobilehri_ws/install/my_package/lib/python3.10/site-packages:${PYTHONPATH} /usr/bin/python3 setup.py egg_info --egg-base ../../build/my_package build --build-base /home/mobilehri/mobilehri_ws/build/my_package/build install --record /home/mobilehri/mobilehri_ws/build/my_package/install.log --single-version-externally-managed
