[0.138s] Invoking command in '/home/mobilehri/mobilehri_ws/build/ydlidar_ros2_driver': CMAKE_PREFIX_PATH=/opt/ros/humble /usr/bin/cmake /home/mobilehri/mobilehri_ws/src/mobilehri2023/ydlidar_ros2_driver -DCMAKE_INSTALL_PREFIX=/home/mobilehri/mobilehri_ws/install/ydlidar_ros2_driver
[1.311s] -- Found ament_cmake: 1.3.3 (/opt/ros/humble/share/ament_cmake/cmake)
[2.513s] -- Found rclcpp: 16.0.2 (/opt/ros/humble/share/rclcpp/cmake)
[2.876s] -- Found rosidl_generator_c: 3.1.4 (/opt/ros/humble/share/rosidl_generator_c/cmake)
[2.897s] -- Found rosidl_adapter: 3.1.4 (/opt/ros/humble/share/rosidl_adapter/cmake)
[2.965s] -- Found rosidl_generator_cpp: 3.1.4 (/opt/ros/humble/share/rosidl_generator_cpp/cmake)
[3.057s] -- Using all available rosidl_typesupport_c: rosidl_typesupport_fastrtps_c;rosidl_typesupport_introspection_c
[3.182s] -- Using all available rosidl_typesupport_cpp: rosidl_typesupport_fastrtps_cpp;rosidl_typesupport_introspection_cpp
[3.580s] -- Found rmw_implementation_cmake: 6.1.1 (/opt/ros/humble/share/rmw_implementation_cmake/cmake)
[3.597s] -- Found rmw_fastrtps_cpp: 6.2.2 (/opt/ros/humble/share/rmw_fastrtps_cpp/cmake)
[5.130s] -- Using RMW implementation 'rmw_fastrtps_cpp' as default
[6.052s] -- Found sensor_msgs: 4.2.2 (/opt/ros/humble/share/sensor_msgs/cmake)
[6.681s] -- Found visualization_msgs: 4.2.2 (/opt/ros/humble/share/visualization_msgs/cmake)
[7.316s] -- Found std_srvs: 4.2.2 (/opt/ros/humble/share/std_srvs/cmake)
[7.665s] [31mCMake Error at CMakeLists.txt:25 (find_package):
[7.668s]   By not providing "Findydlidar_sdk.cmake" in CMAKE_MODULE_PATH this project
[7.669s]   has asked CMake to find a package configuration file provided by
[7.669s]   "ydlidar_sdk", but CMake did not find one.
[7.670s] 
[7.670s]   Could not find a package configuration file provided by "ydlidar_sdk" with
[7.671s]   any of the following names:
[7.671s] 
[7.672s]     ydlidar_sdkConfig.cmake
[7.672s]     ydlidar_sdk-config.cmake
[7.673s] 
[7.673s]   Add the installation prefix of "ydlidar_sdk" to CMAKE_PREFIX_PATH or set
[7.674s]   "ydlidar_sdk_DIR" to a directory containing one of the above files.  If
[7.674s]   "ydlidar_sdk" provides a separate development package or SDK, be sure it
[7.676s]   has been installed.
[7.677s] 
[7.678s] [0m
[7.679s] -- Configuring incomplete, errors occurred!
[7.680s] See also "/home/mobilehri/mobilehri_ws/build/ydlidar_ros2_driver/CMakeFiles/CMakeOutput.log".
[7.723s] Invoked command in '/home/mobilehri/mobilehri_ws/build/ydlidar_ros2_driver' returned '1': CMAKE_PREFIX_PATH=/opt/ros/humble /usr/bin/cmake /home/mobilehri/mobilehri_ws/src/mobilehri2023/ydlidar_ros2_driver -DCMAKE_INSTALL_PREFIX=/home/mobilehri/mobilehri_ws/install/ydlidar_ros2_driver
