[10.221s] Invoking command in '/home/mobilehri/mobilehri_ws/src/mobilehri2023/mobile_robot_control': PYTHONPATH=/home/mobilehri/mobilehri_ws/build/mobile_robot_control/prefix_override:/home/mobilehri/mobilehri_ws/install/mobile_robot_control/lib/python3.10/site-packages:${PYTHONPATH} /usr/bin/python3 setup.py egg_info --egg-base ../../../build/mobile_robot_control build --build-base /home/mobilehri/mobilehri_ws/build/mobile_robot_control/build install --record /home/mobilehri/mobilehri_ws/build/mobile_robot_control/install.log --single-version-externally-managed
[13.172s] running egg_info
[13.173s] writing ../../../build/mobile_robot_control/mobile_robot_control.egg-info/PKG-INFO
[13.174s] writing dependency_links to ../../../build/mobile_robot_control/mobile_robot_control.egg-info/dependency_links.txt
[13.175s] writing entry points to ../../../build/mobile_robot_control/mobile_robot_control.egg-info/entry_points.txt
[13.178s] writing requirements to ../../../build/mobile_robot_control/mobile_robot_control.egg-info/requires.txt
[13.179s] writing top-level names to ../../../build/mobile_robot_control/mobile_robot_control.egg-info/top_level.txt
[13.191s] reading manifest file '../../../build/mobile_robot_control/mobile_robot_control.egg-info/SOURCES.txt'
[13.192s] writing manifest file '../../../build/mobile_robot_control/mobile_robot_control.egg-info/SOURCES.txt'
[13.200s] /usr/lib/python3/dist-packages/setuptools/command/install.py:34: SetuptoolsDeprecationWarning: setup.py install is deprecated. Use build and pip and other standards-based tools.
[13.201s]   warnings.warn(
[13.201s] running build
[13.202s] running build_py
[13.203s] running install
[13.204s] running install_lib
[13.208s] running install_data
[13.215s] running install_egg_info
[13.221s] removing '/home/mobilehri/mobilehri_ws/install/mobile_robot_control/lib/python3.10/site-packages/mobile_robot_control-0.0.0-py3.10.egg-info' (and everything under it)
[13.222s] Copying ../../../build/mobile_robot_control/mobile_robot_control.egg-info to /home/mobilehri/mobilehri_ws/install/mobile_robot_control/lib/python3.10/site-packages/mobile_robot_control-0.0.0-py3.10.egg-info
[13.241s] running install_scripts
[13.368s] Installing mobile_robot_control_node script to /home/mobilehri/mobilehri_ws/install/mobile_robot_control/lib/mobile_robot_control
[13.372s] writing list of installed files to '/home/mobilehri/mobilehri_ws/build/mobile_robot_control/install.log'
[13.673s] Invoked command in '/home/mobilehri/mobilehri_ws/src/mobilehri2023/mobile_robot_control' returned '0': PYTHONPATH=/home/mobilehri/mobilehri_ws/build/mobile_robot_control/prefix_override:/home/mobilehri/mobilehri_ws/install/mobile_robot_control/lib/python3.10/site-packages:${PYTHONPATH} /usr/bin/python3 setup.py egg_info --egg-base ../../../build/mobile_robot_control build --build-base /home/mobilehri/mobilehri_ws/build/mobile_robot_control/build install --record /home/mobilehri/mobilehri_ws/build/mobile_robot_control/install.log --single-version-externally-managed
