running egg_info
writing ../../../build/mobile_robot_control/mobile_robot_control.egg-info/PKG-INFO
writing dependency_links to ../../../build/mobile_robot_control/mobile_robot_control.egg-info/dependency_links.txt
writing entry points to ../../../build/mobile_robot_control/mobile_robot_control.egg-info/entry_points.txt
writing requirements to ../../../build/mobile_robot_control/mobile_robot_control.egg-info/requires.txt
writing top-level names to ../../../build/mobile_robot_control/mobile_robot_control.egg-info/top_level.txt
reading manifest file '../../../build/mobile_robot_control/mobile_robot_control.egg-info/SOURCES.txt'
writing manifest file '../../../build/mobile_robot_control/mobile_robot_control.egg-info/SOURCES.txt'
running build
running build_py
running install
/usr/lib/python3/dist-packages/setuptools/command/install.py:34: SetuptoolsDeprecationWarning: setup.py install is deprecated. Use build and pip and other standards-based tools.
  warnings.warn(
running install_lib
running install_data
running install_egg_info
removing '/home/mobilehri/mobilehri_ws/install/mobile_robot_control/lib/python3.10/site-packages/mobile_robot_control-0.0.0-py3.10.egg-info' (and everything under it)
Copying ../../../build/mobile_robot_control/mobile_robot_control.egg-info to /home/mobilehri/mobilehri_ws/install/mobile_robot_control/lib/python3.10/site-packages/mobile_robot_control-0.0.0-py3.10.egg-info
running install_scripts
Installing mobile_robot_control_node script to /home/mobilehri/mobilehri_ws/install/mobile_robot_control/lib/mobile_robot_control
writing list of installed files to '/home/mobilehri/mobilehri_ws/build/mobile_robot_control/install.log'
