[13.907s] Invoking command in '/home/mobilehri/mobilehri_ws/src/my_package': PYTHONPATH=/home/mobilehri/mobilehri_ws/build/my_package/prefix_override:/home/mobilehri/mobilehri_ws/install/my_package/lib/python3.10/site-packages:${PYTHONPATH} /usr/bin/python3 setup.py egg_info --egg-base ../../build/my_package build --build-base /home/mobilehri/mobilehri_ws/build/my_package/build install --record /home/mobilehri/mobilehri_ws/build/my_package/install.log --single-version-externally-managed
[17.916s] running egg_info
[17.927s] writing ../../build/my_package/my_package.egg-info/PKG-INFO
[17.928s] writing dependency_links to ../../build/my_package/my_package.egg-info/dependency_links.txt
[17.929s] writing entry points to ../../build/my_package/my_package.egg-info/entry_points.txt
[17.930s] writing requirements to ../../build/my_package/my_package.egg-info/requires.txt
[17.931s] writing top-level names to ../../build/my_package/my_package.egg-info/top_level.txt
[17.939s] reading manifest file '../../build/my_package/my_package.egg-info/SOURCES.txt'
[17.945s] writing manifest file '../../build/my_package/my_package.egg-info/SOURCES.txt'
[17.948s] running build
[17.956s] running build_py
[17.960s] running install
[17.961s] /usr/lib/python3/dist-packages/setuptools/command/install.py:34: SetuptoolsDeprecationWarning: setup.py install is deprecated. Use build and pip and other standards-based tools.
[17.962s]   warnings.warn(
[17.962s] running install_lib
[17.963s] running install_data
[17.964s] running install_egg_info
[17.977s] removing '/home/mobilehri/mobilehri_ws/install/my_package/lib/python3.10/site-packages/my_package-0.0.0-py3.10.egg-info' (and everything under it)
[17.978s] Copying ../../build/my_package/my_package.egg-info to /home/mobilehri/mobilehri_ws/install/my_package/lib/python3.10/site-packages/my_package-0.0.0-py3.10.egg-info
[17.989s] running install_scripts
[18.110s] writing list of installed files to '/home/mobilehri/mobilehri_ws/build/my_package/install.log'
[18.270s] Invoked command in '/home/mobilehri/mobilehri_ws/src/my_package' returned '0': PYTHONPATH=/home/mobilehri/mobilehri_ws/build/my_package/prefix_override:/home/mobilehri/mobilehri_ws/install/my_package/lib/python3.10/site-packages:${PYTHONPATH} /usr/bin/python3 setup.py egg_info --egg-base ../../build/my_package build --build-base /home/mobilehri/mobilehri_ws/build/my_package/build install --record /home/mobilehri/mobilehri_ws/build/my_package/install.log --single-version-externally-managed
