running egg_info
creating ../../../build/joy_teleop_keymapping/joy_teleop_keymapping.egg-info
writing ../../../build/joy_teleop_keymapping/joy_teleop_keymapping.egg-info/PKG-INFO
writing dependency_links to ../../../build/joy_teleop_keymapping/joy_teleop_keymapping.egg-info/dependency_links.txt
writing entry points to ../../../build/joy_teleop_keymapping/joy_teleop_keymapping.egg-info/entry_points.txt
writing requirements to ../../../build/joy_teleop_keymapping/joy_teleop_keymapping.egg-info/requires.txt
writing top-level names to ../../../build/joy_teleop_keymapping/joy_teleop_keymapping.egg-info/top_level.txt
writing manifest file '../../../build/joy_teleop_keymapping/joy_teleop_keymapping.egg-info/SOURCES.txt'
reading manifest file '../../../build/joy_teleop_keymapping/joy_teleop_keymapping.egg-info/SOURCES.txt'
writing manifest file '../../../build/joy_teleop_keymapping/joy_teleop_keymapping.egg-info/SOURCES.txt'
running build
running build_py
creating /home/mobilehri/mobilehri_ws/build/joy_teleop_keymapping/build
creating /home/mobilehri/mobilehri_ws/build/joy_teleop_keymapping/build/lib
creating /home/mobilehri/mobilehri_ws/build/joy_teleop_keymapping/build/lib/joy_teleop_keymapping
copying joy_teleop_keymapping/keymapping_node.py -> /home/mobilehri/mobilehri_ws/build/joy_teleop_keymapping/build/lib/joy_teleop_keymapping
copying joy_teleop_keymapping/__init__.py -> /home/mobilehri/mobilehri_ws/build/joy_teleop_keymapping/build/lib/joy_teleop_keymapping
running install
running install_lib
/usr/lib/python3/dist-packages/setuptools/command/install.py:34: SetuptoolsDeprecationWarning: setup.py install is deprecated. Use build and pip and other standards-based tools.
  warnings.warn(
creating /home/mobilehri/mobilehri_ws/install/joy_teleop_keymapping/lib/python3.10/site-packages/joy_teleop_keymapping
copying /home/mobilehri/mobilehri_ws/build/joy_teleop_keymapping/build/lib/joy_teleop_keymapping/keymapping_node.py -> /home/mobilehri/mobilehri_ws/install/joy_teleop_keymapping/lib/python3.10/site-packages/joy_teleop_keymapping
copying /home/mobilehri/mobilehri_ws/build/joy_teleop_keymapping/build/lib/joy_teleop_keymapping/__init__.py -> /home/mobilehri/mobilehri_ws/install/joy_teleop_keymapping/lib/python3.10/site-packages/joy_teleop_keymapping
byte-compiling /home/mobilehri/mobilehri_ws/install/joy_teleop_keymapping/lib/python3.10/site-packages/joy_teleop_keymapping/keymapping_node.py to keymapping_node.cpython-310.pyc
byte-compiling /home/mobilehri/mobilehri_ws/install/joy_teleop_keymapping/lib/python3.10/site-packages/joy_teleop_keymapping/__init__.py to __init__.cpython-310.pyc
running install_data
creating /home/mobilehri/mobilehri_ws/install/joy_teleop_keymapping/share/ament_index
creating /home/mobilehri/mobilehri_ws/install/joy_teleop_keymapping/share/ament_index/resource_index
creating /home/mobilehri/mobilehri_ws/install/joy_teleop_keymapping/share/ament_index/resource_index/packages
copying resource/joy_teleop_keymapping -> /home/mobilehri/mobilehri_ws/install/joy_teleop_keymapping/share/ament_index/resource_index/packages
copying package.xml -> /home/mobilehri/mobilehri_ws/install/joy_teleop_keymapping/share/joy_teleop_keymapping
copying launch/mapping_launch.py -> /home/mobilehri/mobilehri_ws/install/joy_teleop_keymapping/share/joy_teleop_keymapping
running install_egg_info
Copying ../../../build/joy_teleop_keymapping/joy_teleop_keymapping.egg-info to /home/mobilehri/mobilehri_ws/install/joy_teleop_keymapping/lib/python3.10/site-packages/joy_teleop_keymapping-0.0.0-py3.10.egg-info
running install_scripts
Installing keymapping_node script to /home/mobilehri/mobilehri_ws/install/joy_teleop_keymapping/lib/joy_teleop_keymapping
writing list of installed files to '/home/mobilehri/mobilehri_ws/build/joy_teleop_keymapping/install.log'
