running egg_info
creating ../../../build/mobile_robot_control/mobile_robot_control.egg-info
writing ../../../build/mobile_robot_control/mobile_robot_control.egg-info/PKG-INFO
writing dependency_links to ../../../build/mobile_robot_control/mobile_robot_control.egg-info/dependency_links.txt
writing entry points to ../../../build/mobile_robot_control/mobile_robot_control.egg-info/entry_points.txt
writing requirements to ../../../build/mobile_robot_control/mobile_robot_control.egg-info/requires.txt
writing top-level names to ../../../build/mobile_robot_control/mobile_robot_control.egg-info/top_level.txt
writing manifest file '../../../build/mobile_robot_control/mobile_robot_control.egg-info/SOURCES.txt'
reading manifest file '../../../build/mobile_robot_control/mobile_robot_control.egg-info/SOURCES.txt'
writing manifest file '../../../build/mobile_robot_control/mobile_robot_control.egg-info/SOURCES.txt'
running build
running build_py
creating /home/mobilehri/mobilehri_ws/build/mobile_robot_control/build
creating /home/mobilehri/mobilehri_ws/build/mobile_robot_control/build/lib
creating /home/mobilehri/mobilehri_ws/build/mobile_robot_control/build/lib/mobile_robot_control
copying mobile_robot_control/mobile_robot_control_node.py -> /home/mobilehri/mobilehri_ws/build/mobile_robot_control/build/lib/mobile_robot_control
copying mobile_robot_control/__init__.py -> /home/mobilehri/mobilehri_ws/build/mobile_robot_control/build/lib/mobile_robot_control
copying mobile_robot_control/odrive_command.py -> /home/mobilehri/mobilehri_ws/build/mobile_robot_control/build/lib/mobile_robot_control
running install
/usr/lib/python3/dist-packages/setuptools/command/install.py:34: SetuptoolsDeprecationWarning: setup.py install is deprecated. Use build and pip and other standards-based tools.
  warnings.warn(
running install_lib
creating /home/mobilehri/mobilehri_ws/install/mobile_robot_control/lib/python3.10/site-packages/mobile_robot_control
copying /home/mobilehri/mobilehri_ws/build/mobile_robot_control/build/lib/mobile_robot_control/mobile_robot_control_node.py -> /home/mobilehri/mobilehri_ws/install/mobile_robot_control/lib/python3.10/site-packages/mobile_robot_control
copying /home/mobilehri/mobilehri_ws/build/mobile_robot_control/build/lib/mobile_robot_control/__init__.py -> /home/mobilehri/mobilehri_ws/install/mobile_robot_control/lib/python3.10/site-packages/mobile_robot_control
copying /home/mobilehri/mobilehri_ws/build/mobile_robot_control/build/lib/mobile_robot_control/odrive_command.py -> /home/mobilehri/mobilehri_ws/install/mobile_robot_control/lib/python3.10/site-packages/mobile_robot_control
byte-compiling /home/mobilehri/mobilehri_ws/install/mobile_robot_control/lib/python3.10/site-packages/mobile_robot_control/mobile_robot_control_node.py to mobile_robot_control_node.cpython-310.pyc
byte-compiling /home/mobilehri/mobilehri_ws/install/mobile_robot_control/lib/python3.10/site-packages/mobile_robot_control/__init__.py to __init__.cpython-310.pyc
byte-compiling /home/mobilehri/mobilehri_ws/install/mobile_robot_control/lib/python3.10/site-packages/mobile_robot_control/odrive_command.py to odrive_command.cpython-310.pyc
running install_data
creating /home/mobilehri/mobilehri_ws/install/mobile_robot_control/share/ament_index
creating /home/mobilehri/mobilehri_ws/install/mobile_robot_control/share/ament_index/resource_index
creating /home/mobilehri/mobilehri_ws/install/mobile_robot_control/share/ament_index/resource_index/packages
copying resource/mobile_robot_control -> /home/mobilehri/mobilehri_ws/install/mobile_robot_control/share/ament_index/resource_index/packages
copying package.xml -> /home/mobilehri/mobilehri_ws/install/mobile_robot_control/share/mobile_robot_control
copying launch/mobile_robot_launch.py -> /home/mobilehri/mobilehri_ws/install/mobile_robot_control/share/mobile_robot_control
running install_egg_info
Copying ../../../build/mobile_robot_control/mobile_robot_control.egg-info to /home/mobilehri/mobilehri_ws/install/mobile_robot_control/lib/python3.10/site-packages/mobile_robot_control-0.0.0-py3.10.egg-info
running install_scripts
Installing mobile_robot_control_node script to /home/mobilehri/mobilehri_ws/install/mobile_robot_control/lib/mobile_robot_control
writing list of installed files to '/home/mobilehri/mobilehri_ws/build/mobile_robot_control/install.log'
