[2.182s] DEBUG:colcon:Command line arguments: ['/usr/bin/colcon', 'build']
[2.182s] DEBUG:colcon:Parsed command line arguments: Namespace(log_base=None, log_level=None, verb_name='build', build_base='build', install_base='install', merge_install=False, symlink_install=False, test_result_base=None, continue_on_error=False, executor='parallel', parallel_workers=4, event_handlers=None, ignore_user_meta=False, metas=['./colcon.meta'], base_paths=['.'], packages_ignore=None, packages_ignore_regex=None, paths=None, packages_up_to=None, packages_up_to_regex=None, packages_above=None, packages_above_and_dependencies=None, packages_above_depth=None, packages_select_by_dep=None, packages_skip_by_dep=None, packages_skip_up_to=None, packages_select_build_failed=False, packages_skip_build_finished=False, packages_select_test_failures=False, packages_skip_test_passed=False, packages_select=None, packages_skip=None, packages_select_regex=None, packages_skip_regex=None, packages_start=None, packages_end=None, allow_overriding=[], cmake_args=None, cmake_target=None, cmake_target_skip_unavailable=False, cmake_clean_cache=False, cmake_clean_first=False, cmake_force_configure=False, ament_cmake_args=None, catkin_cmake_args=None, catkin_skip_building_tests=False, verb_parser=<colcon_defaults.argument_parser.defaults.DefaultArgumentsDecorator object at 0xffff9ada8fd0>, verb_extension=<colcon_core.verb.build.BuildVerb object at 0xffff9b7a9090>, main=<bound method BuildVerb.main of <colcon_core.verb.build.BuildVerb object at 0xffff9b7a9090>>)
[2.341s] Level 1:colcon.colcon_core.package_discovery:discover_packages(colcon_meta) check parameters
[2.342s] Level 1:colcon.colcon_core.package_discovery:discover_packages(recursive) check parameters
[2.342s] Level 1:colcon.colcon_core.package_discovery:discover_packages(ignore) check parameters
[2.342s] Level 1:colcon.colcon_core.package_discovery:discover_packages(path) check parameters
[2.342s] Level 1:colcon.colcon_core.package_discovery:discover_packages(colcon_meta) discover
[2.343s] Level 1:colcon.colcon_core.package_discovery:discover_packages(recursive) discover
[2.343s] INFO:colcon.colcon_core.package_discovery:Crawling recursively for packages in '/home/mobilehri/mobilehri_ws'
[2.344s] Level 1:colcon.colcon_core.package_identification:_identify(.) by extensions ['ignore', 'ignore_ament_install']
[2.345s] Level 1:colcon.colcon_core.package_identification:_identify(.) by extension 'ignore'
[2.345s] Level 1:colcon.colcon_core.package_identification:_identify(.) by extension 'ignore_ament_install'
[2.351s] Level 1:colcon.colcon_core.package_identification:_identify(.) by extensions ['colcon_pkg']
[2.352s] Level 1:colcon.colcon_core.package_identification:_identify(.) by extension 'colcon_pkg'
[2.352s] Level 1:colcon.colcon_core.package_identification:_identify(.) by extensions ['colcon_meta']
[2.352s] Level 1:colcon.colcon_core.package_identification:_identify(.) by extension 'colcon_meta'
[2.353s] Level 1:colcon.colcon_core.package_identification:_identify(.) by extensions ['ros']
[2.353s] Level 1:colcon.colcon_core.package_identification:_identify(.) by extension 'ros'
[2.425s] Level 1:colcon.colcon_core.package_identification:_identify(.) by extensions ['cmake', 'python']
[2.425s] Level 1:colcon.colcon_core.package_identification:_identify(.) by extension 'cmake'
[2.425s] Level 1:colcon.colcon_core.package_identification:_identify(.) by extension 'python'
[2.425s] Level 1:colcon.colcon_core.package_identification:_identify(.) by extensions ['python_setup_py']
[2.426s] Level 1:colcon.colcon_core.package_identification:_identify(.) by extension 'python_setup_py'
[2.426s] Level 1:colcon.colcon_core.package_identification:_identify(build) by extensions ['ignore', 'ignore_ament_install']
[2.427s] Level 1:colcon.colcon_core.package_identification:_identify(build) by extension 'ignore'
[2.427s] Level 1:colcon.colcon_core.package_identification:_identify(build) ignored
[2.429s] Level 1:colcon.colcon_core.package_identification:_identify(install) by extensions ['ignore', 'ignore_ament_install']
[2.429s] Level 1:colcon.colcon_core.package_identification:_identify(install) by extension 'ignore'
[2.430s] Level 1:colcon.colcon_core.package_identification:_identify(install) ignored
[2.430s] Level 1:colcon.colcon_core.package_identification:_identify(log) by extensions ['ignore', 'ignore_ament_install']
[2.431s] Level 1:colcon.colcon_core.package_identification:_identify(log) by extension 'ignore'
[2.431s] Level 1:colcon.colcon_core.package_identification:_identify(log) ignored
[2.432s] Level 1:colcon.colcon_core.package_identification:_identify(src) by extensions ['ignore', 'ignore_ament_install']
[2.432s] Level 1:colcon.colcon_core.package_identification:_identify(src) by extension 'ignore'
[2.432s] Level 1:colcon.colcon_core.package_identification:_identify(src) by extension 'ignore_ament_install'
[2.433s] Level 1:colcon.colcon_core.package_identification:_identify(src) by extensions ['colcon_pkg']
[2.433s] Level 1:colcon.colcon_core.package_identification:_identify(src) by extension 'colcon_pkg'
[2.433s] Level 1:colcon.colcon_core.package_identification:_identify(src) by extensions ['colcon_meta']
[2.433s] Level 1:colcon.colcon_core.package_identification:_identify(src) by extension 'colcon_meta'
[2.434s] Level 1:colcon.colcon_core.package_identification:_identify(src) by extensions ['ros']
[2.434s] Level 1:colcon.colcon_core.package_identification:_identify(src) by extension 'ros'
[2.434s] Level 1:colcon.colcon_core.package_identification:_identify(src) by extensions ['cmake', 'python']
[2.434s] Level 1:colcon.colcon_core.package_identification:_identify(src) by extension 'cmake'
[2.435s] Level 1:colcon.colcon_core.package_identification:_identify(src) by extension 'python'
[2.435s] Level 1:colcon.colcon_core.package_identification:_identify(src) by extensions ['python_setup_py']
[2.435s] Level 1:colcon.colcon_core.package_identification:_identify(src) by extension 'python_setup_py'
[2.436s] Level 1:colcon.colcon_core.package_identification:_identify(src/mobilehri2023) by extensions ['ignore', 'ignore_ament_install']
[2.436s] Level 1:colcon.colcon_core.package_identification:_identify(src/mobilehri2023) by extension 'ignore'
[2.437s] Level 1:colcon.colcon_core.package_identification:_identify(src/mobilehri2023) by extension 'ignore_ament_install'
[2.437s] Level 1:colcon.colcon_core.package_identification:_identify(src/mobilehri2023) by extensions ['colcon_pkg']
[2.437s] Level 1:colcon.colcon_core.package_identification:_identify(src/mobilehri2023) by extension 'colcon_pkg'
[2.437s] Level 1:colcon.colcon_core.package_identification:_identify(src/mobilehri2023) by extensions ['colcon_meta']
[2.438s] Level 1:colcon.colcon_core.package_identification:_identify(src/mobilehri2023) by extension 'colcon_meta'
[2.438s] Level 1:colcon.colcon_core.package_identification:_identify(src/mobilehri2023) by extensions ['ros']
[2.438s] Level 1:colcon.colcon_core.package_identification:_identify(src/mobilehri2023) by extension 'ros'
[2.439s] Level 1:colcon.colcon_core.package_identification:_identify(src/mobilehri2023) by extensions ['cmake', 'python']
[2.439s] Level 1:colcon.colcon_core.package_identification:_identify(src/mobilehri2023) by extension 'cmake'
[2.440s] Level 1:colcon.colcon_core.package_identification:_identify(src/mobilehri2023) by extension 'python'
[2.440s] Level 1:colcon.colcon_core.package_identification:_identify(src/mobilehri2023) by extensions ['python_setup_py']
[2.440s] Level 1:colcon.colcon_core.package_identification:_identify(src/mobilehri2023) by extension 'python_setup_py'
[2.441s] Level 1:colcon.colcon_core.package_identification:_identify(src/mobilehri2023/joy_teleop_keymapping) by extensions ['ignore', 'ignore_ament_install']
[2.441s] Level 1:colcon.colcon_core.package_identification:_identify(src/mobilehri2023/joy_teleop_keymapping) by extension 'ignore'
[2.441s] Level 1:colcon.colcon_core.package_identification:_identify(src/mobilehri2023/joy_teleop_keymapping) by extension 'ignore_ament_install'
[2.442s] Level 1:colcon.colcon_core.package_identification:_identify(src/mobilehri2023/joy_teleop_keymapping) by extensions ['colcon_pkg']
[2.442s] Level 1:colcon.colcon_core.package_identification:_identify(src/mobilehri2023/joy_teleop_keymapping) by extension 'colcon_pkg'
[2.442s] Level 1:colcon.colcon_core.package_identification:_identify(src/mobilehri2023/joy_teleop_keymapping) by extensions ['colcon_meta']
[2.443s] Level 1:colcon.colcon_core.package_identification:_identify(src/mobilehri2023/joy_teleop_keymapping) by extension 'colcon_meta'
[2.443s] Level 1:colcon.colcon_core.package_identification:_identify(src/mobilehri2023/joy_teleop_keymapping) by extensions ['ros']
[2.443s] Level 1:colcon.colcon_core.package_identification:_identify(src/mobilehri2023/joy_teleop_keymapping) by extension 'ros'
[2.454s] DEBUG:colcon.colcon_core.package_identification:Package 'src/mobilehri2023/joy_teleop_keymapping' with type 'ros.ament_python' and name 'joy_teleop_keymapping'
[2.455s] Level 1:colcon.colcon_core.package_identification:_identify(src/mobilehri2023/mobile_robot_control) by extensions ['ignore', 'ignore_ament_install']
[2.456s] Level 1:colcon.colcon_core.package_identification:_identify(src/mobilehri2023/mobile_robot_control) by extension 'ignore'
[2.456s] Level 1:colcon.colcon_core.package_identification:_identify(src/mobilehri2023/mobile_robot_control) by extension 'ignore_ament_install'
[2.457s] Level 1:colcon.colcon_core.package_identification:_identify(src/mobilehri2023/mobile_robot_control) by extensions ['colcon_pkg']
[2.457s] Level 1:colcon.colcon_core.package_identification:_identify(src/mobilehri2023/mobile_robot_control) by extension 'colcon_pkg'
[2.457s] Level 1:colcon.colcon_core.package_identification:_identify(src/mobilehri2023/mobile_robot_control) by extensions ['colcon_meta']
[2.458s] Level 1:colcon.colcon_core.package_identification:_identify(src/mobilehri2023/mobile_robot_control) by extension 'colcon_meta'
[2.458s] Level 1:colcon.colcon_core.package_identification:_identify(src/mobilehri2023/mobile_robot_control) by extensions ['ros']
[2.458s] Level 1:colcon.colcon_core.package_identification:_identify(src/mobilehri2023/mobile_robot_control) by extension 'ros'
[2.461s] DEBUG:colcon.colcon_core.package_identification:Package 'src/mobilehri2023/mobile_robot_control' with type 'ros.ament_python' and name 'mobile_robot_control'
[2.462s] Level 1:colcon.colcon_core.package_identification:_identify(src/mobilehri2023/picamera) by extensions ['ignore', 'ignore_ament_install']
[2.462s] Level 1:colcon.colcon_core.package_identification:_identify(src/mobilehri2023/picamera) by extension 'ignore'
[2.463s] Level 1:colcon.colcon_core.package_identification:_identify(src/mobilehri2023/picamera) by extension 'ignore_ament_install'
[2.463s] Level 1:colcon.colcon_core.package_identification:_identify(src/mobilehri2023/picamera) by extensions ['colcon_pkg']
[2.463s] Level 1:colcon.colcon_core.package_identification:_identify(src/mobilehri2023/picamera) by extension 'colcon_pkg'
[2.464s] Level 1:colcon.colcon_core.package_identification:_identify(src/mobilehri2023/picamera) by extensions ['colcon_meta']
[2.464s] Level 1:colcon.colcon_core.package_identification:_identify(src/mobilehri2023/picamera) by extension 'colcon_meta'
[2.464s] Level 1:colcon.colcon_core.package_identification:_identify(src/mobilehri2023/picamera) by extensions ['ros']
[2.464s] Level 1:colcon.colcon_core.package_identification:_identify(src/mobilehri2023/picamera) by extension 'ros'
[2.468s] DEBUG:colcon.colcon_core.package_identification:Package 'src/mobilehri2023/picamera' with type 'ros.ament_python' and name 'picamera'
[2.468s] Level 1:colcon.colcon_core.package_identification:_identify(src/mobilehri2023/ydlidar_ros2_driver) by extensions ['ignore', 'ignore_ament_install']
[2.469s] Level 1:colcon.colcon_core.package_identification:_identify(src/mobilehri2023/ydlidar_ros2_driver) by extension 'ignore'
[2.469s] Level 1:colcon.colcon_core.package_identification:_identify(src/mobilehri2023/ydlidar_ros2_driver) by extension 'ignore_ament_install'
[2.470s] Level 1:colcon.colcon_core.package_identification:_identify(src/mobilehri2023/ydlidar_ros2_driver) by extensions ['colcon_pkg']
[2.470s] Level 1:colcon.colcon_core.package_identification:_identify(src/mobilehri2023/ydlidar_ros2_driver) by extension 'colcon_pkg'
[2.470s] Level 1:colcon.colcon_core.package_identification:_identify(src/mobilehri2023/ydlidar_ros2_driver) by extensions ['colcon_meta']
[2.470s] Level 1:colcon.colcon_core.package_identification:_identify(src/mobilehri2023/ydlidar_ros2_driver) by extension 'colcon_meta'
[2.471s] Level 1:colcon.colcon_core.package_identification:_identify(src/mobilehri2023/ydlidar_ros2_driver) by extensions ['ros']
[2.471s] Level 1:colcon.colcon_core.package_identification:_identify(src/mobilehri2023/ydlidar_ros2_driver) by extension 'ros'
[2.479s] DEBUG:colcon.colcon_core.package_identification:Package 'src/mobilehri2023/ydlidar_ros2_driver' with type 'ros.ament_cmake' and name 'ydlidar_ros2_driver'
[2.480s] Level 1:colcon.colcon_core.package_identification:_identify(src/my_package) by extensions ['ignore', 'ignore_ament_install']
[2.480s] Level 1:colcon.colcon_core.package_identification:_identify(src/my_package) by extension 'ignore'
[2.481s] Level 1:colcon.colcon_core.package_identification:_identify(src/my_package) by extension 'ignore_ament_install'
[2.481s] Level 1:colcon.colcon_core.package_identification:_identify(src/my_package) by extensions ['colcon_pkg']
[2.481s] Level 1:colcon.colcon_core.package_identification:_identify(src/my_package) by extension 'colcon_pkg'
[2.482s] Level 1:colcon.colcon_core.package_identification:_identify(src/my_package) by extensions ['colcon_meta']
[2.482s] Level 1:colcon.colcon_core.package_identification:_identify(src/my_package) by extension 'colcon_meta'
[2.482s] Level 1:colcon.colcon_core.package_identification:_identify(src/my_package) by extensions ['ros']
[2.483s] Level 1:colcon.colcon_core.package_identification:_identify(src/my_package) by extension 'ros'
[2.486s] DEBUG:colcon.colcon_core.package_identification:Package 'src/my_package' with type 'ros.ament_python' and name 'my_package'
[2.487s] Level 1:colcon.colcon_core.package_discovery:discover_packages(recursive) using defaults
[2.487s] Level 1:colcon.colcon_core.package_discovery:discover_packages(ignore) discover
[2.487s] Level 1:colcon.colcon_core.package_discovery:discover_packages(ignore) using defaults
[2.488s] Level 1:colcon.colcon_core.package_discovery:discover_packages(path) discover
[2.488s] Level 1:colcon.colcon_core.package_discovery:discover_packages(path) using defaults
[2.632s] Level 1:colcon.colcon_core.package_discovery:discover_packages(prefix_path) check parameters
[2.632s] Level 1:colcon.colcon_core.package_discovery:discover_packages(prefix_path) discover
[2.650s] DEBUG:colcon.colcon_installed_package_information.package_discovery:Found 5 installed packages in /home/mobilehri/mobilehri_ws/install
[2.665s] DEBUG:colcon.colcon_installed_package_information.package_discovery:Found 315 installed packages in /opt/ros/humble
[2.674s] Level 1:colcon.colcon_core.package_discovery:discover_packages(prefix_path) using defaults
[3.178s] Level 5:colcon.colcon_core.verb:set package 'joy_teleop_keymapping' build argument 'cmake_args' from command line to 'None'
[3.178s] Level 5:colcon.colcon_core.verb:set package 'joy_teleop_keymapping' build argument 'cmake_target' from command line to 'None'
[3.178s] Level 5:colcon.colcon_core.verb:set package 'joy_teleop_keymapping' build argument 'cmake_target_skip_unavailable' from command line to 'False'
[3.179s] Level 5:colcon.colcon_core.verb:set package 'joy_teleop_keymapping' build argument 'cmake_clean_cache' from command line to 'False'
[3.179s] Level 5:colcon.colcon_core.verb:set package 'joy_teleop_keymapping' build argument 'cmake_clean_first' from command line to 'False'
[3.179s] Level 5:colcon.colcon_core.verb:set package 'joy_teleop_keymapping' build argument 'cmake_force_configure' from command line to 'False'
[3.179s] Level 5:colcon.colcon_core.verb:set package 'joy_teleop_keymapping' build argument 'ament_cmake_args' from command line to 'None'
[3.179s] Level 5:colcon.colcon_core.verb:set package 'joy_teleop_keymapping' build argument 'catkin_cmake_args' from command line to 'None'
[3.180s] Level 5:colcon.colcon_core.verb:set package 'joy_teleop_keymapping' build argument 'catkin_skip_building_tests' from command line to 'False'
[3.180s] DEBUG:colcon.colcon_core.verb:Building package 'joy_teleop_keymapping' with the following arguments: {'ament_cmake_args': None, 'build_base': '/home/mobilehri/mobilehri_ws/build/joy_teleop_keymapping', 'catkin_cmake_args': None, 'catkin_skip_building_tests': False, 'cmake_args': None, 'cmake_clean_cache': False, 'cmake_clean_first': False, 'cmake_force_configure': False, 'cmake_target': None, 'cmake_target_skip_unavailable': False, 'install_base': '/home/mobilehri/mobilehri_ws/install/joy_teleop_keymapping', 'merge_install': False, 'path': '/home/mobilehri/mobilehri_ws/src/mobilehri2023/joy_teleop_keymapping', 'symlink_install': False, 'test_result_base': None}
[3.185s] Level 5:colcon.colcon_core.verb:set package 'mobile_robot_control' build argument 'cmake_args' from command line to 'None'
[3.186s] Level 5:colcon.colcon_core.verb:set package 'mobile_robot_control' build argument 'cmake_target' from command line to 'None'
[3.186s] Level 5:colcon.colcon_core.verb:set package 'mobile_robot_control' build argument 'cmake_target_skip_unavailable' from command line to 'False'
[3.186s] Level 5:colcon.colcon_core.verb:set package 'mobile_robot_control' build argument 'cmake_clean_cache' from command line to 'False'
[3.186s] Level 5:colcon.colcon_core.verb:set package 'mobile_robot_control' build argument 'cmake_clean_first' from command line to 'False'
[3.187s] Level 5:colcon.colcon_core.verb:set package 'mobile_robot_control' build argument 'cmake_force_configure' from command line to 'False'
[3.187s] Level 5:colcon.colcon_core.verb:set package 'mobile_robot_control' build argument 'ament_cmake_args' from command line to 'None'
[3.187s] Level 5:colcon.colcon_core.verb:set package 'mobile_robot_control' build argument 'catkin_cmake_args' from command line to 'None'
[3.187s] Level 5:colcon.colcon_core.verb:set package 'mobile_robot_control' build argument 'catkin_skip_building_tests' from command line to 'False'
[3.187s] DEBUG:colcon.colcon_core.verb:Building package 'mobile_robot_control' with the following arguments: {'ament_cmake_args': None, 'build_base': '/home/mobilehri/mobilehri_ws/build/mobile_robot_control', 'catkin_cmake_args': None, 'catkin_skip_building_tests': False, 'cmake_args': None, 'cmake_clean_cache': False, 'cmake_clean_first': False, 'cmake_force_configure': False, 'cmake_target': None, 'cmake_target_skip_unavailable': False, 'install_base': '/home/mobilehri/mobilehri_ws/install/mobile_robot_control', 'merge_install': False, 'path': '/home/mobilehri/mobilehri_ws/src/mobilehri2023/mobile_robot_control', 'symlink_install': False, 'test_result_base': None}
[3.193s] Level 5:colcon.colcon_core.verb:set package 'my_package' build argument 'cmake_args' from command line to 'None'
[3.193s] Level 5:colcon.colcon_core.verb:set package 'my_package' build argument 'cmake_target' from command line to 'None'
[3.193s] Level 5:colcon.colcon_core.verb:set package 'my_package' build argument 'cmake_target_skip_unavailable' from command line to 'False'
[3.194s] Level 5:colcon.colcon_core.verb:set package 'my_package' build argument 'cmake_clean_cache' from command line to 'False'
[3.194s] Level 5:colcon.colcon_core.verb:set package 'my_package' build argument 'cmake_clean_first' from command line to 'False'
[3.194s] Level 5:colcon.colcon_core.verb:set package 'my_package' build argument 'cmake_force_configure' from command line to 'False'
[3.194s] Level 5:colcon.colcon_core.verb:set package 'my_package' build argument 'ament_cmake_args' from command line to 'None'
[3.194s] Level 5:colcon.colcon_core.verb:set package 'my_package' build argument 'catkin_cmake_args' from command line to 'None'
[3.194s] Level 5:colcon.colcon_core.verb:set package 'my_package' build argument 'catkin_skip_building_tests' from command line to 'False'
[3.194s] DEBUG:colcon.colcon_core.verb:Building package 'my_package' with the following arguments: {'ament_cmake_args': None, 'build_base': '/home/mobilehri/mobilehri_ws/build/my_package', 'catkin_cmake_args': None, 'catkin_skip_building_tests': False, 'cmake_args': None, 'cmake_clean_cache': False, 'cmake_clean_first': False, 'cmake_force_configure': False, 'cmake_target': None, 'cmake_target_skip_unavailable': False, 'install_base': '/home/mobilehri/mobilehri_ws/install/my_package', 'merge_install': False, 'path': '/home/mobilehri/mobilehri_ws/src/my_package', 'symlink_install': False, 'test_result_base': None}
[3.200s] Level 5:colcon.colcon_core.verb:set package 'picamera' build argument 'cmake_args' from command line to 'None'
[3.201s] Level 5:colcon.colcon_core.verb:set package 'picamera' build argument 'cmake_target' from command line to 'None'
[3.201s] Level 5:colcon.colcon_core.verb:set package 'picamera' build argument 'cmake_target_skip_unavailable' from command line to 'False'
[3.201s] Level 5:colcon.colcon_core.verb:set package 'picamera' build argument 'cmake_clean_cache' from command line to 'False'
[3.201s] Level 5:colcon.colcon_core.verb:set package 'picamera' build argument 'cmake_clean_first' from command line to 'False'
[3.201s] Level 5:colcon.colcon_core.verb:set package 'picamera' build argument 'cmake_force_configure' from command line to 'False'
[3.201s] Level 5:colcon.colcon_core.verb:set package 'picamera' build argument 'ament_cmake_args' from command line to 'None'
[3.201s] Level 5:colcon.colcon_core.verb:set package 'picamera' build argument 'catkin_cmake_args' from command line to 'None'
[3.202s] Level 5:colcon.colcon_core.verb:set package 'picamera' build argument 'catkin_skip_building_tests' from command line to 'False'
[3.202s] DEBUG:colcon.colcon_core.verb:Building package 'picamera' with the following arguments: {'ament_cmake_args': None, 'build_base': '/home/mobilehri/mobilehri_ws/build/picamera', 'catkin_cmake_args': None, 'catkin_skip_building_tests': False, 'cmake_args': None, 'cmake_clean_cache': False, 'cmake_clean_first': False, 'cmake_force_configure': False, 'cmake_target': None, 'cmake_target_skip_unavailable': False, 'install_base': '/home/mobilehri/mobilehri_ws/install/picamera', 'merge_install': False, 'path': '/home/mobilehri/mobilehri_ws/src/mobilehri2023/picamera', 'symlink_install': False, 'test_result_base': None}
[3.208s] Level 5:colcon.colcon_core.verb:set package 'ydlidar_ros2_driver' build argument 'cmake_args' from command line to 'None'
[3.208s] Level 5:colcon.colcon_core.verb:set package 'ydlidar_ros2_driver' build argument 'cmake_target' from command line to 'None'
[3.208s] Level 5:colcon.colcon_core.verb:set package 'ydlidar_ros2_driver' build argument 'cmake_target_skip_unavailable' from command line to 'False'
[3.208s] Level 5:colcon.colcon_core.verb:set package 'ydlidar_ros2_driver' build argument 'cmake_clean_cache' from command line to 'False'
[3.208s] Level 5:colcon.colcon_core.verb:set package 'ydlidar_ros2_driver' build argument 'cmake_clean_first' from command line to 'False'
[3.209s] Level 5:colcon.colcon_core.verb:set package 'ydlidar_ros2_driver' build argument 'cmake_force_configure' from command line to 'False'
[3.209s] Level 5:colcon.colcon_core.verb:set package 'ydlidar_ros2_driver' build argument 'ament_cmake_args' from command line to 'None'
[3.209s] Level 5:colcon.colcon_core.verb:set package 'ydlidar_ros2_driver' build argument 'catkin_cmake_args' from command line to 'None'
[3.209s] Level 5:colcon.colcon_core.verb:set package 'ydlidar_ros2_driver' build argument 'catkin_skip_building_tests' from command line to 'False'
[3.210s] DEBUG:colcon.colcon_core.verb:Building package 'ydlidar_ros2_driver' with the following arguments: {'ament_cmake_args': None, 'build_base': '/home/mobilehri/mobilehri_ws/build/ydlidar_ros2_driver', 'catkin_cmake_args': None, 'catkin_skip_building_tests': False, 'cmake_args': None, 'cmake_clean_cache': False, 'cmake_clean_first': False, 'cmake_force_configure': False, 'cmake_target': None, 'cmake_target_skip_unavailable': False, 'install_base': '/home/mobilehri/mobilehri_ws/install/ydlidar_ros2_driver', 'merge_install': False, 'path': '/home/mobilehri/mobilehri_ws/src/mobilehri2023/ydlidar_ros2_driver', 'symlink_install': False, 'test_result_base': None}
[3.214s] INFO:colcon.colcon_core.executor:Executing jobs using 'parallel' executor
[3.237s] DEBUG:colcon.colcon_parallel_executor.executor.parallel:run_until_complete
[3.238s] INFO:colcon.colcon_ros.task.ament_python.build:Building ROS package in '/home/mobilehri/mobilehri_ws/src/mobilehri2023/joy_teleop_keymapping' with build type 'ament_python'
[3.238s] Level 1:colcon.colcon_core.shell:create_environment_hook('joy_teleop_keymapping', 'ament_prefix_path')
[3.272s] INFO:colcon.colcon_core.plugin_system:Skipping extension 'colcon_core.shell.bat': Not used on non-Windows systems
[3.273s] INFO:colcon.colcon_core.shell:Creating environment hook '/home/mobilehri/mobilehri_ws/install/joy_teleop_keymapping/share/joy_teleop_keymapping/hook/ament_prefix_path.ps1'
[3.277s] INFO:colcon.colcon_core.shell:Creating environment descriptor '/home/mobilehri/mobilehri_ws/install/joy_teleop_keymapping/share/joy_teleop_keymapping/hook/ament_prefix_path.dsv'
[3.280s] INFO:colcon.colcon_core.shell:Creating environment hook '/home/mobilehri/mobilehri_ws/install/joy_teleop_keymapping/share/joy_teleop_keymapping/hook/ament_prefix_path.sh'
[3.290s] INFO:colcon.colcon_core.shell:Skip shell extension 'powershell' for command environment: Not usable outside of PowerShell
[3.290s] DEBUG:colcon.colcon_core.shell:Skip shell extension 'dsv' for command environment
[3.324s] INFO:colcon.colcon_ros.task.ament_python.build:Building ROS package in '/home/mobilehri/mobilehri_ws/src/mobilehri2023/mobile_robot_control' with build type 'ament_python'
[3.328s] Level 1:colcon.colcon_core.shell:create_environment_hook('mobile_robot_control', 'ament_prefix_path')
[3.339s] INFO:colcon.colcon_core.shell:Creating environment hook '/home/mobilehri/mobilehri_ws/install/mobile_robot_control/share/mobile_robot_control/hook/ament_prefix_path.ps1'
[3.343s] INFO:colcon.colcon_core.shell:Creating environment descriptor '/home/mobilehri/mobilehri_ws/install/mobile_robot_control/share/mobile_robot_control/hook/ament_prefix_path.dsv'
[3.346s] INFO:colcon.colcon_core.shell:Creating environment hook '/home/mobilehri/mobilehri_ws/install/mobile_robot_control/share/mobile_robot_control/hook/ament_prefix_path.sh'
[3.357s] INFO:colcon.colcon_core.shell:Skip shell extension 'powershell' for command environment: Not usable outside of PowerShell
[3.357s] DEBUG:colcon.colcon_core.shell:Skip shell extension 'dsv' for command environment
[3.389s] INFO:colcon.colcon_ros.task.ament_python.build:Building ROS package in '/home/mobilehri/mobilehri_ws/src/my_package' with build type 'ament_python'
[3.389s] Level 1:colcon.colcon_core.shell:create_environment_hook('my_package', 'ament_prefix_path')
[3.398s] INFO:colcon.colcon_core.shell:Creating environment hook '/home/mobilehri/mobilehri_ws/install/my_package/share/my_package/hook/ament_prefix_path.ps1'
[3.402s] INFO:colcon.colcon_core.shell:Creating environment descriptor '/home/mobilehri/mobilehri_ws/install/my_package/share/my_package/hook/ament_prefix_path.dsv'
[3.404s] INFO:colcon.colcon_core.shell:Creating environment hook '/home/mobilehri/mobilehri_ws/install/my_package/share/my_package/hook/ament_prefix_path.sh'
[3.414s] INFO:colcon.colcon_core.shell:Skip shell extension 'powershell' for command environment: Not usable outside of PowerShell
[3.414s] DEBUG:colcon.colcon_core.shell:Skip shell extension 'dsv' for command environment
[3.448s] INFO:colcon.colcon_ros.task.ament_python.build:Building ROS package in '/home/mobilehri/mobilehri_ws/src/mobilehri2023/picamera' with build type 'ament_python'
[3.449s] Level 1:colcon.colcon_core.shell:create_environment_hook('picamera', 'ament_prefix_path')
[3.457s] INFO:colcon.colcon_core.shell:Creating environment hook '/home/mobilehri/mobilehri_ws/install/picamera/share/picamera/hook/ament_prefix_path.ps1'
[3.460s] INFO:colcon.colcon_core.shell:Creating environment descriptor '/home/mobilehri/mobilehri_ws/install/picamera/share/picamera/hook/ament_prefix_path.dsv'
[3.462s] INFO:colcon.colcon_core.shell:Creating environment hook '/home/mobilehri/mobilehri_ws/install/picamera/share/picamera/hook/ament_prefix_path.sh'
[3.471s] INFO:colcon.colcon_core.shell:Skip shell extension 'powershell' for command environment: Not usable outside of PowerShell
[3.472s] DEBUG:colcon.colcon_core.shell:Skip shell extension 'dsv' for command environment
[5.478s] INFO:colcon.colcon_core.task.python.build:Building Python package in '/home/mobilehri/mobilehri_ws/src/mobilehri2023/joy_teleop_keymapping'
[5.486s] INFO:colcon.colcon_core.shell:Skip shell extension 'powershell' for command environment: Not usable outside of PowerShell
[5.487s] DEBUG:colcon.colcon_core.shell:Skip shell extension 'dsv' for command environment
[7.465s] INFO:colcon.colcon_core.task.python.build:Building Python package in '/home/mobilehri/mobilehri_ws/src/mobilehri2023/mobile_robot_control'
[7.473s] INFO:colcon.colcon_core.shell:Skip shell extension 'powershell' for command environment: Not usable outside of PowerShell
[7.473s] DEBUG:colcon.colcon_core.shell:Skip shell extension 'dsv' for command environment
[9.364s] INFO:colcon.colcon_core.task.python.build:Building Python package in '/home/mobilehri/mobilehri_ws/src/my_package'
[9.372s] INFO:colcon.colcon_core.shell:Skip shell extension 'powershell' for command environment: Not usable outside of PowerShell
[9.372s] DEBUG:colcon.colcon_core.shell:Skip shell extension 'dsv' for command environment
[11.238s] INFO:colcon.colcon_core.task.python.build:Building Python package in '/home/mobilehri/mobilehri_ws/src/mobilehri2023/picamera'
[11.248s] INFO:colcon.colcon_core.shell:Skip shell extension 'powershell' for command environment: Not usable outside of PowerShell
[11.248s] DEBUG:colcon.colcon_core.shell:Skip shell extension 'dsv' for command environment
[14.492s] DEBUG:colcon.colcon_core.event_handler.log_command:Invoking command in '/home/mobilehri/mobilehri_ws/src/mobilehri2023/joy_teleop_keymapping': PYTHONPATH=/home/mobilehri/mobilehri_ws/build/joy_teleop_keymapping/prefix_override:/home/mobilehri/mobilehri_ws/install/joy_teleop_keymapping/lib/python3.10/site-packages:${PYTHONPATH} /usr/bin/python3 setup.py egg_info --egg-base ../../../build/joy_teleop_keymapping build --build-base /home/mobilehri/mobilehri_ws/build/joy_teleop_keymapping/build install --record /home/mobilehri/mobilehri_ws/build/joy_teleop_keymapping/install.log --single-version-externally-managed
[16.267s] DEBUG:colcon.colcon_core.event_handler.log_command:Invoking command in '/home/mobilehri/mobilehri_ws/src/my_package': PYTHONPATH=/home/mobilehri/mobilehri_ws/build/my_package/prefix_override:/home/mobilehri/mobilehri_ws/install/my_package/lib/python3.10/site-packages:${PYTHONPATH} /usr/bin/python3 setup.py egg_info --egg-base ../../build/my_package build --build-base /home/mobilehri/mobilehri_ws/build/my_package/build install --record /home/mobilehri/mobilehri_ws/build/my_package/install.log --single-version-externally-managed
[16.308s] DEBUG:colcon.colcon_core.event_handler.log_command:Invoking command in '/home/mobilehri/mobilehri_ws/src/mobilehri2023/mobile_robot_control': PYTHONPATH=/home/mobilehri/mobilehri_ws/build/mobile_robot_control/prefix_override:/home/mobilehri/mobilehri_ws/install/mobile_robot_control/lib/python3.10/site-packages:${PYTHONPATH} /usr/bin/python3 setup.py egg_info --egg-base ../../../build/mobile_robot_control build --build-base /home/mobilehri/mobilehri_ws/build/mobile_robot_control/build install --record /home/mobilehri/mobilehri_ws/build/mobile_robot_control/install.log --single-version-externally-managed
[16.337s] DEBUG:colcon.colcon_core.event_handler.log_command:Invoking command in '/home/mobilehri/mobilehri_ws/src/mobilehri2023/picamera': PYTHONPATH=/home/mobilehri/mobilehri_ws/build/picamera/prefix_override:/home/mobilehri/mobilehri_ws/install/picamera/lib/python3.10/site-packages:${PYTHONPATH} /usr/bin/python3 setup.py egg_info --egg-base ../../../build/picamera build --build-base /home/mobilehri/mobilehri_ws/build/picamera/build install --record /home/mobilehri/mobilehri_ws/build/picamera/install.log --single-version-externally-managed
[19.279s] DEBUG:colcon.colcon_core.event_handler.log_command:Invoked command in '/home/mobilehri/mobilehri_ws/src/mobilehri2023/joy_teleop_keymapping' returned '0': PYTHONPATH=/home/mobilehri/mobilehri_ws/build/joy_teleop_keymapping/prefix_override:/home/mobilehri/mobilehri_ws/install/joy_teleop_keymapping/lib/python3.10/site-packages:${PYTHONPATH} /usr/bin/python3 setup.py egg_info --egg-base ../../../build/joy_teleop_keymapping build --build-base /home/mobilehri/mobilehri_ws/build/joy_teleop_keymapping/build install --record /home/mobilehri/mobilehri_ws/build/joy_teleop_keymapping/install.log --single-version-externally-managed
[19.337s] Level 1:colcon.colcon_core.environment:checking '/home/mobilehri/mobilehri_ws/install/joy_teleop_keymapping' for CMake module files
[19.341s] Level 1:colcon.colcon_core.environment:checking '/home/mobilehri/mobilehri_ws/install/joy_teleop_keymapping' for CMake config files
[19.348s] Level 1:colcon.colcon_core.environment:checking '/home/mobilehri/mobilehri_ws/install/joy_teleop_keymapping/lib'
[19.349s] Level 1:colcon.colcon_core.environment:checking '/home/mobilehri/mobilehri_ws/install/joy_teleop_keymapping/bin'
[19.350s] Level 1:colcon.colcon_core.environment:checking '/home/mobilehri/mobilehri_ws/install/joy_teleop_keymapping/lib/pkgconfig/joy_teleop_keymapping.pc'
[19.351s] Level 1:colcon.colcon_core.environment:checking '/home/mobilehri/mobilehri_ws/install/joy_teleop_keymapping/lib/python3.10/site-packages'
[19.352s] Level 1:colcon.colcon_core.shell:create_environment_hook('joy_teleop_keymapping', 'pythonpath')
[19.361s] INFO:colcon.colcon_core.shell:Creating environment hook '/home/mobilehri/mobilehri_ws/install/joy_teleop_keymapping/share/joy_teleop_keymapping/hook/pythonpath.ps1'
[19.365s] INFO:colcon.colcon_core.shell:Creating environment descriptor '/home/mobilehri/mobilehri_ws/install/joy_teleop_keymapping/share/joy_teleop_keymapping/hook/pythonpath.dsv'
[19.369s] INFO:colcon.colcon_core.shell:Creating environment hook '/home/mobilehri/mobilehri_ws/install/joy_teleop_keymapping/share/joy_teleop_keymapping/hook/pythonpath.sh'
[19.373s] Level 1:colcon.colcon_core.environment:checking '/home/mobilehri/mobilehri_ws/install/joy_teleop_keymapping/bin'
[19.374s] Level 1:colcon.colcon_core.environment:create_environment_scripts_only(joy_teleop_keymapping)
[19.385s] INFO:colcon.colcon_core.shell:Creating package script '/home/mobilehri/mobilehri_ws/install/joy_teleop_keymapping/share/joy_teleop_keymapping/package.ps1'
[19.393s] INFO:colcon.colcon_core.shell:Creating package descriptor '/home/mobilehri/mobilehri_ws/install/joy_teleop_keymapping/share/joy_teleop_keymapping/package.dsv'
[19.397s] INFO:colcon.colcon_core.shell:Creating package script '/home/mobilehri/mobilehri_ws/install/joy_teleop_keymapping/share/joy_teleop_keymapping/package.sh'
[19.403s] INFO:colcon.colcon_core.shell:Creating package script '/home/mobilehri/mobilehri_ws/install/joy_teleop_keymapping/share/joy_teleop_keymapping/package.bash'
[19.409s] INFO:colcon.colcon_core.shell:Creating package script '/home/mobilehri/mobilehri_ws/install/joy_teleop_keymapping/share/joy_teleop_keymapping/package.zsh'
[19.415s] Level 1:colcon.colcon_core.environment:create_file_with_runtime_dependencies(/home/mobilehri/mobilehri_ws/install/joy_teleop_keymapping/share/colcon-core/packages/joy_teleop_keymapping)
[19.423s] INFO:colcon.colcon_ros.task.ament_cmake.build:Building ROS package in '/home/mobilehri/mobilehri_ws/src/mobilehri2023/ydlidar_ros2_driver' with build type 'ament_cmake'
[19.424s] INFO:colcon.colcon_cmake.task.cmake.build:Building CMake package in '/home/mobilehri/mobilehri_ws/src/mobilehri2023/ydlidar_ros2_driver'
[19.437s] INFO:colcon.colcon_core.shell:Skip shell extension 'powershell' for command environment: Not usable outside of PowerShell
[19.440s] DEBUG:colcon.colcon_core.shell:Skip shell extension 'dsv' for command environment
[19.496s] DEBUG:colcon.colcon_core.event_handler.log_command:Invoked command in '/home/mobilehri/mobilehri_ws/src/mobilehri2023/mobile_robot_control' returned '0': PYTHONPATH=/home/mobilehri/mobilehri_ws/build/mobile_robot_control/prefix_override:/home/mobilehri/mobilehri_ws/install/mobile_robot_control/lib/python3.10/site-packages:${PYTHONPATH} /usr/bin/python3 setup.py egg_info --egg-base ../../../build/mobile_robot_control build --build-base /home/mobilehri/mobilehri_ws/build/mobile_robot_control/build install --record /home/mobilehri/mobilehri_ws/build/mobile_robot_control/install.log --single-version-externally-managed
[19.511s] Level 1:colcon.colcon_core.environment:checking '/home/mobilehri/mobilehri_ws/install/mobile_robot_control' for CMake module files
[19.515s] Level 1:colcon.colcon_core.environment:checking '/home/mobilehri/mobilehri_ws/install/mobile_robot_control' for CMake config files
[19.521s] Level 1:colcon.colcon_core.environment:checking '/home/mobilehri/mobilehri_ws/install/mobile_robot_control/lib'
[19.522s] Level 1:colcon.colcon_core.environment:checking '/home/mobilehri/mobilehri_ws/install/mobile_robot_control/bin'
[19.522s] Level 1:colcon.colcon_core.environment:checking '/home/mobilehri/mobilehri_ws/install/mobile_robot_control/lib/pkgconfig/mobile_robot_control.pc'
[19.524s] Level 1:colcon.colcon_core.environment:checking '/home/mobilehri/mobilehri_ws/install/mobile_robot_control/lib/python3.10/site-packages'
[19.524s] Level 1:colcon.colcon_core.shell:create_environment_hook('mobile_robot_control', 'pythonpath')
[19.533s] INFO:colcon.colcon_core.shell:Creating environment hook '/home/mobilehri/mobilehri_ws/install/mobile_robot_control/share/mobile_robot_control/hook/pythonpath.ps1'
[19.536s] INFO:colcon.colcon_core.shell:Creating environment descriptor '/home/mobilehri/mobilehri_ws/install/mobile_robot_control/share/mobile_robot_control/hook/pythonpath.dsv'
[19.539s] INFO:colcon.colcon_core.shell:Creating environment hook '/home/mobilehri/mobilehri_ws/install/mobile_robot_control/share/mobile_robot_control/hook/pythonpath.sh'
[19.544s] Level 1:colcon.colcon_core.environment:checking '/home/mobilehri/mobilehri_ws/install/mobile_robot_control/bin'
[19.544s] Level 1:colcon.colcon_core.environment:create_environment_scripts_only(mobile_robot_control)
[19.554s] INFO:colcon.colcon_core.shell:Creating package script '/home/mobilehri/mobilehri_ws/install/mobile_robot_control/share/mobile_robot_control/package.ps1'
[19.557s] INFO:colcon.colcon_core.shell:Creating package descriptor '/home/mobilehri/mobilehri_ws/install/mobile_robot_control/share/mobile_robot_control/package.dsv'
[19.561s] INFO:colcon.colcon_core.shell:Creating package script '/home/mobilehri/mobilehri_ws/install/mobile_robot_control/share/mobile_robot_control/package.sh'
[19.565s] INFO:colcon.colcon_core.shell:Creating package script '/home/mobilehri/mobilehri_ws/install/mobile_robot_control/share/mobile_robot_control/package.bash'
[19.572s] INFO:colcon.colcon_core.shell:Creating package script '/home/mobilehri/mobilehri_ws/install/mobile_robot_control/share/mobile_robot_control/package.zsh'
[19.580s] Level 1:colcon.colcon_core.environment:create_file_with_runtime_dependencies(/home/mobilehri/mobilehri_ws/install/mobile_robot_control/share/colcon-core/packages/mobile_robot_control)
[19.611s] DEBUG:colcon.colcon_core.event_handler.log_command:Invoking command in '/home/mobilehri/mobilehri_ws/build/ydlidar_ros2_driver': CMAKE_PREFIX_PATH=/home/mobilehri/mobilehri_ws/install/picamera:/home/mobilehri/mobilehri_ws/install/my_package:/home/mobilehri/mobilehri_ws/install/mobile_robot_control:/home/mobilehri/mobilehri_ws/install/joy_teleop_keymapping:/opt/ros/humble /usr/bin/cmake /home/mobilehri/mobilehri_ws/src/mobilehri2023/ydlidar_ros2_driver -DCMAKE_INSTALL_PREFIX=/home/mobilehri/mobilehri_ws/install/ydlidar_ros2_driver
[20.540s] DEBUG:colcon.colcon_core.event_handler.log_command:Invoked command in '/home/mobilehri/mobilehri_ws/src/my_package' returned '0': PYTHONPATH=/home/mobilehri/mobilehri_ws/build/my_package/prefix_override:/home/mobilehri/mobilehri_ws/install/my_package/lib/python3.10/site-packages:${PYTHONPATH} /usr/bin/python3 setup.py egg_info --egg-base ../../build/my_package build --build-base /home/mobilehri/mobilehri_ws/build/my_package/build install --record /home/mobilehri/mobilehri_ws/build/my_package/install.log --single-version-externally-managed
[20.551s] Level 1:colcon.colcon_core.environment:checking '/home/mobilehri/mobilehri_ws/install/my_package' for CMake module files
[20.557s] Level 1:colcon.colcon_core.environment:checking '/home/mobilehri/mobilehri_ws/install/my_package' for CMake config files
[20.563s] Level 1:colcon.colcon_core.environment:checking '/home/mobilehri/mobilehri_ws/install/my_package/lib'
[20.564s] Level 1:colcon.colcon_core.environment:checking '/home/mobilehri/mobilehri_ws/install/my_package/bin'
[20.565s] Level 1:colcon.colcon_core.environment:checking '/home/mobilehri/mobilehri_ws/install/my_package/lib/pkgconfig/my_package.pc'
[20.567s] Level 1:colcon.colcon_core.environment:checking '/home/mobilehri/mobilehri_ws/install/my_package/lib/python3.10/site-packages'
[20.568s] Level 1:colcon.colcon_core.shell:create_environment_hook('my_package', 'pythonpath')
[20.582s] INFO:colcon.colcon_core.shell:Creating environment hook '/home/mobilehri/mobilehri_ws/install/my_package/share/my_package/hook/pythonpath.ps1'
[20.587s] INFO:colcon.colcon_core.shell:Creating environment descriptor '/home/mobilehri/mobilehri_ws/install/my_package/share/my_package/hook/pythonpath.dsv'
[20.592s] INFO:colcon.colcon_core.shell:Creating environment hook '/home/mobilehri/mobilehri_ws/install/my_package/share/my_package/hook/pythonpath.sh'
[20.601s] Level 1:colcon.colcon_core.environment:checking '/home/mobilehri/mobilehri_ws/install/my_package/bin'
[20.602s] Level 1:colcon.colcon_core.environment:create_environment_scripts_only(my_package)
[20.615s] INFO:colcon.colcon_core.shell:Creating package script '/home/mobilehri/mobilehri_ws/install/my_package/share/my_package/package.ps1'
[20.619s] INFO:colcon.colcon_core.shell:Creating package descriptor '/home/mobilehri/mobilehri_ws/install/my_package/share/my_package/package.dsv'
[20.627s] INFO:colcon.colcon_core.shell:Creating package script '/home/mobilehri/mobilehri_ws/install/my_package/share/my_package/package.sh'
[20.632s] INFO:colcon.colcon_core.shell:Creating package script '/home/mobilehri/mobilehri_ws/install/my_package/share/my_package/package.bash'
[20.636s] INFO:colcon.colcon_core.shell:Creating package script '/home/mobilehri/mobilehri_ws/install/my_package/share/my_package/package.zsh'
[20.640s] Level 1:colcon.colcon_core.environment:create_file_with_runtime_dependencies(/home/mobilehri/mobilehri_ws/install/my_package/share/colcon-core/packages/my_package)
[20.658s] DEBUG:colcon.colcon_core.event_handler.log_command:Invoked command in '/home/mobilehri/mobilehri_ws/src/mobilehri2023/picamera' returned '0': PYTHONPATH=/home/mobilehri/mobilehri_ws/build/picamera/prefix_override:/home/mobilehri/mobilehri_ws/install/picamera/lib/python3.10/site-packages:${PYTHONPATH} /usr/bin/python3 setup.py egg_info --egg-base ../../../build/picamera build --build-base /home/mobilehri/mobilehri_ws/build/picamera/build install --record /home/mobilehri/mobilehri_ws/build/picamera/install.log --single-version-externally-managed
[20.669s] Level 1:colcon.colcon_core.environment:checking '/home/mobilehri/mobilehri_ws/install/picamera' for CMake module files
[20.674s] Level 1:colcon.colcon_core.environment:checking '/home/mobilehri/mobilehri_ws/install/picamera' for CMake config files
[20.680s] Level 1:colcon.colcon_core.environment:checking '/home/mobilehri/mobilehri_ws/install/picamera/lib'
[20.681s] Level 1:colcon.colcon_core.environment:checking '/home/mobilehri/mobilehri_ws/install/picamera/bin'
[20.682s] Level 1:colcon.colcon_core.environment:checking '/home/mobilehri/mobilehri_ws/install/picamera/lib/pkgconfig/picamera.pc'
[20.684s] Level 1:colcon.colcon_core.environment:checking '/home/mobilehri/mobilehri_ws/install/picamera/lib/python3.10/site-packages'
[20.685s] Level 1:colcon.colcon_core.shell:create_environment_hook('picamera', 'pythonpath')
[20.696s] INFO:colcon.colcon_core.shell:Creating environment hook '/home/mobilehri/mobilehri_ws/install/picamera/share/picamera/hook/pythonpath.ps1'
[20.698s] INFO:colcon.colcon_core.shell:Creating environment descriptor '/home/mobilehri/mobilehri_ws/install/picamera/share/picamera/hook/pythonpath.dsv'
[20.701s] INFO:colcon.colcon_core.shell:Creating environment hook '/home/mobilehri/mobilehri_ws/install/picamera/share/picamera/hook/pythonpath.sh'
[20.706s] Level 1:colcon.colcon_core.environment:checking '/home/mobilehri/mobilehri_ws/install/picamera/bin'
[20.706s] Level 1:colcon.colcon_core.environment:create_environment_scripts_only(picamera)
[20.715s] INFO:colcon.colcon_core.shell:Creating package script '/home/mobilehri/mobilehri_ws/install/picamera/share/picamera/package.ps1'
[20.718s] INFO:colcon.colcon_core.shell:Creating package descriptor '/home/mobilehri/mobilehri_ws/install/picamera/share/picamera/package.dsv'
[20.723s] INFO:colcon.colcon_core.shell:Creating package script '/home/mobilehri/mobilehri_ws/install/picamera/share/picamera/package.sh'
[20.729s] INFO:colcon.colcon_core.shell:Creating package script '/home/mobilehri/mobilehri_ws/install/picamera/share/picamera/package.bash'
[20.732s] INFO:colcon.colcon_core.shell:Creating package script '/home/mobilehri/mobilehri_ws/install/picamera/share/picamera/package.zsh'
[20.735s] Level 1:colcon.colcon_core.environment:create_file_with_runtime_dependencies(/home/mobilehri/mobilehri_ws/install/picamera/share/colcon-core/packages/picamera)
[25.734s] DEBUG:colcon.colcon_core.event_handler.log_command:Invoked command in '/home/mobilehri/mobilehri_ws/build/ydlidar_ros2_driver' returned '1': CMAKE_PREFIX_PATH=/home/mobilehri/mobilehri_ws/install/picamera:/home/mobilehri/mobilehri_ws/install/my_package:/home/mobilehri/mobilehri_ws/install/mobile_robot_control:/home/mobilehri/mobilehri_ws/install/joy_teleop_keymapping:/opt/ros/humble /usr/bin/cmake /home/mobilehri/mobilehri_ws/src/mobilehri2023/ydlidar_ros2_driver -DCMAKE_INSTALL_PREFIX=/home/mobilehri/mobilehri_ws/install/ydlidar_ros2_driver
[25.785s] Level 1:colcon.colcon_core.environment:create_environment_scripts_only(ydlidar_ros2_driver)
[25.796s] Level 1:colcon.colcon_core.environment:checking '/home/mobilehri/mobilehri_ws/install/ydlidar_ros2_driver' for CMake module files
[25.799s] Level 1:colcon.colcon_core.environment:checking '/home/mobilehri/mobilehri_ws/install/ydlidar_ros2_driver' for CMake config files
[25.802s] Level 1:colcon.colcon_core.environment:checking '/home/mobilehri/mobilehri_ws/install/ydlidar_ros2_driver/bin'
[25.802s] Level 1:colcon.colcon_core.environment:checking '/home/mobilehri/mobilehri_ws/install/ydlidar_ros2_driver/lib/pkgconfig/ydlidar_ros2_driver.pc'
[25.803s] Level 1:colcon.colcon_core.environment:checking '/home/mobilehri/mobilehri_ws/install/ydlidar_ros2_driver/lib/python3.10/site-packages'
[25.804s] Level 1:colcon.colcon_core.environment:checking '/home/mobilehri/mobilehri_ws/install/ydlidar_ros2_driver/bin'
[25.811s] INFO:colcon.colcon_core.shell:Creating package script '/home/mobilehri/mobilehri_ws/install/ydlidar_ros2_driver/share/ydlidar_ros2_driver/package.ps1'
[25.814s] INFO:colcon.colcon_core.shell:Creating package descriptor '/home/mobilehri/mobilehri_ws/install/ydlidar_ros2_driver/share/ydlidar_ros2_driver/package.dsv'
[25.816s] INFO:colcon.colcon_core.shell:Creating package script '/home/mobilehri/mobilehri_ws/install/ydlidar_ros2_driver/share/ydlidar_ros2_driver/package.sh'
[25.819s] INFO:colcon.colcon_core.shell:Creating package script '/home/mobilehri/mobilehri_ws/install/ydlidar_ros2_driver/share/ydlidar_ros2_driver/package.bash'
[25.822s] INFO:colcon.colcon_core.shell:Creating package script '/home/mobilehri/mobilehri_ws/install/ydlidar_ros2_driver/share/ydlidar_ros2_driver/package.zsh'
[25.826s] Level 1:colcon.colcon_core.environment:create_file_with_runtime_dependencies(/home/mobilehri/mobilehri_ws/install/ydlidar_ros2_driver/share/colcon-core/packages/ydlidar_ros2_driver)
[25.839s] DEBUG:colcon.colcon_parallel_executor.executor.parallel:closing loop
[25.840s] DEBUG:colcon.colcon_parallel_executor.executor.parallel:loop closed
[25.841s] DEBUG:colcon.colcon_parallel_executor.executor.parallel:run_until_complete finished with '1'
[25.841s] DEBUG:colcon.colcon_core.event_reactor:joining thread
[25.882s] INFO:colcon.colcon_core.plugin_system:Skipping extension 'colcon_notification.desktop_notification.terminal_notifier': Not used on non-Darwin systems
[25.883s] INFO:colcon.colcon_core.plugin_system:Skipping extension 'colcon_notification.desktop_notification.win32': Not used on non-Windows systems
[25.883s] INFO:colcon.colcon_notification.desktop_notification:Sending desktop notification using 'notify2'
[50.911s] DEBUG:colcon.colcon_notification.desktop_notification.notify2:Failed to initialize notify2: org.freedesktop.DBus.Error.NoReply: Did not receive a reply. Possible causes include: the remote application did not send a reply, the message bus security policy blocked the reply, the reply timeout expired, or the network connection was broken.
[50.912s] DEBUG:colcon.colcon_core.event_reactor:joined thread
[50.921s] INFO:colcon.colcon_core.shell:Creating prefix script '/home/mobilehri/mobilehri_ws/install/local_setup.ps1'
[50.926s] INFO:colcon.colcon_core.shell:Creating prefix util module '/home/mobilehri/mobilehri_ws/install/_local_setup_util_ps1.py'
[50.933s] INFO:colcon.colcon_core.shell:Creating prefix chain script '/home/mobilehri/mobilehri_ws/install/setup.ps1'
[50.941s] INFO:colcon.colcon_core.shell:Creating prefix script '/home/mobilehri/mobilehri_ws/install/local_setup.sh'
[50.944s] INFO:colcon.colcon_core.shell:Creating prefix util module '/home/mobilehri/mobilehri_ws/install/_local_setup_util_sh.py'
[50.947s] INFO:colcon.colcon_core.shell:Creating prefix chain script '/home/mobilehri/mobilehri_ws/install/setup.sh'
[50.956s] INFO:colcon.colcon_core.shell:Creating prefix script '/home/mobilehri/mobilehri_ws/install/local_setup.bash'
[50.959s] INFO:colcon.colcon_core.shell:Creating prefix chain script '/home/mobilehri/mobilehri_ws/install/setup.bash'
[50.968s] INFO:colcon.colcon_core.shell:Creating prefix script '/home/mobilehri/mobilehri_ws/install/local_setup.zsh'
[50.971s] INFO:colcon.colcon_core.shell:Creating prefix chain script '/home/mobilehri/mobilehri_ws/install/setup.zsh'
