[12.382s] Invoking command in '/home/mobilehri/mobilehri_ws/src/mobilehri2023/joy_teleop_keymapping': PYTHONPATH=/home/mobilehri/mobilehri_ws/build/joy_teleop_keymapping/prefix_override:/home/mobilehri/mobilehri_ws/install/joy_teleop_keymapping/lib/python3.10/site-packages:${PYTHONPATH} /usr/bin/python3 setup.py egg_info --egg-base ../../../build/joy_teleop_keymapping build --build-base /home/mobilehri/mobilehri_ws/build/joy_teleop_keymapping/build install --record /home/mobilehri/mobilehri_ws/build/joy_teleop_keymapping/install.log --single-version-externally-managed
[15.434s] running egg_info
[15.472s] writing ../../../build/joy_teleop_keymapping/joy_teleop_keymapping.egg-info/PKG-INFO
[15.474s] writing dependency_links to ../../../build/joy_teleop_keymapping/joy_teleop_keymapping.egg-info/dependency_links.txt
[15.475s] writing entry points to ../../../build/joy_teleop_keymapping/joy_teleop_keymapping.egg-info/entry_points.txt
[15.476s] writing requirements to ../../../build/joy_teleop_keymapping/joy_teleop_keymapping.egg-info/requires.txt
[15.477s] writing top-level names to ../../../build/joy_teleop_keymapping/joy_teleop_keymapping.egg-info/top_level.txt
[15.484s] reading manifest file '../../../build/joy_teleop_keymapping/joy_teleop_keymapping.egg-info/SOURCES.txt'
[15.485s] writing manifest file '../../../build/joy_teleop_keymapping/joy_teleop_keymapping.egg-info/SOURCES.txt'
[15.486s] running build
[15.486s] running build_py
[15.487s] running install
[15.487s] running install_lib
[15.491s] /usr/lib/python3/dist-packages/setuptools/command/install.py:34: SetuptoolsDeprecationWarning: setup.py install is deprecated. Use build and pip and other standards-based tools.
[15.492s]   warnings.warn(
[15.493s] running install_data
[15.494s] running install_egg_info
[15.494s] removing '/home/mobilehri/mobilehri_ws/install/joy_teleop_keymapping/lib/python3.10/site-packages/joy_teleop_keymapping-0.0.0-py3.10.egg-info' (and everything under it)
[15.495s] Copying ../../../build/joy_teleop_keymapping/joy_teleop_keymapping.egg-info to /home/mobilehri/mobilehri_ws/install/joy_teleop_keymapping/lib/python3.10/site-packages/joy_teleop_keymapping-0.0.0-py3.10.egg-info
[15.495s] running install_scripts
[15.747s] Installing keymapping_node script to /home/mobilehri/mobilehri_ws/install/joy_teleop_keymapping/lib/joy_teleop_keymapping
[15.794s] writing list of installed files to '/home/mobilehri/mobilehri_ws/build/joy_teleop_keymapping/install.log'
[15.958s] Invoked command in '/home/mobilehri/mobilehri_ws/src/mobilehri2023/joy_teleop_keymapping' returned '0': PYTHONPATH=/home/mobilehri/mobilehri_ws/build/joy_teleop_keymapping/prefix_override:/home/mobilehri/mobilehri_ws/install/joy_teleop_keymapping/lib/python3.10/site-packages:${PYTHONPATH} /usr/bin/python3 setup.py egg_info --egg-base ../../../build/joy_teleop_keymapping build --build-base /home/mobilehri/mobilehri_ws/build/joy_teleop_keymapping/build install --record /home/mobilehri/mobilehri_ws/build/joy_teleop_keymapping/install.log --single-version-externally-managed
