[0.072s] Invoking command in '/home/mobilehri/mobilehri_ws/build/ydlidar_ros2_driver': CMAKE_PREFIX_PATH=/opt/ros/humble /usr/bin/cmake /home/mobilehri/mobilehri_ws/src/mobilehri2023/ydlidar_ros2_driver -DCMAKE_INSTALL_PREFIX=/home/mobilehri/mobilehri_ws/install/ydlidar_ros2_driver
[0.278s] -- Found ament_cmake: 1.3.3 (/opt/ros/humble/share/ament_cmake/cmake)
[2.037s] -- Found rclcpp: 16.0.2 (/opt/ros/humble/share/rclcpp/cmake)
[2.394s] -- Found rosidl_generator_c: 3.1.4 (/opt/ros/humble/share/rosidl_generator_c/cmake)
[2.407s] -- Found rosidl_adapter: 3.1.4 (/opt/ros/humble/share/rosidl_adapter/cmake)
[2.476s] -- Found rosidl_generator_cpp: 3.1.4 (/opt/ros/humble/share/rosidl_generator_cpp/cmake)
[2.603s] -- Using all available rosidl_typesupport_c: rosidl_typesupport_fastrtps_c;rosidl_typesupport_introspection_c
[2.716s] -- Using all available rosidl_typesupport_cpp: rosidl_typesupport_fastrtps_cpp;rosidl_typesupport_introspection_cpp
[3.053s] -- Found rmw_implementation_cmake: 6.1.1 (/opt/ros/humble/share/rmw_implementation_cmake/cmake)
[3.060s] -- Found rmw_fastrtps_cpp: 6.2.2 (/opt/ros/humble/share/rmw_fastrtps_cpp/cmake)
[4.500s] -- Using RMW implementation 'rmw_fastrtps_cpp' as default
[5.313s] -- Found sensor_msgs: 4.2.2 (/opt/ros/humble/share/sensor_msgs/cmake)
[5.961s] -- Found visualization_msgs: 4.2.2 (/opt/ros/humble/share/visualization_msgs/cmake)
[6.499s] -- Found std_srvs: 4.2.2 (/opt/ros/humble/share/std_srvs/cmake)
[6.833s] [31mCMake Error at CMakeLists.txt:25 (find_package):
[6.834s]   By not providing "Findydlidar_sdk.cmake" in CMAKE_MODULE_PATH this project
[6.835s]   has asked CMake to find a package configuration file provided by
[6.835s]   "ydlidar_sdk", but CMake did not find one.
[6.836s] 
[6.836s]   Could not find a package configuration file provided by "ydlidar_sdk" with
[6.837s]   any of the following names:
[6.837s] 
[6.838s]     ydlidar_sdkConfig.cmake
[6.838s]     ydlidar_sdk-config.cmake
[6.839s] 
[6.840s]   Add the installation prefix of "ydlidar_sdk" to CMAKE_PREFIX_PATH or set
[6.840s]   "ydlidar_sdk_DIR" to a directory containing one of the above files.  If
[6.841s]   "ydlidar_sdk" provides a separate development package or SDK, be sure it
[6.841s]   has been installed.
[6.842s] 
[6.842s] [0m
[6.843s] -- Configuring incomplete, errors occurred!
[6.845s] See also "/home/mobilehri/mobilehri_ws/build/ydlidar_ros2_driver/CMakeFiles/CMakeOutput.log".
[6.869s] Invoked command in '/home/mobilehri/mobilehri_ws/build/ydlidar_ros2_driver' returned '1': CMAKE_PREFIX_PATH=/opt/ros/humble /usr/bin/cmake /home/mobilehri/mobilehri_ws/src/mobilehri2023/ydlidar_ros2_driver -DCMAKE_INSTALL_PREFIX=/home/mobilehri/mobilehri_ws/install/ydlidar_ros2_driver
